<?xml version="1.0" encoding="utf-8" standalone="no"?>
<test-results xmlns:xsi="http://www.w3.org/2001/XMLSchema-instance" xsi:noNamespaceSchemaLocation="nunit_schema_2.5.xsd" name="Pester" total="1004" errors="0" failures="9" not-run="0" inconclusive="0" ignored="2" skipped="0" invalid="0" date="2018-11-08" time="11:23:19">
  <environment user="Claudio" machine-name="CLMA1040" cwd="D:\_Studium\zSemester5\SA\GitRepo\SourceCode" user-domain="CLMA1040" platform="Microsoft Windows 10 Pro|C:\Windows|\Device\Harddisk0\Partition4" nunit-version="2.5.8.0" os-version="10.0.17134" clr-version="4.0.30319.42000" />
  <culture-info current-culture="en-US" current-uiculture="en-US" />
  <test-suite type="TestFixture" name="Pester" executed="True" result="Failure" success="False" time="184.3845" asserts="0" description="Pester">
    <results>
      <test-suite type="TestFixture" name="D:\_Studium\zSemester5\SA\GitRepo\SourceCode\Pester\Dependencies\Format\Format.Tests.ps1" executed="True" result="Success" success="True" time="2.8592" asserts="0" description="D:\_Studium\zSemester5\SA\GitRepo\SourceCode\Pester\Dependencies\Format\Format.Tests.ps1">
        <results>
          <test-suite type="TestFixture" name="Format-Collection" executed="True" result="Success" success="True" time="1.0952" asserts="0" description="Format-Collection">
            <results>
              <test-suite type="ParameterizedTest" name="Format-Collection.Formats collection of values '&lt;value&gt;' to '&lt;expected&gt;' using comma separator" executed="True" result="Success" success="True" time="1.0952" asserts="0" description="Formats collection of values '&lt;value&gt;' to '&lt;expected&gt;' using comma separator">
                <results>
                  <test-case description="Formats collection of values '@(1, 2, 3)' to '@(1, 2, 3)' using comma separator" name="Format-Collection.Formats collection of values '@(1, 2, 3)' to '@(1, 2, 3)' using comma separator" time="1.0952" asserts="0" success="True" result="Success" executed="True" />
                </results>
              </test-suite>
            </results>
          </test-suite>
          <test-suite type="TestFixture" name="Format-Number" executed="True" result="Success" success="True" time="0.5308" asserts="0" description="Format-Number">
            <results>
              <test-suite type="ParameterizedTest" name="Format-Number.Formats number to use . separator (tests anything only on non-english systems --todo)" executed="True" result="Success" success="True" time="0.5308" asserts="0" description="Formats number to use . separator (tests anything only on non-english systems --todo)">
                <results>
                  <test-case description="Formats number to use . separator (tests anything only on non-english systems --todo)" name="Format-Number.Formats number to use . separator (tests anything only on non-english systems --todo)(1.1)" time="0.4731" asserts="0" success="True" result="Success" executed="True" />
                  <test-case description="Formats number to use . separator (tests anything only on non-english systems --todo)" name="Format-Number.Formats number to use . separator (tests anything only on non-english systems --todo)(1.1)" time="0.0142" asserts="0" success="True" result="Success" executed="True" />
                  <test-case description="Formats number to use . separator (tests anything only on non-english systems --todo)" name="Format-Number.Formats number to use . separator (tests anything only on non-english systems --todo)(1.1)" time="0.0142" asserts="0" success="True" result="Success" executed="True" />
                  <test-case description="Formats number to use . separator (tests anything only on non-english systems --todo)" name="Format-Number.Formats number to use . separator (tests anything only on non-english systems --todo)(1.1)" time="0.0107" asserts="0" success="True" result="Success" executed="True" />
                  <test-case description="Formats number to use . separator (tests anything only on non-english systems --todo)" name="Format-Number.Formats number to use . separator (tests anything only on non-english systems --todo)(1.1)" time="0.0185" asserts="0" success="True" result="Success" executed="True" />
                </results>
              </test-suite>
            </results>
          </test-suite>
          <test-suite type="TestFixture" name="Format-Boolean" executed="True" result="Success" success="True" time="0.0743" asserts="0" description="Format-Boolean">
            <results>
              <test-suite type="ParameterizedTest" name="Format-Boolean.Formats boolean '&lt;value&gt;' to '&lt;expected&gt;'" executed="True" result="Success" success="True" time="0.0743" asserts="0" description="Formats boolean '&lt;value&gt;' to '&lt;expected&gt;'">
                <results>
                  <test-case description="Formats boolean '$true' to '$true'" name="Format-Boolean.Formats boolean '$true' to '$true'" time="0.0638" asserts="0" success="True" result="Success" executed="True" />
                  <test-case description="Formats boolean '$false' to '$false'" name="Format-Boolean.Formats boolean '$false' to '$false'" time="0.0105" asserts="0" success="True" result="Success" executed="True" />
                </results>
              </test-suite>
            </results>
          </test-suite>
          <test-suite type="TestFixture" name="Format-Null" executed="True" result="Success" success="True" time="0.0625" asserts="0" description="Format-Null">
            <results>
              <test-case description="Formats null to '$null'" name="Format-Null.Formats null to '$null'" time="0.0625" asserts="0" success="True" result="Success" executed="True" />
            </results>
          </test-suite>
          <test-suite type="TestFixture" name="Format-String" executed="True" result="Success" success="True" time="0.0939" asserts="0" description="Format-String">
            <results>
              <test-case description="Formats empty string to '&lt;empty&gt;'" name="Format-String.Formats empty string to '&lt;empty&gt;'" time="0.066" asserts="0" success="True" result="Success" executed="True" />
              <test-case description="Formats string to be sorrounded by quotes" name="Format-String.Formats string to be sorrounded by quotes" time="0.028" asserts="0" success="True" result="Success" executed="True" />
            </results>
          </test-suite>
          <test-suite type="TestFixture" name="Format-DateTime" executed="True" result="Success" success="True" time="0.0922" asserts="0" description="Format-DateTime">
            <results>
              <test-case description="Formats date to orderable format with ticks" name="Format-DateTime.Formats date to orderable format with ticks" time="0.0922" asserts="0" success="True" result="Success" executed="True" />
            </results>
          </test-suite>
          <test-suite type="TestFixture" name="Format-ScriptBlock" executed="True" result="Success" success="True" time="0.0797" asserts="0" description="Format-ScriptBlock">
            <results>
              <test-case description="Formats scriptblock as string with curly braces" name="Format-ScriptBlock.Formats scriptblock as string with curly braces" time="0.0797" asserts="0" success="True" result="Success" executed="True" />
            </results>
          </test-suite>
          <test-suite type="TestFixture" name="Format-Nicely" executed="True" result="Success" success="True" time="0.2524" asserts="0" description="Format-Nicely">
            <results>
              <test-suite type="ParameterizedTest" name="Format-Nicely.Formats value '&lt;value&gt;' correctly to '&lt;expected&gt;'" executed="True" result="Success" success="True" time="0.2524" asserts="0" description="Formats value '&lt;value&gt;' correctly to '&lt;expected&gt;'">
                <results>
                  <test-case description="Formats value '$null' correctly to '$null'" name="Format-Nicely.Formats value '$null' correctly to '$null'" time="0.0936" asserts="0" success="True" result="Success" executed="True" />
                  <test-case description="Formats value '$true' correctly to '$true'" name="Format-Nicely.Formats value '$true' correctly to '$true'" time="0.0104" asserts="0" success="True" result="Success" executed="True" />
                  <test-case description="Formats value '$false' correctly to '$false'" name="Format-Nicely.Formats value '$false' correctly to '$false'" time="0.0117" asserts="0" success="True" result="Success" executed="True" />
                  <test-case description="Formats value 'a' correctly to ''a''" name="Format-Nicely.Formats value 'a' correctly to ''a''" time="0.016" asserts="0" success="True" result="Success" executed="True" />
                  <test-case description="Formats value '&lt;empty&gt;' correctly to '&lt;empty&gt;'" name="Format-Nicely.Formats value '&lt;empty&gt;' correctly to '&lt;empty&gt;'" time="0.0171" asserts="0" success="True" result="Success" executed="True" />
                  <test-case description="Formats value '2018-02-18T17:35:41.8385266' correctly to '2018-02-18T17:35:41.8385266'" name="Format-Nicely.Formats value '2018-02-18T17:35:41.8385266' correctly to '2018-02-18T17:35:41.8385266'" time="0.0192" asserts="0" success="True" result="Success" executed="True" />
                  <test-case description="Formats value '1' correctly to '1'" name="Format-Nicely.Formats value '1' correctly to '1'" time="0.0274" asserts="0" success="True" result="Success" executed="True" />
                  <test-case description="Formats value '@(1, 2, 3)' correctly to '@(1, 2, 3)'" name="Format-Nicely.Formats value '@(1, 2, 3)' correctly to '@(1, 2, 3)'" time="0.0162" asserts="0" success="True" result="Success" executed="True" />
                  <test-case description="Formats value '1.1' correctly to '1.1'" name="Format-Nicely.Formats value '1.1' correctly to '1.1'" time="0.0127" asserts="0" success="True" result="Success" executed="True" />
                  <test-case description="Formats value '[int]' correctly to '[int]'" name="Format-Nicely.Formats value '[int]' correctly to '[int]'" time="0.0283" asserts="0" success="True" result="Success" executed="True" />
                </results>
              </test-suite>
            </results>
          </test-suite>
          <test-suite type="TestFixture" name="Format-Type" executed="True" result="Success" success="True" time="0.1479" asserts="0" description="Format-Type">
            <results>
              <test-suite type="ParameterizedTest" name="Format-Type.Given '&lt;value&gt;' it returns the correct shortened type name '&lt;expected&gt;'" executed="True" result="Success" success="True" time="0.1479" asserts="0" description="Given '&lt;value&gt;' it returns the correct shortened type name '&lt;expected&gt;'">
                <results>
                  <test-case description="Given '[int]' it returns the correct shortened type name 'int'" name="Format-Type.Given '[int]' it returns the correct shortened type name 'int'" time="0.0833" asserts="0" success="True" result="Success" executed="True" />
                  <test-case description="Given '[double]' it returns the correct shortened type name 'double'" name="Format-Type.Given '[double]' it returns the correct shortened type name 'double'" time="0.0179" asserts="0" success="True" result="Success" executed="True" />
                  <test-case description="Given '[string]' it returns the correct shortened type name 'string'" name="Format-Type.Given '[string]' it returns the correct shortened type name 'string'" time="0.0297" asserts="0" success="True" result="Success" executed="True" />
                  <test-case description="Given '$null' it returns the correct shortened type name '&lt;none&gt;'" name="Format-Type.Given '$null' it returns the correct shortened type name '&lt;none&gt;'" time="0.017" asserts="0" success="True" result="Success" executed="True" />
                </results>
              </test-suite>
            </results>
          </test-suite>
          <test-suite type="TestFixture" name="Get-ShortType" executed="True" result="Success" success="True" time="0.4302" asserts="0" description="Get-ShortType">
            <results>
              <test-suite type="ParameterizedTest" name="Get-ShortType.Given '&lt;value&gt;' it returns the correct shortened type name '&lt;expected&gt;'" executed="True" result="Success" success="True" time="0.4302" asserts="0" description="Given '&lt;value&gt;' it returns the correct shortened type name '&lt;expected&gt;'">
                <results>
                  <test-case description="Given '1' it returns the correct shortened type name 'int'" name="Get-ShortType.Given '1' it returns the correct shortened type name 'int'" time="0.1793" asserts="0" success="True" result="Success" executed="True" />
                  <test-case description="Given '1.1' it returns the correct shortened type name 'double'" name="Get-ShortType.Given '1.1' it returns the correct shortened type name 'double'" time="0.0336" asserts="0" success="True" result="Success" executed="True" />
                  <test-case description="Given 'a' it returns the correct shortened type name 'string'" name="Get-ShortType.Given 'a' it returns the correct shortened type name 'string'" time="0.0414" asserts="0" success="True" result="Success" executed="True" />
                  <test-case description="Given '$null' it returns the correct shortened type name '&lt;none&gt;'" name="Get-ShortType.Given '$null' it returns the correct shortened type name '&lt;none&gt;'" time="0.035" asserts="0" success="True" result="Success" executed="True" />
                  <test-case description="Given '@{Name=Jakub}' it returns the correct shortened type name 'PSObject'" name="Get-ShortType.Given '@{Name=Jakub}' it returns the correct shortened type name 'PSObject'" time="0.0748" asserts="0" success="True" result="Success" executed="True" />
                  <test-case description="Given '@(1, 2, 3)' it returns the correct shortened type name 'collection'" name="Get-ShortType.Given '@(1, 2, 3)' it returns the correct shortened type name 'collection'" time="0.066" asserts="0" success="True" result="Success" executed="True" />
                </results>
              </test-suite>
            </results>
          </test-suite>
        </results>
      </test-suite>
      <test-suite type="TestFixture" name="D:\_Studium\zSemester5\SA\GitRepo\SourceCode\Pester\Dependencies\TypeClass\TypeClass.Tests.ps1" executed="True" result="Success" success="True" time="1.9421" asserts="0" description="D:\_Studium\zSemester5\SA\GitRepo\SourceCode\Pester\Dependencies\TypeClass\TypeClass.Tests.ps1">
        <results>
          <test-suite type="TestFixture" name="Is-Value" executed="True" result="Success" success="True" time="0.5893" asserts="0" description="Is-Value">
            <results>
              <test-suite type="ParameterizedTest" name="Is-Value.Given '&lt;value&gt;', which is a value, string, enum, scriptblock or array with a single item of those types it returns $true" executed="True" result="Success" success="True" time="0.454" asserts="0" description="Given '&lt;value&gt;', which is a value, string, enum, scriptblock or array with a single item of those types it returns $true">
                <results>
                  <test-case description="Given '1', which is a value, string, enum, scriptblock or array with a single item of those types it returns $true" name="Is-Value.Given '1', which is a value, string, enum, scriptblock or array with a single item of those types it returns $true" time="0.3272" asserts="0" success="True" result="Success" executed="True" />
                  <test-case description="Given '2', which is a value, string, enum, scriptblock or array with a single item of those types it returns $true" name="Is-Value.Given '2', which is a value, string, enum, scriptblock or array with a single item of those types it returns $true" time="0.0144" asserts="0" success="True" result="Success" executed="True" />
                  <test-case description="Given '1.2', which is a value, string, enum, scriptblock or array with a single item of those types it returns $true" name="Is-Value.Given '1.2', which is a value, string, enum, scriptblock or array with a single item of those types it returns $true" time="0.0178" asserts="0" success="True" result="Success" executed="True" />
                  <test-case description="Given '1.3', which is a value, string, enum, scriptblock or array with a single item of those types it returns $true" name="Is-Value.Given '1.3', which is a value, string, enum, scriptblock or array with a single item of those types it returns $true" time="0.0103" asserts="0" success="True" result="Success" executed="True" />
                  <test-case description="Given 'abc', which is a value, string, enum, scriptblock or array with a single item of those types it returns $true" name="Is-Value.Given 'abc', which is a value, string, enum, scriptblock or array with a single item of those types it returns $true" time="0.0126" asserts="0" success="True" result="Success" executed="True" />
                  <test-case description="Given 'Monday', which is a value, string, enum, scriptblock or array with a single item of those types it returns $true" name="Is-Value.Given 'Monday', which is a value, string, enum, scriptblock or array with a single item of those types it returns $true" time="0.0198" asserts="0" success="True" result="Success" executed="True" />
                  <test-case description="Given 'abc', which is a value, string, enum, scriptblock or array with a single item of those types it returns $true" name="Is-Value.Given 'abc', which is a value, string, enum, scriptblock or array with a single item of those types it returns $true" time="0.0164" asserts="0" success="True" result="Success" executed="True" />
                  <test-case description="Given '1', which is a value, string, enum, scriptblock or array with a single item of those types it returns $true" name="Is-Value.Given '1', which is a value, string, enum, scriptblock or array with a single item of those types it returns $true" time="0.0189" asserts="0" success="True" result="Success" executed="True" />
                  <test-case description="Given '{abc}', which is a value, string, enum, scriptblock or array with a single item of those types it returns $true" name="Is-Value.Given '{abc}', which is a value, string, enum, scriptblock or array with a single item of those types it returns $true" time="0.0166" asserts="0" success="True" result="Success" executed="True" />
                </results>
              </test-suite>
              <test-case description="Given $null it returns $false" name="Is-Value.Given $null it returns $false" time="0.0236" asserts="0" success="True" result="Success" executed="True" />
              <test-suite type="ParameterizedTest" name="Is-Value.Given reference type (not string) '&lt;value&gt;' it returns $false" executed="True" result="Success" success="True" time="0.1117" asserts="0" description="Given reference type (not string) '&lt;value&gt;' it returns $false">
                <results>
                  <test-case description="Given reference type (not string) '@()' it returns $false" name="Is-Value.Given reference type (not string) '@()' it returns $false" time="0.0308" asserts="0" success="True" result="Success" executed="True" />
                  <test-case description="Given reference type (not string) '@(1, 2)' it returns $false" name="Is-Value.Given reference type (not string) '@(1, 2)' it returns $false" time="0.018" asserts="0" success="True" result="Success" executed="True" />
                  <test-case description="Given reference type (not string) 'System.Collections.Hashtable' it returns $false" name="Is-Value.Given reference type (not string) 'System.Collections.Hashtable' it returns $false" time="0.0148" asserts="0" success="True" result="Success" executed="True" />
                  <test-case description="Given reference type (not string) '[type]' it returns $false" name="Is-Value.Given reference type (not string) '[type]' it returns $false" time="0.0188" asserts="0" success="True" result="Success" executed="True" />
                  <test-case description="Given reference type (not string) 'System.Diagnostics.Process' it returns $false" name="Is-Value.Given reference type (not string) 'System.Diagnostics.Process' it returns $false" time="0.0293" asserts="0" success="True" result="Success" executed="True" />
                </results>
              </test-suite>
            </results>
          </test-suite>
          <test-suite type="TestFixture" name="Is-DecimalNumber" executed="True" result="Success" success="True" time="0.158" asserts="0" description="Is-DecimalNumber">
            <results>
              <test-suite type="ParameterizedTest" name="Is-DecimalNumber.Given a number it returns $true" executed="True" result="Success" success="True" time="0.1284" asserts="0" description="Given a number it returns $true">
                <results>
                  <test-case description="Given a number it returns $true" name="Is-DecimalNumber.Given a number it returns $true(1.1)" time="0.0773" asserts="0" success="True" result="Success" executed="True" />
                  <test-case description="Given a number it returns $true" name="Is-DecimalNumber.Given a number it returns $true(1.1)" time="0.0109" asserts="0" success="True" result="Success" executed="True" />
                  <test-case description="Given a number it returns $true" name="Is-DecimalNumber.Given a number it returns $true(1.1)" time="0.0147" asserts="0" success="True" result="Success" executed="True" />
                  <test-case description="Given a number it returns $true" name="Is-DecimalNumber.Given a number it returns $true(1.1)" time="0.0131" asserts="0" success="True" result="Success" executed="True" />
                  <test-case description="Given a number it returns $true" name="Is-DecimalNumber.Given a number it returns $true(1.1)" time="0.0124" asserts="0" success="True" result="Success" executed="True" />
                </results>
              </test-suite>
              <test-case description="Given a string it returns $false" name="Is-DecimalNumber.Given a string it returns $false" time="0.0296" asserts="0" success="True" result="Success" executed="True" />
            </results>
          </test-suite>
          <test-suite type="TestFixture" name="Is-ScriptBlock" executed="True" result="Success" success="True" time="0.1904" asserts="0" description="Is-ScriptBlock">
            <results>
              <test-suite type="ParameterizedTest" name="Is-ScriptBlock.Given a scriptblock '{&lt;value&gt;}' it returns $true" executed="True" result="Success" success="True" time="0.1112" asserts="0" description="Given a scriptblock '{&lt;value&gt;}' it returns $true">
                <results>
                  <test-case description="Given a scriptblock '{{}}' it returns $true" name="Is-ScriptBlock.Given a scriptblock '{{}}' it returns $true" time="0.0811" asserts="0" success="True" result="Success" executed="True" />
                  <test-case description="Given a scriptblock '{{abc}}' it returns $true" name="Is-ScriptBlock.Given a scriptblock '{{abc}}' it returns $true" time="0.0154" asserts="0" success="True" result="Success" executed="True" />
                  <test-case description="Given a scriptblock '{{ Get-Process }}' it returns $true" name="Is-ScriptBlock.Given a scriptblock '{{ Get-Process }}' it returns $true" time="0.0147" asserts="0" success="True" result="Success" executed="True" />
                </results>
              </test-suite>
              <test-suite type="ParameterizedTest" name="Is-ScriptBlock.Given a value '&lt;value&gt;' that is not a scriptblock it returns $false" executed="True" result="Success" success="True" time="0.0792" asserts="0" description="Given a value '&lt;value&gt;' that is not a scriptblock it returns $false">
                <results>
                  <test-case description="Given a value '$null' that is not a scriptblock it returns $false" name="Is-ScriptBlock.Given a value '$null' that is not a scriptblock it returns $false" time="0.0305" asserts="0" success="True" result="Success" executed="True" />
                  <test-case description="Given a value '1' that is not a scriptblock it returns $false" name="Is-ScriptBlock.Given a value '1' that is not a scriptblock it returns $false" time="0.0175" asserts="0" success="True" result="Success" executed="True" />
                  <test-case description="Given a value 'abc' that is not a scriptblock it returns $false" name="Is-ScriptBlock.Given a value 'abc' that is not a scriptblock it returns $false" time="0.0142" asserts="0" success="True" result="Success" executed="True" />
                  <test-case description="Given a value '[type]' that is not a scriptblock it returns $false" name="Is-ScriptBlock.Given a value '[type]' that is not a scriptblock it returns $false" time="0.0169" asserts="0" success="True" result="Success" executed="True" />
                </results>
              </test-suite>
            </results>
          </test-suite>
          <test-suite type="TestFixture" name="Is-Hashtable" executed="True" result="Success" success="True" time="0.1685" asserts="0" description="Is-Hashtable">
            <results>
              <test-suite type="ParameterizedTest" name="Is-Hashtable.Given hashtable '&lt;value&gt;' it returns $true" executed="True" result="Success" success="True" time="0.1175" asserts="0" description="Given hashtable '&lt;value&gt;' it returns $true">
                <results>
                  <test-case description="Given hashtable 'System.Collections.Hashtable' it returns $true" name="Is-Hashtable.Given hashtable 'System.Collections.Hashtable' it returns $true" time="0.0964" asserts="0" success="True" result="Success" executed="True" />
                  <test-case description="Given hashtable 'System.Collections.Hashtable' it returns $true" name="Is-Hashtable.Given hashtable 'System.Collections.Hashtable' it returns $true" time="0.0211" asserts="0" success="True" result="Success" executed="True" />
                </results>
              </test-suite>
              <test-suite type="ParameterizedTest" name="Is-Hashtable.Given a value '&lt;value&gt;' which is not a hashtable it returns $false" executed="True" result="Success" success="True" time="0.051" asserts="0" description="Given a value '&lt;value&gt;' which is not a hashtable it returns $false">
                <results>
                  <test-case description="Given a value 'Jakub' which is not a hashtable it returns $false" name="Is-Hashtable.Given a value 'Jakub' which is not a hashtable it returns $false" time="0.0314" asserts="0" success="True" result="Success" executed="True" />
                  <test-case description="Given a value '@(1, 2, 3, 4)' which is not a hashtable it returns $false" name="Is-Hashtable.Given a value '@(1, 2, 3, 4)' which is not a hashtable it returns $false" time="0.0196" asserts="0" success="True" result="Success" executed="True" />
                </results>
              </test-suite>
            </results>
          </test-suite>
          <test-suite type="TestFixture" name="Is-Dictionary" executed="True" result="Success" success="True" time="0.1863" asserts="0" description="Is-Dictionary">
            <results>
              <test-suite type="ParameterizedTest" name="Is-Dictionary.Given dictionary '&lt;value&gt;' it returns $true" executed="True" result="Success" success="True" time="0.1414" asserts="0" description="Given dictionary '&lt;value&gt;' it returns $true">
                <results>
                  <test-case description="Given dictionary 'System.Collections.Generic.Dictionary`2[System.String,System.Object]' it returns $true" name="Is-Dictionary.Given dictionary 'System.Collections.Generic.Dictionary`2[System.String,System.Object]' it returns $true" time="0.123" asserts="0" success="True" result="Success" executed="True" />
                  <test-case description="Given dictionary 'System.Collections.Generic.Dictionary`2[System.String,System.Object]' it returns $true" name="Is-Dictionary.Given dictionary 'System.Collections.Generic.Dictionary`2[System.String,System.Object]' it returns $true" time="0.0184" asserts="0" success="True" result="Success" executed="True" />
                </results>
              </test-suite>
              <test-suite type="ParameterizedTest" name="Is-Dictionary.Given a value '&lt;value&gt;' which is not a dictionary it returns $false" executed="True" result="Success" success="True" time="0.0449" asserts="0" description="Given a value '&lt;value&gt;' which is not a dictionary it returns $false">
                <results>
                  <test-case description="Given a value 'Jakub' which is not a dictionary it returns $false" name="Is-Dictionary.Given a value 'Jakub' which is not a dictionary it returns $false" time="0.0292" asserts="0" success="True" result="Success" executed="True" />
                  <test-case description="Given a value '@(1, 2, 3, 4)' which is not a dictionary it returns $false" name="Is-Dictionary.Given a value '@(1, 2, 3, 4)' which is not a dictionary it returns $false" time="0.0158" asserts="0" success="True" result="Success" executed="True" />
                </results>
              </test-suite>
            </results>
          </test-suite>
          <test-suite type="TestFixture" name="Is-Collection" executed="True" result="Success" success="True" time="0.6495" asserts="0" description="Is-Collection">
            <results>
              <test-suite type="ParameterizedTest" name="Is-Collection.Given a collection '&lt;value&gt;' of type '&lt;type&gt;' it returns $true" executed="True" result="Success" success="True" time="0.2344" asserts="0" description="Given a collection '&lt;value&gt;' of type '&lt;type&gt;' it returns $true">
                <results>
                  <test-case description="Given a collection '@()' of type '&lt;type&gt;' it returns $true" name="Is-Collection.Given a collection '@()' of type '&lt;type&gt;' it returns $true" time="0.123" asserts="0" success="True" result="Success" executed="True" />
                  <test-case description="Given a collection '@(1, 2, 3)' of type '&lt;type&gt;' it returns $true" name="Is-Collection.Given a collection '@(1, 2, 3)' of type '&lt;type&gt;' it returns $true" time="0.0147" asserts="0" success="True" result="Success" executed="True" />
                  <test-case description="Given a collection '1' of type '&lt;type&gt;' it returns $true" name="Is-Collection.Given a collection '1' of type '&lt;type&gt;' it returns $true" time="0.0247" asserts="0" success="True" result="Success" executed="True" />
                  <test-case description="Given a collection '2' of type '&lt;type&gt;' it returns $true" name="Is-Collection.Given a collection '2' of type '&lt;type&gt;' it returns $true" time="0.0282" asserts="0" success="True" result="Success" executed="True" />
                  <test-case description="Given a collection '@(1, 2, 3)' of type '&lt;type&gt;' it returns $true" name="Is-Collection.Given a collection '@(1, 2, 3)' of type '&lt;type&gt;' it returns $true" time="0.019" asserts="0" success="True" result="Success" executed="True" />
                  <test-case description="Given a collection '@(System.Diagnostics.Process (ApMsgFwd), System.Diagnostics.Process (ApntEx), System.Diagnostics.Process (Apoint), System.Diagnostics.Process (ApplicationFrameHost), System.Diagnostics.Process (armsvc), System.Diagnostics.Process (audiodg), System.Diagnostics.Process (bash), System.Diagnostics.Process (Calculator), System.Diagnostics.Process (chrome), System.Diagnostics.Process (chrome))' of type '&lt;type&gt;' it returns $true" name="Is-Collection.Given a collection '@(System.Diagnostics.Process (ApMsgFwd), System.Diagnostics.Process (ApntEx), System.Diagnostics.Process (Apoint), System.Diagnostics.Process (ApplicationFrameHost), System.Diagnostics.Process (armsvc), System.Diagnostics.Process (audiodg), System.Diagnostics.Process (bash), System.Diagnostics.Process (Calculator), System.Diagnostics.Process (chrome), System.Diagnostics.Process (chrome))' of type '&lt;type&gt;' it returns $true" time="0.0249" asserts="0" success="True" result="Success" executed="True" />
                </results>
              </test-suite>
              <test-case description="Given $null it returns $false" name="Is-Collection.Given $null it returns $false" time="0.0308" asserts="0" success="True" result="Success" executed="True" />
              <test-suite type="ParameterizedTest" name="Is-Collection.Given an object '&lt;value&gt;' of type '&lt;type&gt;' that is not a collection it returns $false" executed="True" result="Success" success="True" time="0.3843" asserts="0" description="Given an object '&lt;value&gt;' of type '&lt;type&gt;' that is not a collection it returns $false">
                <results>
                  <test-case description="Given an object 'a' of type '&lt;type&gt;' that is not a collection it returns $false" name="Is-Collection.Given an object 'a' of type '&lt;type&gt;' that is not a collection it returns $false" time="0.0516" asserts="0" success="True" result="Success" executed="True" />
                  <test-case description="Given an object 'a' of type '&lt;type&gt;' that is not a collection it returns $false" name="Is-Collection.Given an object 'a' of type '&lt;type&gt;' that is not a collection it returns $false" time="0.0152" asserts="0" success="True" result="Success" executed="True" />
                  <test-case description="Given an object '1' of type '&lt;type&gt;' that is not a collection it returns $false" name="Is-Collection.Given an object '1' of type '&lt;type&gt;' that is not a collection it returns $false" time="0.0263" asserts="0" success="True" result="Success" executed="True" />
                  <test-case description="Given an object '1' of type '&lt;type&gt;' that is not a collection it returns $false" name="Is-Collection.Given an object '1' of type '&lt;type&gt;' that is not a collection it returns $false" time="0.0198" asserts="0" success="True" result="Success" executed="True" />
                  <test-case description="Given an object '1.1' of type '&lt;type&gt;' that is not a collection it returns $false" name="Is-Collection.Given an object '1.1' of type '&lt;type&gt;' that is not a collection it returns $false" time="0.0187" asserts="0" success="True" result="Success" executed="True" />
                  <test-case description="Given an object '101' of type '&lt;type&gt;' that is not a collection it returns $false" name="Is-Collection.Given an object '101' of type '&lt;type&gt;' that is not a collection it returns $false" time="0.0191" asserts="0" success="True" result="Success" executed="True" />
                  <test-case description="Given an object '101' of type '&lt;type&gt;' that is not a collection it returns $false" name="Is-Collection.Given an object '101' of type '&lt;type&gt;' that is not a collection it returns $false" time="0.0311" asserts="0" success="True" result="Success" executed="True" />
                  <test-case description="Given an object '101' of type '&lt;type&gt;' that is not a collection it returns $false" name="Is-Collection.Given an object '101' of type '&lt;type&gt;' that is not a collection it returns $false" time="0.0185" asserts="0" success="True" result="Success" executed="True" />
                  <test-case description="Given an object '101.1' of type '&lt;type&gt;' that is not a collection it returns $false" name="Is-Collection.Given an object '101.1' of type '&lt;type&gt;' that is not a collection it returns $false" time="0.0186" asserts="0" success="True" result="Success" executed="True" />
                  <test-case description="Given an object '1048576' of type '&lt;type&gt;' that is not a collection it returns $false" name="Is-Collection.Given an object '1048576' of type '&lt;type&gt;' that is not a collection it returns $false" time="0.0199" asserts="0" success="True" result="Success" executed="True" />
                  <test-case description="Given an object '1048576' of type '&lt;type&gt;' that is not a collection it returns $false" name="Is-Collection.Given an object '1048576' of type '&lt;type&gt;' that is not a collection it returns $false" time="0.0227" asserts="0" success="True" result="Success" executed="True" />
                  <test-case description="Given an object '1153433.6' of type '&lt;type&gt;' that is not a collection it returns $false" name="Is-Collection.Given an object '1153433.6' of type '&lt;type&gt;' that is not a collection it returns $false" time="0.0174" asserts="0" success="True" result="Success" executed="True" />
                  <test-case description="Given an object '{}' of type '&lt;type&gt;' that is not a collection it returns $false" name="Is-Collection.Given an object '{}' of type '&lt;type&gt;' that is not a collection it returns $false" time="0.0235" asserts="0" success="True" result="Success" executed="True" />
                  <test-case description="Given an object 'System.Collections.Hashtable' of type '&lt;type&gt;' that is not a collection it returns $false" name="Is-Collection.Given an object 'System.Collections.Hashtable' of type '&lt;type&gt;' that is not a collection it returns $false" time="0.0236" asserts="0" success="True" result="Success" executed="True" />
                  <test-case description="Given an object 'System.Collections.Hashtable' of type '&lt;type&gt;' that is not a collection it returns $false" name="Is-Collection.Given an object 'System.Collections.Hashtable' of type '&lt;type&gt;' that is not a collection it returns $false" time="0.0202" asserts="0" success="True" result="Success" executed="True" />
                  <test-case description="Given an object 'System.Diagnostics.Process (powershell)' of type '&lt;type&gt;' that is not a collection it returns $false" name="Is-Collection.Given an object 'System.Diagnostics.Process (powershell)' of type '&lt;type&gt;' that is not a collection it returns $false" time="0.0185" asserts="0" success="True" result="Success" executed="True" />
                  <test-case description="Given an object 'System.Diagnostics.Process' of type '&lt;type&gt;' that is not a collection it returns $false" name="Is-Collection.Given an object 'System.Diagnostics.Process' of type '&lt;type&gt;' that is not a collection it returns $false" time="0.0196" asserts="0" success="True" result="Success" executed="True" />
                </results>
              </test-suite>
            </results>
          </test-suite>
        </results>
      </test-suite>
      <test-suite type="TestFixture" name="D:\_Studium\zSemester5\SA\GitRepo\SourceCode\Pester\Examples\Calculator\Add-Numbers.Tests.ps1" executed="True" result="Success" success="True" time="0.4521" asserts="0" description="D:\_Studium\zSemester5\SA\GitRepo\SourceCode\Pester\Examples\Calculator\Add-Numbers.Tests.ps1">
        <results>
          <test-suite type="TestFixture" name="Add-Numbers" executed="True" result="Success" success="True" time="0.4521" asserts="0" description="Add-Numbers">
            <results>
              <test-case description="adds positive numbers" name="Add-Numbers.adds positive numbers" time="0.3237" asserts="0" success="True" result="Success" executed="True" />
              <test-case description="adds negative numbers" name="Add-Numbers.adds negative numbers" time="0.026" asserts="0" success="True" result="Success" executed="True" />
              <test-case description="adds one negative number to positive number" name="Add-Numbers.adds one negative number to positive number" time="0.0298" asserts="0" success="True" result="Success" executed="True" />
              <test-case description="concatenates strings if given strings" name="Add-Numbers.concatenates strings if given strings" time="0.0433" asserts="0" success="True" result="Success" executed="True" />
              <test-case description="should not be 0" name="Add-Numbers.should not be 0" time="0.0294" asserts="0" success="True" result="Success" executed="True" />
            </results>
          </test-suite>
        </results>
      </test-suite>
      <test-suite type="TestFixture" name="D:\_Studium\zSemester5\SA\GitRepo\SourceCode\Pester\Examples\Planets\Get-Planet.Tests.ps1" executed="True" result="Success" success="True" time="0.5209" asserts="0" description="D:\_Studium\zSemester5\SA\GitRepo\SourceCode\Pester\Examples\Planets\Get-Planet.Tests.ps1">
        <results>
          <test-suite type="TestFixture" name="Get-Planet" executed="True" result="Success" success="True" time="0.5209" asserts="0" description="Get-Planet">
            <results>
              <test-suite type="TestFixture" name="Filtering by Name" executed="True" result="Success" success="True" time="0.296" asserts="0" description="Filtering by Name">
                <results>
                  <test-suite type="ParameterizedTest" name="Get-Planet.Filtering by Name.Given valid -Name '&lt;Filter&gt;', it returns '&lt;Expected&gt;'" executed="True" result="Success" success="True" time="0.2383" asserts="0" description="Given valid -Name '&lt;Filter&gt;', it returns '&lt;Expected&gt;'">
                    <results>
                      <test-case description="Given valid -Name 'Earth', it returns 'Earth'" name="Get-Planet.Filtering by Name.Given valid -Name 'Earth', it returns 'Earth'" time="0.145" asserts="0" success="True" result="Success" executed="True" />
                      <test-case description="Given valid -Name 'ne*', it returns 'Neptune'" name="Get-Planet.Filtering by Name.Given valid -Name 'ne*', it returns 'Neptune'" time="0.0254" asserts="0" success="True" result="Success" executed="True" />
                      <test-case description="Given valid -Name 'ur*', it returns 'Uranus'" name="Get-Planet.Filtering by Name.Given valid -Name 'ur*', it returns 'Uranus'" time="0.0236" asserts="0" success="True" result="Success" executed="True" />
                      <test-case description="Given valid -Name 'm*', it returns '@('Mercury', 'Mars')'" name="Get-Planet.Filtering by Name.Given valid -Name 'm*', it returns '@('Mercury', 'Mars')'" time="0.0443" asserts="0" success="True" result="Success" executed="True" />
                    </results>
                  </test-suite>
                  <test-case description="Given invalid parameter -Name 'Alpha Centauri', it returns $null" name="Get-Planet.Filtering by Name.Given invalid parameter -Name 'Alpha Centauri', it returns $null" time="0.0577" asserts="0" success="True" result="Success" executed="True" />
                </results>
              </test-suite>
              <test-case description="Given no parameters, it lists all 8 planets" name="Get-Planet.Given no parameters, it lists all 8 planets" time="0.2249" asserts="0" success="True" result="Success" executed="True" />
            </results>
          </test-suite>
        </results>
      </test-suite>
      <test-suite type="TestFixture" name="D:\_Studium\zSemester5\SA\GitRepo\SourceCode\Pester\Examples\Validator\Validator.Tests.ps1" executed="True" result="Success" success="True" time="1.0957" asserts="0" description="D:\_Studium\zSemester5\SA\GitRepo\SourceCode\Pester\Examples\Validator\Validator.Tests.ps1">
        <results>
          <test-suite type="TestFixture" name="Testing a validator" executed="True" result="Success" success="True" time="0.9054" asserts="0" description="Testing a validator">
            <results>
              <test-case description="calls MyValidator" name="Testing a validator.calls MyValidator" time="0.9054" asserts="0" success="True" result="Success" executed="True" />
            </results>
          </test-suite>
          <test-suite type="TestFixture" name="MyValidator" executed="True" result="Success" success="True" time="0.1902" asserts="0" description="MyValidator">
            <results>
              <test-case description="passes things that start with the letter S" name="MyValidator.passes things that start with the letter S" time="0.1547" asserts="0" success="True" result="Success" executed="True" />
              <test-case description="does not pass a param that does not start with S" name="MyValidator.does not pass a param that does not start with S" time="0.0355" asserts="0" success="True" result="Success" executed="True" />
            </results>
          </test-suite>
        </results>
      </test-suite>
      <test-suite type="TestFixture" name="D:\_Studium\zSemester5\SA\GitRepo\SourceCode\Pester\Functions\Assertions\Be.Tests.ps1" executed="True" result="Success" success="True" time="2.1354" asserts="0" description="D:\_Studium\zSemester5\SA\GitRepo\SourceCode\Pester\Functions\Assertions\Be.Tests.ps1">
        <results>
          <test-suite type="TestFixture" name="PesterBe" executed="True" result="Success" success="True" time="1.2922" asserts="0" description="PesterBe">
            <results>
              <test-case description="returns true if the 2 arguments are equal" name="PesterBe.returns true if the 2 arguments are equal" time="0.2862" asserts="0" success="True" result="Success" executed="True" />
              <test-case description="returns true if the 2 arguments are equal and have different case" name="PesterBe.returns true if the 2 arguments are equal and have different case" time="0.0528" asserts="0" success="True" result="Success" executed="True" />
              <test-case description="returns false if the 2 arguments are not equal" name="PesterBe.returns false if the 2 arguments are not equal" time="0.0379" asserts="0" success="True" result="Success" executed="True" />
              <test-case description="Compares Arrays properly" name="PesterBe.Compares Arrays properly" time="0.0499" asserts="0" success="True" result="Success" executed="True" />
              <test-case description="Compares arrays with correct case-insensitive behavior" name="PesterBe.Compares arrays with correct case-insensitive behavior" time="0.0393" asserts="0" success="True" result="Success" executed="True" />
              <test-case description="Handles reference types properly" name="PesterBe.Handles reference types properly" time="0.0779" asserts="0" success="True" result="Success" executed="True" />
              <test-case description="Handles arrays with nested arrays" name="PesterBe.Handles arrays with nested arrays" time="0.1625" asserts="0" success="True" result="Success" executed="True" />
              <test-case description="returns true if the actual value can be cast to the expected value and they are the same value" name="PesterBe.returns true if the actual value can be cast to the expected value and they are the same value" time="0.0462" asserts="0" success="True" result="Success" executed="True" />
              <test-case description="returns true if the actual value can be cast to the expected value and they are the same value (case sensitive)" name="PesterBe.returns true if the actual value can be cast to the expected value and they are the same value (case sensitive)" time="0.0743" asserts="0" success="True" result="Success" executed="True" />
              <test-case description="Does not overflow on IEnumerable" name="PesterBe.Does not overflow on IEnumerable" time="0.0442" asserts="0" success="True" result="Success" executed="True" />
              <test-case description="throws exception when self-imposed recursion limit is reached" name="PesterBe.throws exception when self-imposed recursion limit is reached" time="0.421" asserts="0" success="True" result="Success" executed="True" />
            </results>
          </test-suite>
          <test-suite type="TestFixture" name="PesterBeFailureMessage" executed="True" result="Success" success="True" time="0.4444" asserts="0" description="PesterBeFailureMessage">
            <results>
              <test-case description="Returns nothing for two identical strings" name="PesterBeFailureMessage.Returns nothing for two identical strings" time="0.1427" asserts="0" success="True" result="Success" executed="True" />
              <test-case description="Outputs less verbose message for two different objects that are not strings" name="PesterBeFailureMessage.Outputs less verbose message for two different objects that are not strings" time="0.0282" asserts="0" success="True" result="Success" executed="True" />
              <test-case description="Outputs less verbose message for two different objects that are not strings, with reason" name="PesterBeFailureMessage.Outputs less verbose message for two different objects that are not strings, with reason" time="0.0252" asserts="0" success="True" result="Success" executed="True" />
              <test-case description="Outputs verbose message for two strings of different length" name="PesterBeFailureMessage.Outputs verbose message for two strings of different length" time="0.0335" asserts="0" success="True" result="Success" executed="True" />
              <test-case description="Outputs verbose message for two strings of different length" name="PesterBeFailureMessage.Outputs verbose message for two strings of different length" time="0.0312" asserts="0" success="True" result="Success" executed="True" />
              <test-case description="Outputs verbose message for two different strings of the same length" name="PesterBeFailureMessage.Outputs verbose message for two different strings of the same length" time="0.0302" asserts="0" success="True" result="Success" executed="True" />
              <test-case description="Replaces non-printable characters correctly" name="PesterBeFailureMessage.Replaces non-printable characters correctly" time="0.0871" asserts="0" success="True" result="Success" executed="True" />
              <test-case description="The arrow points to the correct position when non-printable characters are replaced before the difference" name="PesterBeFailureMessage.The arrow points to the correct position when non-printable characters are replaced before the difference" time="0.0337" asserts="0" success="True" result="Success" executed="True" />
              <test-case description="The arrow points to the correct position when non-printable characters are replaced after the difference" name="PesterBeFailureMessage.The arrow points to the correct position when non-printable characters are replaced after the difference" time="0.0326" asserts="0" success="True" result="Success" executed="True" />
            </results>
          </test-suite>
          <test-suite type="TestFixture" name="BeExactly" executed="True" result="Success" success="True" time="0.3051" asserts="0" description="BeExactly">
            <results>
              <test-case description="passes if letter case matches" name="BeExactly.passes if letter case matches" time="0.1249" asserts="0" success="True" result="Success" executed="True" />
              <test-case description="fails if letter case doesn't match" name="BeExactly.fails if letter case doesn't match" time="0.0323" asserts="0" success="True" result="Success" executed="True" />
              <test-case description="passes for numbers" name="BeExactly.passes for numbers" time="0.0537" asserts="0" success="True" result="Success" executed="True" />
              <test-case description="Compares Arrays properly" name="BeExactly.Compares Arrays properly" time="0.0446" asserts="0" success="True" result="Success" executed="True" />
              <test-case description="Compares arrays with correct case-sensitive behavior" name="BeExactly.Compares arrays with correct case-sensitive behavior" time="0.0495" asserts="0" success="True" result="Success" executed="True" />
            </results>
          </test-suite>
          <test-suite type="TestFixture" name="PesterBeExactlyFailureMessage" executed="True" result="Success" success="True" time="0.0938" asserts="0" description="PesterBeExactlyFailureMessage">
            <results>
              <test-case description="Writes verbose message for strings that differ by case" name="PesterBeExactlyFailureMessage.Writes verbose message for strings that differ by case" time="0.0938" asserts="0" success="True" result="Success" executed="True" />
            </results>
          </test-suite>
        </results>
      </test-suite>
      <test-suite type="TestFixture" name="D:\_Studium\zSemester5\SA\GitRepo\SourceCode\Pester\Functions\Assertions\BeGreaterThan.Tests.ps1" executed="True" result="Success" success="True" time="1.5572" asserts="0" description="D:\_Studium\zSemester5\SA\GitRepo\SourceCode\Pester\Functions\Assertions\BeGreaterThan.Tests.ps1">
        <results>
          <test-suite type="TestFixture" name="Should -BeGreaterThan" executed="True" result="Success" success="True" time="0.5356" asserts="0" description="Should -BeGreaterThan">
            <results>
              <test-case description="passes if value greater than expected" name="Should -BeGreaterThan.passes if value greater than expected" time="0.2042" asserts="0" success="True" result="Success" executed="True" />
              <test-case description="fails if values equal" name="Should -BeGreaterThan.fails if values equal" time="0.1226" asserts="0" success="True" result="Success" executed="True" />
              <test-case description="fails if value less than expected" name="Should -BeGreaterThan.fails if value less than expected" time="0.1026" asserts="0" success="True" result="Success" executed="True" />
              <test-case description="returns the correct assertion message" name="Should -BeGreaterThan.returns the correct assertion message" time="0.0672" asserts="0" success="True" result="Success" executed="True" />
              <test-case description="passes when expected value is negative" name="Should -BeGreaterThan.passes when expected value is negative" time="0.039" asserts="0" success="True" result="Success" executed="True" />
            </results>
          </test-suite>
          <test-suite type="TestFixture" name="Should -Not -BeGreaterThan" executed="True" result="Success" success="True" time="0.3522" asserts="0" description="Should -Not -BeGreaterThan">
            <results>
              <test-case description="passes if value is lower than the expected value" name="Should -Not -BeGreaterThan.passes if value is lower than the expected value" time="0.1091" asserts="0" success="True" result="Success" executed="True" />
              <test-case description="passes if value is equal to the expected value" name="Should -Not -BeGreaterThan.passes if value is equal to the expected value" time="0.0385" asserts="0" success="True" result="Success" executed="True" />
              <test-case description="fails if value is greater than the expected value" name="Should -Not -BeGreaterThan.fails if value is greater than the expected value" time="0.106" asserts="0" success="True" result="Success" executed="True" />
              <test-case description="passes when expected value is negative" name="Should -Not -BeGreaterThan.passes when expected value is negative" time="0.0371" asserts="0" success="True" result="Success" executed="True" />
              <test-case description="returns the correct assertion message" name="Should -Not -BeGreaterThan.returns the correct assertion message" time="0.0614" asserts="0" success="True" result="Success" executed="True" />
            </results>
          </test-suite>
          <test-suite type="TestFixture" name="Should -BeLessOrEqual" executed="True" result="Success" success="True" time="0.6695" asserts="0" description="Should -BeLessOrEqual">
            <results>
              <test-suite type="TestFixture" name="Should -Not -BeLessOrEqual" executed="True" result="Success" success="True" time="0.3577" asserts="0" description="Should -Not -BeLessOrEqual">
                <results>
                  <test-case description="passes if value greater than expected" name="Should -BeLessOrEqual.Should -Not -BeLessOrEqual.passes if value greater than expected" time="0.0844" asserts="0" success="True" result="Success" executed="True" />
                  <test-case description="fails if values equal" name="Should -BeLessOrEqual.Should -Not -BeLessOrEqual.fails if values equal" time="0.0839" asserts="0" success="True" result="Success" executed="True" />
                  <test-case description="fails if value less than expected" name="Should -BeLessOrEqual.Should -Not -BeLessOrEqual.fails if value less than expected" time="0.0891" asserts="0" success="True" result="Success" executed="True" />
                  <test-case description="passes when expected value is negative" name="Should -BeLessOrEqual.Should -Not -BeLessOrEqual.passes when expected value is negative" time="0.0401" asserts="0" success="True" result="Success" executed="True" />
                  <test-case description="returns the correct assertion message" name="Should -BeLessOrEqual.Should -Not -BeLessOrEqual.returns the correct assertion message" time="0.0601" asserts="0" success="True" result="Success" executed="True" />
                </results>
              </test-suite>
              <test-case description="passes if value is less than the expected value" name="Should -BeLessOrEqual.passes if value is less than the expected value" time="0.1059" asserts="0" success="True" result="Success" executed="True" />
              <test-case description="passes if value is equal to the expected value" name="Should -BeLessOrEqual.passes if value is equal to the expected value" time="0.0281" asserts="0" success="True" result="Success" executed="True" />
              <test-case description="fails if value is greater than the expected value" name="Should -BeLessOrEqual.fails if value is greater than the expected value" time="0.0733" asserts="0" success="True" result="Success" executed="True" />
              <test-case description="passes when expected value is negative" name="Should -BeLessOrEqual.passes when expected value is negative" time="0.0424" asserts="0" success="True" result="Success" executed="True" />
              <test-case description="returns the correct assertion message" name="Should -BeLessOrEqual.returns the correct assertion message" time="0.062" asserts="0" success="True" result="Success" executed="True" />
            </results>
          </test-suite>
        </results>
      </test-suite>
      <test-suite type="TestFixture" name="D:\_Studium\zSemester5\SA\GitRepo\SourceCode\Pester\Functions\Assertions\BeIn.Tests.ps1" executed="True" result="Success" success="True" time="0.6276" asserts="0" description="D:\_Studium\zSemester5\SA\GitRepo\SourceCode\Pester\Functions\Assertions\BeIn.Tests.ps1">
        <results>
          <test-suite type="TestFixture" name="Should -BeIn" executed="True" result="Success" success="True" time="0.3655" asserts="0" description="Should -BeIn">
            <results>
              <test-case description="passes if value is in the collection" name="Should -BeIn.passes if value is in the collection" time="0.2034" asserts="0" success="True" result="Success" executed="True" />
              <test-case description="fails if value is not in the collection" name="Should -BeIn.fails if value is not in the collection" time="0.0978" asserts="0" success="True" result="Success" executed="True" />
              <test-case description="returns the correct assertion message" name="Should -BeIn.returns the correct assertion message" time="0.0643" asserts="0" success="True" result="Success" executed="True" />
            </results>
          </test-suite>
          <test-suite type="TestFixture" name="Should -Not -BeIn" executed="True" result="Success" success="True" time="0.2621" asserts="0" description="Should -Not -BeIn">
            <results>
              <test-case description="passes if value is not in the collection" name="Should -Not -BeIn.passes if value is not in the collection" time="0.1065" asserts="0" success="True" result="Success" executed="True" />
              <test-case description="fails if value is in the collection" name="Should -Not -BeIn.fails if value is in the collection" time="0.0819" asserts="0" success="True" result="Success" executed="True" />
              <test-case description="returns the correct assertion message" name="Should -Not -BeIn.returns the correct assertion message" time="0.0737" asserts="0" success="True" result="Success" executed="True" />
            </results>
          </test-suite>
        </results>
      </test-suite>
      <test-suite type="TestFixture" name="D:\_Studium\zSemester5\SA\GitRepo\SourceCode\Pester\Functions\Assertions\BeLessThan.Tests.ps1" executed="True" result="Success" success="True" time="1.5531" asserts="0" description="D:\_Studium\zSemester5\SA\GitRepo\SourceCode\Pester\Functions\Assertions\BeLessThan.Tests.ps1">
        <results>
          <test-suite type="TestFixture" name="Should -BeLessThan" executed="True" result="Success" success="True" time="0.4534" asserts="0" description="Should -BeLessThan">
            <results>
              <test-case description="passes if value is less than expected" name="Should -BeLessThan.passes if value is less than expected" time="0.1719" asserts="0" success="True" result="Success" executed="True" />
              <test-case description="fails if values equal" name="Should -BeLessThan.fails if values equal" time="0.0909" asserts="0" success="True" result="Success" executed="True" />
              <test-case description="fails if value is greater than expected" name="Should -BeLessThan.fails if value is greater than expected" time="0.0972" asserts="0" success="True" result="Success" executed="True" />
              <test-case description="passes when expected value is negative" name="Should -BeLessThan.passes when expected value is negative" time="0.0354" asserts="0" success="True" result="Success" executed="True" />
              <test-case description="returns the correct assertion message" name="Should -BeLessThan.returns the correct assertion message" time="0.0579" asserts="0" success="True" result="Success" executed="True" />
            </results>
          </test-suite>
          <test-suite type="TestFixture" name="Should -Not -BeLessThan" executed="True" result="Success" success="True" time="0.4275" asserts="0" description="Should -Not -BeLessThan">
            <results>
              <test-case description="passes if value is greater than the expected value" name="Should -Not -BeLessThan.passes if value is greater than the expected value" time="0.1318" asserts="0" success="True" result="Success" executed="True" />
              <test-case description="passes if value is equal to the expected value" name="Should -Not -BeLessThan.passes if value is equal to the expected value" time="0.0432" asserts="0" success="True" result="Success" executed="True" />
              <test-case description="fails if value is less than the expected value" name="Should -Not -BeLessThan.fails if value is less than the expected value" time="0.1693" asserts="0" success="True" result="Success" executed="True" />
              <test-case description="passes when expected value is negative" name="Should -Not -BeLessThan.passes when expected value is negative" time="0.0291" asserts="0" success="True" result="Success" executed="True" />
              <test-case description="returns the correct assertion message" name="Should -Not -BeLessThan.returns the correct assertion message" time="0.0541" asserts="0" success="True" result="Success" executed="True" />
            </results>
          </test-suite>
          <test-suite type="TestFixture" name="Should -BeGreaterOrEqual" executed="True" result="Success" success="True" time="0.6723" asserts="0" description="Should -BeGreaterOrEqual">
            <results>
              <test-suite type="TestFixture" name="Should -Not -BeGreaterOrEqual" executed="True" result="Success" success="True" time="0.3651" asserts="0" description="Should -Not -BeGreaterOrEqual">
                <results>
                  <test-case description="passes if value is less than the expected value" name="Should -BeGreaterOrEqual.Should -Not -BeGreaterOrEqual.passes if value is less than the expected value" time="0.0851" asserts="0" success="True" result="Success" executed="True" />
                  <test-case description="fails if values equal" name="Should -BeGreaterOrEqual.Should -Not -BeGreaterOrEqual.fails if values equal" time="0.0876" asserts="0" success="True" result="Success" executed="True" />
                  <test-case description="fails if value greater than expected" name="Should -BeGreaterOrEqual.Should -Not -BeGreaterOrEqual.fails if value greater than expected" time="0.0919" asserts="0" success="True" result="Success" executed="True" />
                  <test-case description="passes when expected value is negative" name="Should -BeGreaterOrEqual.Should -Not -BeGreaterOrEqual.passes when expected value is negative" time="0.0394" asserts="0" success="True" result="Success" executed="True" />
                  <test-case description="returns the correct assertion message" name="Should -BeGreaterOrEqual.Should -Not -BeGreaterOrEqual.returns the correct assertion message" time="0.0612" asserts="0" success="True" result="Success" executed="True" />
                </results>
              </test-suite>
              <test-case description="passes if value is greater than the expected value" name="Should -BeGreaterOrEqual.passes if value is greater than the expected value" time="0.1118" asserts="0" success="True" result="Success" executed="True" />
              <test-case description="passes if value is equal to the expected value" name="Should -BeGreaterOrEqual.passes if value is equal to the expected value" time="0.0271" asserts="0" success="True" result="Success" executed="True" />
              <test-case description="fails if value is less than the expected value" name="Should -BeGreaterOrEqual.fails if value is less than the expected value" time="0.07" asserts="0" success="True" result="Success" executed="True" />
              <test-case description="passes when expected value is negative" name="Should -BeGreaterOrEqual.passes when expected value is negative" time="0.0373" asserts="0" success="True" result="Success" executed="True" />
              <test-case description="returns the correct assertion message" name="Should -BeGreaterOrEqual.returns the correct assertion message" time="0.0609" asserts="0" success="True" result="Success" executed="True" />
            </results>
          </test-suite>
        </results>
      </test-suite>
      <test-suite type="TestFixture" name="D:\_Studium\zSemester5\SA\GitRepo\SourceCode\Pester\Functions\Assertions\BeLike.Tests.ps1" executed="True" result="Success" success="True" time="0.6236" asserts="0" description="D:\_Studium\zSemester5\SA\GitRepo\SourceCode\Pester\Functions\Assertions\BeLike.Tests.ps1">
        <results>
          <test-suite type="TestFixture" name="Should -BeLike" executed="True" result="Success" success="True" time="0.3709" asserts="0" description="Should -BeLike">
            <results>
              <test-case description="passes for things that are like wildcard" name="Should -BeLike.passes for things that are like wildcard" time="0.2239" asserts="0" success="True" result="Success" executed="True" />
              <test-case description="passes for strings with different case" name="Should -BeLike.passes for strings with different case" time="0.0402" asserts="0" success="True" result="Success" executed="True" />
              <test-case description="fails for things that do not match" name="Should -BeLike.fails for things that do not match" time="0.0549" asserts="0" success="True" result="Success" executed="True" />
              <test-case description="returns the correct assertion message" name="Should -BeLike.returns the correct assertion message" time="0.052" asserts="0" success="True" result="Success" executed="True" />
            </results>
          </test-suite>
          <test-suite type="TestFixture" name="Should -Not -BeLike" executed="True" result="Success" success="True" time="0.2526" asserts="0" description="Should -Not -BeLike">
            <results>
              <test-case description="passes for things that are not like wildcard" name="Should -Not -BeLike.passes for things that are not like wildcard" time="0.0963" asserts="0" success="True" result="Success" executed="True" />
              <test-case description="fails for things that match" name="Should -Not -BeLike.fails for things that match" time="0.0563" asserts="0" success="True" result="Success" executed="True" />
              <test-case description="fails for strings with different case" name="Should -Not -BeLike.fails for strings with different case" time="0.0473" asserts="0" success="True" result="Success" executed="True" />
              <test-case description="returns the correct assertion message" name="Should -Not -BeLike.returns the correct assertion message" time="0.0528" asserts="0" success="True" result="Success" executed="True" />
            </results>
          </test-suite>
        </results>
      </test-suite>
      <test-suite type="TestFixture" name="D:\_Studium\zSemester5\SA\GitRepo\SourceCode\Pester\Functions\Assertions\BeLikeExactly.Tests.ps1" executed="True" result="Success" success="True" time="0.5641" asserts="0" description="D:\_Studium\zSemester5\SA\GitRepo\SourceCode\Pester\Functions\Assertions\BeLikeExactly.Tests.ps1">
        <results>
          <test-suite type="TestFixture" name="Should -BeLikeExactly" executed="True" result="Success" success="True" time="0.3119" asserts="0" description="Should -BeLikeExactly">
            <results>
              <test-case description="passes for things that are like wildcard" name="Should -BeLikeExactly.passes for things that are like wildcard" time="0.1462" asserts="0" success="True" result="Success" executed="True" />
              <test-case description="fails for strings with different case" name="Should -BeLikeExactly.fails for strings with different case" time="0.0545" asserts="0" success="True" result="Success" executed="True" />
              <test-case description="fails for things that do not match" name="Should -BeLikeExactly.fails for things that do not match" time="0.0582" asserts="0" success="True" result="Success" executed="True" />
              <test-case description="returns the correct assertion message" name="Should -BeLikeExactly.returns the correct assertion message" time="0.053" asserts="0" success="True" result="Success" executed="True" />
            </results>
          </test-suite>
          <test-suite type="TestFixture" name="Should -Not -BeLikeExactly" executed="True" result="Success" success="True" time="0.2522" asserts="0" description="Should -Not -BeLikeExactly">
            <results>
              <test-case description="passes for things that are not like wildcard" name="Should -Not -BeLikeExactly.passes for things that are not like wildcard" time="0.0931" asserts="0" success="True" result="Success" executed="True" />
              <test-case description="passes for strings with different case" name="Should -Not -BeLikeExactly.passes for strings with different case" time="0.04" asserts="0" success="True" result="Success" executed="True" />
              <test-case description="fails for things that match" name="Should -Not -BeLikeExactly.fails for things that match" time="0.0545" asserts="0" success="True" result="Success" executed="True" />
              <test-case description="returns the correct assertion message" name="Should -Not -BeLikeExactly.returns the correct assertion message" time="0.0646" asserts="0" success="True" result="Success" executed="True" />
            </results>
          </test-suite>
        </results>
      </test-suite>
      <test-suite type="TestFixture" name="D:\_Studium\zSemester5\SA\GitRepo\SourceCode\Pester\Functions\Assertions\BeNullOrEmpty.Tests.ps1" executed="True" result="Success" success="True" time="0.6657" asserts="0" description="D:\_Studium\zSemester5\SA\GitRepo\SourceCode\Pester\Functions\Assertions\BeNullOrEmpty.Tests.ps1">
        <results>
          <test-suite type="TestFixture" name="PesterBeNullOrEmpty" executed="True" result="Success" success="True" time="0.4415" asserts="0" description="PesterBeNullOrEmpty">
            <results>
              <test-case description="should return true if null" name="PesterBeNullOrEmpty.should return true if null" time="0.1936" asserts="0" success="True" result="Success" executed="True" />
              <test-case description="should return true if empty string" name="PesterBeNullOrEmpty.should return true if empty string" time="0.0356" asserts="0" success="True" result="Success" executed="True" />
              <test-case description="should return true if empty array" name="PesterBeNullOrEmpty.should return true if empty array" time="0.0324" asserts="0" success="True" result="Success" executed="True" />
              <test-case description="should pass if empty hashtable" name="PesterBeNullOrEmpty.should pass if empty hashtable" time="0.0392" asserts="0" success="True" result="Success" executed="True" />
              <test-case description="should throw if not-empty hashtable" name="PesterBeNullOrEmpty.should throw if not-empty hashtable" time="0.0924" asserts="0" success="True" result="Success" executed="True" />
              <test-case description="Should return false for non-empty strings or arrays" name="PesterBeNullOrEmpty.Should return false for non-empty strings or arrays" time="0.0483" asserts="0" success="True" result="Success" executed="True" />
            </results>
          </test-suite>
          <test-suite type="TestFixture" name="Should -BeNullOrEmpty" executed="True" result="Success" success="True" time="0.1095" asserts="0" description="Should -BeNullOrEmpty">
            <results>
              <test-case description="returns the correct assertion message" name="Should -BeNullOrEmpty.returns the correct assertion message" time="0.1095" asserts="0" success="True" result="Success" executed="True" />
            </results>
          </test-suite>
          <test-suite type="TestFixture" name="Should -Not -BeNullOrEmpty" executed="True" result="Success" success="True" time="0.1148" asserts="0" description="Should -Not -BeNullOrEmpty">
            <results>
              <test-case description="returns the correct assertion message" name="Should -Not -BeNullOrEmpty.returns the correct assertion message" time="0.1148" asserts="0" success="True" result="Success" executed="True" />
            </results>
          </test-suite>
        </results>
      </test-suite>
      <test-suite type="TestFixture" name="D:\_Studium\zSemester5\SA\GitRepo\SourceCode\Pester\Functions\Assertions\BeOfType.Tests.ps1" executed="True" result="Success" success="True" time="0.7178" asserts="0" description="D:\_Studium\zSemester5\SA\GitRepo\SourceCode\Pester\Functions\Assertions\BeOfType.Tests.ps1">
        <results>
          <test-suite type="TestFixture" name="PesterBeOfType" executed="True" result="Success" success="True" time="0.3242" asserts="0" description="PesterBeOfType">
            <results>
              <test-case description="passes if value is of the expected type" name="PesterBeOfType.passes if value is of the expected type" time="0.2033" asserts="0" success="True" result="Success" executed="True" />
              <test-case description="fails if value is of a different types" name="PesterBeOfType.fails if value is of a different types" time="0.0427" asserts="0" success="True" result="Success" executed="True" />
              <test-case description="throws argument execption if type isn't a loaded type" name="PesterBeOfType.throws argument execption if type isn't a loaded type" time="0.0782" asserts="0" success="True" result="Success" executed="True" />
            </results>
          </test-suite>
          <test-suite type="TestFixture" name="Should -BeOfType" executed="True" result="Success" success="True" time="0.2597" asserts="0" description="Should -BeOfType">
            <results>
              <test-case description="throws argument execption if type isn't a loaded type" name="Should -BeOfType.throws argument execption if type isn't a loaded type" time="0.1355" asserts="0" success="True" result="Success" executed="True" />
              <test-case description="returns the correct assertion message when actual value has a real type" name="Should -BeOfType.returns the correct assertion message when actual value has a real type" time="0.0723" asserts="0" success="True" result="Success" executed="True" />
              <test-case description="returns the correct assertion message when actual value is $null" name="Should -BeOfType.returns the correct assertion message when actual value is $null" time="0.0519" asserts="0" success="True" result="Success" executed="True" />
            </results>
          </test-suite>
          <test-suite type="TestFixture" name="Should -Not -BeOfType" executed="True" result="Success" success="True" time="0.1339" asserts="0" description="Should -Not -BeOfType">
            <results>
              <test-case description="throws argument execption if type isn't a loaded type" name="Should -Not -BeOfType.throws argument execption if type isn't a loaded type" time="0.08" asserts="0" success="True" result="Success" executed="True" />
              <test-case description="returns the correct assertion message when actual value has a real type" name="Should -Not -BeOfType.returns the correct assertion message when actual value has a real type" time="0.0539" asserts="0" success="True" result="Success" executed="True" />
            </results>
          </test-suite>
        </results>
      </test-suite>
      <test-suite type="TestFixture" name="D:\_Studium\zSemester5\SA\GitRepo\SourceCode\Pester\Functions\Assertions\BeTrueOrFalse.Tests.ps1" executed="True" result="Success" success="True" time="1.5724" asserts="0" description="D:\_Studium\zSemester5\SA\GitRepo\SourceCode\Pester\Functions\Assertions\BeTrueOrFalse.Tests.ps1">
        <results>
          <test-suite type="TestFixture" name="Should -BeTrue" executed="True" result="Success" success="True" time="0.5109" asserts="0" description="Should -BeTrue">
            <results>
              <test-suite type="TestFixture" name="Basic functionality" executed="True" result="Success" success="True" time="0.3306" asserts="0" description="Basic functionality">
                <results>
                  <test-case description="given true it passes" name="Should -BeTrue.Basic functionality.given true it passes" time="0.2306" asserts="0" success="True" result="Success" executed="True" />
                  <test-case description="given truthy it passes" name="Should -BeTrue.Basic functionality.given truthy it passes" time="0.0436" asserts="0" success="True" result="Success" executed="True" />
                  <test-case description="given false it fails" name="Should -BeTrue.Basic functionality.given false it fails" time="0.0564" asserts="0" success="True" result="Success" executed="True" />
                </results>
              </test-suite>
              <test-suite type="TestFixture" name="Testing messages" executed="True" result="Success" success="True" time="0.1803" asserts="0" description="Testing messages">
                <results>
                  <test-case description="given false it returns the correct assertion message" name="Should -BeTrue.Testing messages.given false it returns the correct assertion message" time="0.1211" asserts="0" success="True" result="Success" executed="True" />
                  <test-case description="given false and a reason it returns the correct assertion message" name="Should -BeTrue.Testing messages.given false and a reason it returns the correct assertion message" time="0.0592" asserts="0" success="True" result="Success" executed="True" />
                </results>
              </test-suite>
            </results>
          </test-suite>
          <test-suite type="TestFixture" name="Should -Not -BeTrue" executed="True" result="Success" success="True" time="0.3903" asserts="0" description="Should -Not -BeTrue">
            <results>
              <test-suite type="TestFixture" name="Basic functionality" executed="True" result="Success" success="True" time="0.2957" asserts="0" description="Basic functionality">
                <results>
                  <test-case description="given false it passes" name="Should -Not -BeTrue.Basic functionality.given false it passes" time="0.1675" asserts="0" success="True" result="Success" executed="True" />
                  <test-case description="given true it fails" name="Should -Not -BeTrue.Basic functionality.given true it fails" time="0.0546" asserts="0" success="True" result="Success" executed="True" />
                  <test-suite type="ParameterizedTest" name="Should -Not -BeTrue.Basic functionality.given falsy '&lt;value&gt;' it passes" executed="True" result="Success" success="True" time="0.0736" asserts="0" description="given falsy '&lt;value&gt;' it passes">
                    <results>
                      <test-case description="given falsy '$null' it passes" name="Should -Not -BeTrue.Basic functionality.given falsy '$null' it passes" time="0.0396" asserts="0" success="True" result="Success" executed="True" />
                      <test-case description="given falsy '@()' it passes" name="Should -Not -BeTrue.Basic functionality.given falsy '@()' it passes" time="0.0188" asserts="0" success="True" result="Success" executed="True" />
                      <test-case description="given falsy '0' it passes" name="Should -Not -BeTrue.Basic functionality.given falsy '0' it passes" time="0.0152" asserts="0" success="True" result="Success" executed="True" />
                    </results>
                  </test-suite>
                </results>
              </test-suite>
              <test-suite type="TestFixture" name="Testing messages" executed="True" result="Success" success="True" time="0.0946" asserts="0" description="Testing messages">
                <results>
                  <test-case description="given true it returns the correct assertion message" name="Should -Not -BeTrue.Testing messages.given true it returns the correct assertion message" time="0.0946" asserts="0" success="True" result="Success" executed="True" />
                </results>
              </test-suite>
            </results>
          </test-suite>
          <test-suite type="TestFixture" name="Should -BeFalse" executed="True" result="Success" success="True" time="0.3856" asserts="0" description="Should -BeFalse">
            <results>
              <test-suite type="TestFixture" name="Basic functionality" executed="True" result="Success" success="True" time="0.205" asserts="0" description="Basic functionality">
                <results>
                  <test-case description="given false it passes" name="Should -BeFalse.Basic functionality.given false it passes" time="0.1407" asserts="0" success="True" result="Success" executed="True" />
                  <test-case description="given true it fails" name="Should -BeFalse.Basic functionality.given true it fails" time="0.0643" asserts="0" success="True" result="Success" executed="True" />
                </results>
              </test-suite>
              <test-suite type="TestFixture" name="Testing messages" executed="True" result="Success" success="True" time="0.1101" asserts="0" description="Testing messages">
                <results>
                  <test-case description="given true it returns the correct assertion message" name="Should -BeFalse.Testing messages.given true it returns the correct assertion message" time="0.1101" asserts="0" success="True" result="Success" executed="True" />
                </results>
              </test-suite>
              <test-case description="given true and a reason it returns the correct assertion message" name="Should -BeFalse.given true and a reason it returns the correct assertion message" time="0.0705" asserts="0" success="True" result="Success" executed="True" />
            </results>
          </test-suite>
          <test-suite type="TestFixture" name="Should -Not -BeFalse" executed="True" result="Success" success="True" time="0.2856" asserts="0" description="Should -Not -BeFalse">
            <results>
              <test-suite type="TestFixture" name="Basic functionality" executed="True" result="Success" success="True" time="0.1842" asserts="0" description="Basic functionality">
                <results>
                  <test-case description="given true it passes" name="Should -Not -BeFalse.Basic functionality.given true it passes" time="0.1362" asserts="0" success="True" result="Success" executed="True" />
                  <test-case description="given false it fails" name="Should -Not -BeFalse.Basic functionality.given false it fails" time="0.048" asserts="0" success="True" result="Success" executed="True" />
                </results>
              </test-suite>
              <test-suite type="TestFixture" name="Testing messages" executed="True" result="Success" success="True" time="0.1014" asserts="0" description="Testing messages">
                <results>
                  <test-case description="given false it returns the correct assertion message" name="Should -Not -BeFalse.Testing messages.given false it returns the correct assertion message" time="0.1014" asserts="0" success="True" result="Success" executed="True" />
                </results>
              </test-suite>
            </results>
          </test-suite>
        </results>
      </test-suite>
      <test-suite type="TestFixture" name="D:\_Studium\zSemester5\SA\GitRepo\SourceCode\Pester\Functions\Assertions\Contain.Tests.ps1" executed="True" result="Success" success="True" time="0.7599" asserts="0" description="D:\_Studium\zSemester5\SA\GitRepo\SourceCode\Pester\Functions\Assertions\Contain.Tests.ps1">
        <results>
          <test-suite type="TestFixture" name="Should -Contain" executed="True" result="Success" success="True" time="0.5469" asserts="0" description="Should -Contain">
            <results>
              <test-case description="passes if collection contains the value" name="Should -Contain.passes if collection contains the value" time="0.3294" asserts="0" success="True" result="Success" executed="True" />
              <test-case description="fails collection does not contain the value" name="Should -Contain.fails collection does not contain the value" time="0.1019" asserts="0" success="True" result="Success" executed="True" />
              <test-case description="returns the correct assertion message" name="Should -Contain.returns the correct assertion message" time="0.1156" asserts="0" success="True" result="Success" executed="True" />
            </results>
          </test-suite>
          <test-suite type="TestFixture" name="Should -Not -Contain" executed="True" result="Success" success="True" time="0.213" asserts="0" description="Should -Not -Contain">
            <results>
              <test-case description="passes if collection does not contain the value" name="Should -Not -Contain.passes if collection does not contain the value" time="0.1058" asserts="0" success="True" result="Success" executed="True" />
              <test-case description="fails if collection contains the value" name="Should -Not -Contain.fails if collection contains the value" time="0.0549" asserts="0" success="True" result="Success" executed="True" />
              <test-case description="returns the correct assertion message" name="Should -Not -Contain.returns the correct assertion message" time="0.0523" asserts="0" success="True" result="Success" executed="True" />
            </results>
          </test-suite>
        </results>
      </test-suite>
      <test-suite type="TestFixture" name="D:\_Studium\zSemester5\SA\GitRepo\SourceCode\Pester\Functions\Assertions\Exist.Tests.ps1" executed="True" result="Success" success="True" time="0.6451" asserts="0" description="D:\_Studium\zSemester5\SA\GitRepo\SourceCode\Pester\Functions\Assertions\Exist.Tests.ps1">
        <results>
          <test-suite type="TestFixture" name="PesterExist" executed="True" result="Success" success="True" time="0.3942" asserts="0" description="PesterExist">
            <results>
              <test-case description="returns true for paths that exist" name="PesterExist.returns true for paths that exist" time="0.1876" asserts="0" success="True" result="Success" executed="True" />
              <test-case description="returns false for paths do not exist" name="PesterExist.returns false for paths do not exist" time="0.0444" asserts="0" success="True" result="Success" executed="True" />
              <test-case description="works for path with escaped [ ] characters" name="PesterExist.works for path with escaped [ ] characters" time="0.0461" asserts="0" success="True" result="Success" executed="True" />
              <test-case description="returns correct result for function drive" name="PesterExist.returns correct result for function drive" time="0.0429" asserts="0" success="True" result="Success" executed="True" />
              <test-case description="returns correct result for env drive" name="PesterExist.returns correct result for env drive" time="0.0458" asserts="0" success="True" result="Success" executed="True" />
              <test-case description="returns correct result for env drive" name="PesterExist.returns correct result for env drive" time="0.0274" asserts="0" success="True" result="Success" executed="True" />
            </results>
          </test-suite>
          <test-suite type="TestFixture" name="Should -Exist" executed="True" result="Success" success="True" time="0.1256" asserts="0" description="Should -Exist">
            <results>
              <test-case description="returns correct assertion message" name="Should -Exist.returns correct assertion message" time="0.1256" asserts="0" success="True" result="Success" executed="True" />
            </results>
          </test-suite>
          <test-suite type="TestFixture" name="Should -Not -Exist" executed="True" result="Success" success="True" time="0.1253" asserts="0" description="Should -Not -Exist">
            <results>
              <test-case description="returns correct assertion message" name="Should -Not -Exist.returns correct assertion message" time="0.1253" asserts="0" success="True" result="Success" executed="True" />
            </results>
          </test-suite>
        </results>
      </test-suite>
      <test-suite type="TestFixture" name="D:\_Studium\zSemester5\SA\GitRepo\SourceCode\Pester\Functions\Assertions\FileContentMatch.Tests.ps1" executed="True" result="Success" success="True" time="0.7354" asserts="0" description="D:\_Studium\zSemester5\SA\GitRepo\SourceCode\Pester\Functions\Assertions\FileContentMatch.Tests.ps1">
        <results>
          <test-suite type="TestFixture" name="PesterFileContentMatch" executed="True" result="Success" success="True" time="0.4217" asserts="0" description="PesterFileContentMatch">
            <results>
              <test-suite type="TestFixture" name="when testing file contents" executed="True" result="Success" success="True" time="0.4217" asserts="0" description="when testing file contents">
                <results>
                  <test-case description="returns true if the file contains the specified content" name="PesterFileContentMatch.when testing file contents.returns true if the file contains the specified content" time="0.2951" asserts="0" success="True" result="Success" executed="True" />
                  <test-case description="returns true if the file contains the specified content with different case" name="PesterFileContentMatch.when testing file contents.returns true if the file contains the specified content with different case" time="0.0457" asserts="0" success="True" result="Success" executed="True" />
                  <test-case description="returns false if the file does not contain the specified content" name="PesterFileContentMatch.when testing file contents.returns false if the file does not contain the specified content" time="0.0405" asserts="0" success="True" result="Success" executed="True" />
                  <test-case description="returns true if the file contains the specified UTF8 content" name="PesterFileContentMatch.when testing file contents.returns true if the file contains the specified UTF8 content" time="0.0404" asserts="0" success="True" result="Success" executed="True" />
                </results>
              </test-suite>
            </results>
          </test-suite>
          <test-suite type="TestFixture" name="Should -FileContentMatch" executed="True" result="Success" success="True" time="0.1861" asserts="0" description="Should -FileContentMatch">
            <results>
              <test-case description="returns correct assertion message when" name="Should -FileContentMatch.returns correct assertion message when" time="0.1861" asserts="0" success="True" result="Success" executed="True" />
            </results>
          </test-suite>
          <test-suite type="TestFixture" name="Should -Not -FileContentMatch" executed="True" result="Success" success="True" time="0.1275" asserts="0" description="Should -Not -FileContentMatch">
            <results>
              <test-case description="returns correct assertion message" name="Should -Not -FileContentMatch.returns correct assertion message" time="0.1275" asserts="0" success="True" result="Success" executed="True" />
            </results>
          </test-suite>
        </results>
      </test-suite>
      <test-suite type="TestFixture" name="D:\_Studium\zSemester5\SA\GitRepo\SourceCode\Pester\Functions\Assertions\FileContentMatchExactly.Tests.ps1" executed="True" result="Success" success="True" time="0.6464" asserts="0" description="D:\_Studium\zSemester5\SA\GitRepo\SourceCode\Pester\Functions\Assertions\FileContentMatchExactly.Tests.ps1">
        <results>
          <test-suite type="TestFixture" name="PesterFileContentMatchExactly" executed="True" result="Success" success="True" time="0.3646" asserts="0" description="PesterFileContentMatchExactly">
            <results>
              <test-suite type="TestFixture" name="when testing file contents" executed="True" result="Success" success="True" time="0.3646" asserts="0" description="when testing file contents">
                <results>
                  <test-case description="returns true if the file contains the specified content exactly" name="PesterFileContentMatchExactly.when testing file contents.returns true if the file contains the specified content exactly" time="0.2825" asserts="0" success="True" result="Success" executed="True" />
                  <test-case description="returns false if the file does not contain the specified content exactly" name="PesterFileContentMatchExactly.when testing file contents.returns false if the file does not contain the specified content exactly" time="0.0417" asserts="0" success="True" result="Success" executed="True" />
                  <test-case description="returns true if the file contains the specified Unicode content exactyle" name="PesterFileContentMatchExactly.when testing file contents.returns true if the file contains the specified Unicode content exactyle" time="0.0404" asserts="0" success="True" result="Success" executed="True" />
                </results>
              </test-suite>
            </results>
          </test-suite>
          <test-suite type="TestFixture" name="Should -FileContentMatchExactly" executed="True" result="Success" success="True" time="0.1512" asserts="0" description="Should -FileContentMatchExactly">
            <results>
              <test-case description="returns correct assertion message when" name="Should -FileContentMatchExactly.returns correct assertion message when" time="0.1512" asserts="0" success="True" result="Success" executed="True" />
            </results>
          </test-suite>
          <test-suite type="TestFixture" name="Should -Not -FileContentMatchExactly" executed="True" result="Success" success="True" time="0.1305" asserts="0" description="Should -Not -FileContentMatchExactly">
            <results>
              <test-case description="returns correct assertion message" name="Should -Not -FileContentMatchExactly.returns correct assertion message" time="0.1305" asserts="0" success="True" result="Success" executed="True" />
            </results>
          </test-suite>
        </results>
      </test-suite>
      <test-suite type="TestFixture" name="D:\_Studium\zSemester5\SA\GitRepo\SourceCode\Pester\Functions\Assertions\FileContentMatchMultiline.Tests.ps1" executed="True" result="Success" success="True" time="0.5821" asserts="0" description="D:\_Studium\zSemester5\SA\GitRepo\SourceCode\Pester\Functions\Assertions\FileContentMatchMultiline.Tests.ps1">
        <results>
          <test-suite type="TestFixture" name="PesterFileContentMatchMultiline" executed="True" result="Success" success="True" time="0.3231" asserts="0" description="PesterFileContentMatchMultiline">
            <results>
              <test-suite type="TestFixture" name="when testing file contents" executed="True" result="Success" success="True" time="0.3231" asserts="0" description="when testing file contents">
                <results>
                  <test-case description="returns true if the file matches the specified content on one line" name="PesterFileContentMatchMultiline.when testing file contents.returns true if the file matches the specified content on one line" time="0.2579" asserts="0" success="True" result="Success" executed="True" />
                  <test-case description="returns true if the file matches the specified content across multiple lines" name="PesterFileContentMatchMultiline.when testing file contents.returns true if the file matches the specified content across multiple lines" time="0.0342" asserts="0" success="True" result="Success" executed="True" />
                  <test-case description="returns false if the file does not contain the specified content" name="PesterFileContentMatchMultiline.when testing file contents.returns false if the file does not contain the specified content" time="0.031" asserts="0" success="True" result="Success" executed="True" />
                </results>
              </test-suite>
            </results>
          </test-suite>
          <test-suite type="TestFixture" name="Should -FileContentMatchMultiline" executed="True" result="Success" success="True" time="0.1352" asserts="0" description="Should -FileContentMatchMultiline">
            <results>
              <test-case description="returns correct assertion message when" name="Should -FileContentMatchMultiline.returns correct assertion message when" time="0.1352" asserts="0" success="True" result="Success" executed="True" />
            </results>
          </test-suite>
          <test-suite type="TestFixture" name="Should -Not -FileContentMatchMultiline" executed="True" result="Success" success="True" time="0.1239" asserts="0" description="Should -Not -FileContentMatchMultiline">
            <results>
              <test-case description="returns correct assertion message" name="Should -Not -FileContentMatchMultiline.returns correct assertion message" time="0.1239" asserts="0" success="True" result="Success" executed="True" />
            </results>
          </test-suite>
        </results>
      </test-suite>
      <test-suite type="TestFixture" name="D:\_Studium\zSemester5\SA\GitRepo\SourceCode\Pester\Functions\Assertions\HaveCount.Tests.ps1" executed="True" result="Success" success="True" time="0.9768" asserts="0" description="D:\_Studium\zSemester5\SA\GitRepo\SourceCode\Pester\Functions\Assertions\HaveCount.Tests.ps1">
        <results>
          <test-suite type="TestFixture" name="Should -HaveCount" executed="True" result="Success" success="True" time="0.6372" asserts="0" description="Should -HaveCount">
            <results>
              <test-case description="passes if collection has the expected amount of items" name="Should -HaveCount.passes if collection has the expected amount of items" time="0.2016" asserts="0" success="True" result="Success" executed="True" />
              <test-case description="passes given scalar value and expecting collection of count 1" name="Should -HaveCount.passes given scalar value and expecting collection of count 1" time="0.0268" asserts="0" success="True" result="Success" executed="True" />
              <test-case description="fails if collection has less values" name="Should -HaveCount.fails if collection has less values" time="0.0547" asserts="0" success="True" result="Success" executed="True" />
              <test-case description="fails if collection has more values" name="Should -HaveCount.fails if collection has more values" time="0.0577" asserts="0" success="True" result="Success" executed="True" />
              <test-case description="fails if given scalar value" name="Should -HaveCount.fails if given scalar value" time="0.0493" asserts="0" success="True" result="Success" executed="True" />
              <test-case description="returns the correct assertion message when collection is not empty" name="Should -HaveCount.returns the correct assertion message when collection is not empty" time="0.0625" asserts="0" success="True" result="Success" executed="True" />
              <test-case description="returns the correct assertion message when collection is not empty" name="Should -HaveCount.returns the correct assertion message when collection is not empty" time="0.0609" asserts="0" success="True" result="Success" executed="True" />
              <test-case description="returns the correct assertion message when collection is not empty" name="Should -HaveCount.returns the correct assertion message when collection is not empty" time="0.0629" asserts="0" success="True" result="Success" executed="True" />
              <test-case description="validates the expected size to be bigger than 0" name="Should -HaveCount.validates the expected size to be bigger than 0" time="0.0608" asserts="0" success="True" result="Success" executed="True" />
            </results>
          </test-suite>
          <test-suite type="TestFixture" name="Should -Not -HaveCount" executed="True" result="Success" success="True" time="0.3396" asserts="0" description="Should -Not -HaveCount">
            <results>
              <test-case description="passes if collection does not have the expected count of items" name="Should -Not -HaveCount.passes if collection does not have the expected count of items" time="0.1082" asserts="0" success="True" result="Success" executed="True" />
              <test-case description="fails if collection HaveCounts the value" name="Should -Not -HaveCount.fails if collection HaveCounts the value" time="0.0625" asserts="0" success="True" result="Success" executed="True" />
              <test-case description="returns the correct assertion message" name="Should -Not -HaveCount.returns the correct assertion message" time="0.0601" asserts="0" success="True" result="Success" executed="True" />
              <test-case description="returns the correct assertion message" name="Should -Not -HaveCount.returns the correct assertion message" time="0.0528" asserts="0" success="True" result="Success" executed="True" />
              <test-case description="validates the expected size to be bigger than 0" name="Should -Not -HaveCount.validates the expected size to be bigger than 0" time="0.056" asserts="0" success="True" result="Success" executed="True" />
            </results>
          </test-suite>
        </results>
      </test-suite>
      <test-suite type="TestFixture" name="D:\_Studium\zSemester5\SA\GitRepo\SourceCode\Pester\Functions\Assertions\Match.Tests.ps1" executed="True" result="Success" success="True" time="0.8119" asserts="0" description="D:\_Studium\zSemester5\SA\GitRepo\SourceCode\Pester\Functions\Assertions\Match.Tests.ps1">
        <results>
          <test-suite type="TestFixture" name="Match" executed="True" result="Success" success="True" time="0.3012" asserts="0" description="Match">
            <results>
              <test-case description="returns true for things that match" name="Match.returns true for things that match" time="0.1886" asserts="0" success="True" result="Success" executed="True" />
              <test-case description="returns false for things that do not match" name="Match.returns false for things that do not match" time="0.0377" asserts="0" success="True" result="Success" executed="True" />
              <test-case description="passes for strings with different case" name="Match.passes for strings with different case" time="0.0376" asserts="0" success="True" result="Success" executed="True" />
              <test-case description="uses regular expressions" name="Match.uses regular expressions" time="0.0372" asserts="0" success="True" result="Success" executed="True" />
            </results>
          </test-suite>
          <test-suite type="TestFixture" name="Should -Match" executed="True" result="Success" success="True" time="0.2673" asserts="0" description="Should -Match">
            <results>
              <test-case description="passes for regular expressions that match" name="Should -Match.passes for regular expressions that match" time="0.1094" asserts="0" success="True" result="Success" executed="True" />
              <test-case description="passes for regular expression with different case" name="Should -Match.passes for regular expression with different case" time="0.0346" asserts="0" success="True" result="Success" executed="True" />
              <test-case description="fails for regular expressions that do not match" name="Should -Match.fails for regular expressions that do not match" time="0.0625" asserts="0" success="True" result="Success" executed="True" />
              <test-case description="returns the correct assertion message" name="Should -Match.returns the correct assertion message" time="0.0608" asserts="0" success="True" result="Success" executed="True" />
            </results>
          </test-suite>
          <test-suite type="TestFixture" name="Should -Not -Match" executed="True" result="Success" success="True" time="0.2435" asserts="0" description="Should -Not -Match">
            <results>
              <test-case description="passes for regular expressions that do not match" name="Should -Not -Match.passes for regular expressions that do not match" time="0.0865" asserts="0" success="True" result="Success" executed="True" />
              <test-case description="fails for things that match" name="Should -Not -Match.fails for things that match" time="0.0547" asserts="0" success="True" result="Success" executed="True" />
              <test-case description="fails for strings with different case" name="Should -Not -Match.fails for strings with different case" time="0.0497" asserts="0" success="True" result="Success" executed="True" />
              <test-case description="returns the correct assertion message" name="Should -Not -Match.returns the correct assertion message" time="0.0525" asserts="0" success="True" result="Success" executed="True" />
            </results>
          </test-suite>
        </results>
      </test-suite>
      <test-suite type="TestFixture" name="D:\_Studium\zSemester5\SA\GitRepo\SourceCode\Pester\Functions\Assertions\MatchExactly.Tests.ps1" executed="True" result="Success" success="True" time="0.7563" asserts="0" description="D:\_Studium\zSemester5\SA\GitRepo\SourceCode\Pester\Functions\Assertions\MatchExactly.Tests.ps1">
        <results>
          <test-suite type="TestFixture" name="MatchExactly" executed="True" result="Success" success="True" time="0.2486" asserts="0" description="MatchExactly">
            <results>
              <test-case description="returns true for things that match exactly" name="MatchExactly.returns true for things that match exactly" time="0.1829" asserts="0" success="True" result="Success" executed="True" />
              <test-case description="returns false for things that do not match exactly" name="MatchExactly.returns false for things that do not match exactly" time="0.0329" asserts="0" success="True" result="Success" executed="True" />
              <test-case description="uses regular expressions" name="MatchExactly.uses regular expressions" time="0.0328" asserts="0" success="True" result="Success" executed="True" />
            </results>
          </test-suite>
          <test-suite type="TestFixture" name="Should -MatchExactly" executed="True" result="Success" success="True" time="0.2506" asserts="0" description="Should -MatchExactly">
            <results>
              <test-case description="passes for regular expressions that match" name="Should -MatchExactly.passes for regular expressions that match" time="0.0824" asserts="0" success="True" result="Success" executed="True" />
              <test-case description="fails for regular expression with different case" name="Should -MatchExactly.fails for regular expression with different case" time="0.0518" asserts="0" success="True" result="Success" executed="True" />
              <test-case description="fails for regular expressions that do not match" name="Should -MatchExactly.fails for regular expressions that do not match" time="0.052" asserts="0" success="True" result="Success" executed="True" />
              <test-case description="returns the correct assertion message" name="Should -MatchExactly.returns the correct assertion message" time="0.0644" asserts="0" success="True" result="Success" executed="True" />
            </results>
          </test-suite>
          <test-suite type="TestFixture" name="Should -Not -MatchExactly" executed="True" result="Success" success="True" time="0.2571" asserts="0" description="Should -Not -MatchExactly">
            <results>
              <test-case description="passes for regular expressions that do not MatchExactly" name="Should -Not -MatchExactly.passes for regular expressions that do not MatchExactly" time="0.0974" asserts="0" success="True" result="Success" executed="True" />
              <test-case description="passes for strings with different case" name="Should -Not -MatchExactly.passes for strings with different case" time="0.0419" asserts="0" success="True" result="Success" executed="True" />
              <test-case description="fails for things that MatchExactly" name="Should -Not -MatchExactly.fails for things that MatchExactly" time="0.0584" asserts="0" success="True" result="Success" executed="True" />
              <test-case description="returns the correct assertion message" name="Should -Not -MatchExactly.returns the correct assertion message" time="0.0594" asserts="0" success="True" result="Success" executed="True" />
            </results>
          </test-suite>
        </results>
      </test-suite>
      <test-suite type="TestFixture" name="D:\_Studium\zSemester5\SA\GitRepo\SourceCode\Pester\Functions\Assertions\PesterThrow.Tests.ps1" executed="True" result="Success" success="True" time="4.3648" asserts="0" description="D:\_Studium\zSemester5\SA\GitRepo\SourceCode\Pester\Functions\Assertions\PesterThrow.Tests.ps1">
        <results>
          <test-suite type="TestFixture" name="Should -Throw" executed="True" result="Success" success="True" time="3.2314" asserts="0" description="Should -Throw">
            <results>
              <test-suite type="TestFixture" name="Basic functionality" executed="True" result="Success" success="True" time="0.7324" asserts="0" description="Basic functionality">
                <results>
                  <test-case description="given scriptblock that throws an exception it passes" name="Should -Throw.Basic functionality.given scriptblock that throws an exception it passes" time="0.351" asserts="0" success="True" result="Success" executed="True" />
                  <test-case description="given scriptblock that throws an exception is passes - legacy syntax" name="Should -Throw.Basic functionality.given scriptblock that throws an exception is passes - legacy syntax" time="0.0429" asserts="0" success="True" result="Success" executed="True" />
                  <test-case description="given scriptblock that does not throw an exception it fails" name="Should -Throw.Basic functionality.given scriptblock that does not throw an exception it fails" time="0.0822" asserts="0" success="True" result="Success" executed="True" />
                  <test-case description="given scriptblock that does not throw an exception it fails - legacy syntax" name="Should -Throw.Basic functionality.given scriptblock that does not throw an exception it fails - legacy syntax" time="0.0647" asserts="0" success="True" result="Success" executed="True" />
                  <test-case description="throws ArgumentException if null ScriptBlock is provided" name="Should -Throw.Basic functionality.throws ArgumentException if null ScriptBlock is provided" time="0.0665" asserts="0" success="True" result="Success" executed="True" />
                  <test-case description="throws ArgumentException if null ScriptBlock is provided - legacy syntax" name="Should -Throw.Basic functionality.throws ArgumentException if null ScriptBlock is provided - legacy syntax" time="0.0639" asserts="0" success="True" result="Success" executed="True" />
                  <test-case description="returns error when -PassThru is specified" name="Should -Throw.Basic functionality.returns error when -PassThru is specified" time="0.0611" asserts="0" success="True" result="Success" executed="True" />
                </results>
              </test-suite>
              <test-suite type="TestFixture" name="Matching error message" executed="True" result="Success" success="True" time="0.5332" asserts="0" description="Matching error message">
                <results>
                  <test-case description="given scriptblock that throws exception with the expected message it passes" name="Should -Throw.Matching error message.given scriptblock that throws exception with the expected message it passes" time="0.1258" asserts="0" success="True" result="Success" executed="True" />
                  <test-case description="given scriptblock that throws exception with the expected message it passes - legacy syntax" name="Should -Throw.Matching error message.given scriptblock that throws exception with the expected message it passes - legacy syntax" time="0.0455" asserts="0" success="True" result="Success" executed="True" />
                  <test-case description="given scriptblock that throws exception with the expected message in UPPERCASE it passes" name="Should -Throw.Matching error message.given scriptblock that throws exception with the expected message in UPPERCASE it passes" time="0.0581" asserts="0" success="True" result="Success" executed="True" />
                  <test-case description="given scriptblock that throws exception with the expected message in UPPERCASE it passes - legacy syntax" name="Should -Throw.Matching error message.given scriptblock that throws exception with the expected message in UPPERCASE it passes - legacy syntax" time="0.0418" asserts="0" success="True" result="Success" executed="True" />
                  <test-case description="given scriptblock that throws exception with a different message it fails" name="Should -Throw.Matching error message.given scriptblock that throws exception with a different message it fails" time="0.0815" asserts="0" success="True" result="Success" executed="True" />
                  <test-case description="given scriptblock that throws exception with a different message it fails - legacy syntax" name="Should -Throw.Matching error message.given scriptblock that throws exception with a different message it fails - legacy syntax" time="0.0838" asserts="0" success="True" result="Success" executed="True" />
                  <test-case description="given scriptblock that throws exception with message that contains the expected message it passes" name="Should -Throw.Matching error message.given scriptblock that throws exception with message that contains the expected message it passes" time="0.0576" asserts="0" success="True" result="Success" executed="True" />
                  <test-case description="given scriptblock that throws exception with message that contains the expected message it passes - legacy syntax" name="Should -Throw.Matching error message.given scriptblock that throws exception with message that contains the expected message it passes - legacy syntax" time="0.039" asserts="0" success="True" result="Success" executed="True" />
                </results>
              </test-suite>
              <test-suite type="TestFixture" name="Matching ErrorId (FullyQualifiedErrorId)" executed="True" result="Success" success="True" time="0.2691" asserts="0" description="Matching ErrorId (FullyQualifiedErrorId)">
                <results>
                  <test-case description="given scriptblock that throws exception with FullyQualifiedErrorId with the expected ErrorId it passes" name="Should -Throw.Matching ErrorId (FullyQualifiedErrorId).given scriptblock that throws exception with FullyQualifiedErrorId with the expected ErrorId it passes" time="0.1433" asserts="0" success="True" result="Success" executed="True" />
                  <test-case description="given scriptblock that throws exception with FullyQualifiedErrorId that contains the expected ErrorId it passes" name="Should -Throw.Matching ErrorId (FullyQualifiedErrorId).given scriptblock that throws exception with FullyQualifiedErrorId that contains the expected ErrorId it passes" time="0.0542" asserts="0" success="True" result="Success" executed="True" />
                  <test-case description="given scriptblock that throws exception with FullyQualifiedErrorId that is different from the expected ErrorId it fails" name="Should -Throw.Matching ErrorId (FullyQualifiedErrorId).given scriptblock that throws exception with FullyQualifiedErrorId that is different from the expected ErrorId it fails" time="0.0715" asserts="0" success="True" result="Success" executed="True" />
                </results>
              </test-suite>
              <test-suite type="TestFixture" name="Matching exception type" executed="True" result="Success" success="True" time="0.4349" asserts="0" description="Matching exception type">
                <results>
                  <test-case description="given scriptblock that throws exception with the expected type it passes" name="Should -Throw.Matching exception type.given scriptblock that throws exception with the expected type it passes" time="0.1202" asserts="0" success="True" result="Success" executed="True" />
                  <test-case description="given scriptblock that throws exception with a sub-type of the expected type it passes" name="Should -Throw.Matching exception type.given scriptblock that throws exception with a sub-type of the expected type it passes" time="0.0685" asserts="0" success="True" result="Success" executed="True" />
                  <test-case description="given scriptblock that throws errorrecord with the expected exception type it passes" name="Should -Throw.Matching exception type.given scriptblock that throws errorrecord with the expected exception type it passes" time="0.0588" asserts="0" success="True" result="Success" executed="True" />
                  <test-case description="given scriptblock that throws exception with a different type than the expected type it fails" name="Should -Throw.Matching exception type.given scriptblock that throws exception with a different type than the expected type it fails" time="0.1033" asserts="0" success="True" result="Success" executed="True" />
                  <test-case description="given scriptblock that throws errorrecord with a different exception type it fails" name="Should -Throw.Matching exception type.given scriptblock that throws errorrecord with a different exception type it fails" time="0.084" asserts="0" success="True" result="Success" executed="True" />
                </results>
              </test-suite>
              <test-suite type="TestFixture" name="Assertion messages" executed="True" result="Success" success="True" time="1.2619" asserts="0" description="Assertion messages">
                <results>
                  <test-suite type="TestFixture" name="parameter combintation, returns the correct assertion message" executed="True" result="Success" success="True" time="0.6408" asserts="0" description="parameter combintation, returns the correct assertion message">
                    <results>
                      <test-suite type="ParameterizedTest" name="Should -Throw.Assertion messages.parameter combintation, returns the correct assertion message.given scriptblock that throws an exception where &lt;notMatching&gt; parameter(s) don't match, it fails with correct assertion message&#xD;&#xA;actual:   id &lt;actualId&gt;, message &lt;actualMess&gt;, type &lt;actualType&gt;&#xD;&#xA;expected: id &lt;expectedId&gt;, message &lt;expectedMess&gt; type &lt;expectedType&gt;" executed="True" result="Success" success="True" time="0.6408" asserts="0" description="given scriptblock that throws an exception where &lt;notMatching&gt; parameter(s) don't match, it fails with correct assertion message&#xD;&#xA;actual:   id &lt;actualId&gt;, message &lt;actualMess&gt;, type &lt;actualType&gt;&#xD;&#xA;expected: id &lt;expectedId&gt;, message &lt;expectedMess&gt; type &lt;expectedType&gt;">
                        <results>
                          <test-case description="given scriptblock that throws an exception where 1 parameter(s) don't match, it fails with correct assertion message&#xD;&#xA;actual:   id -id, message +mess, type [System.InvalidOperationException]&#xD;&#xA;expected: id +id, message +mess type [System.InvalidOperationException]" name="Should -Throw.Assertion messages.parameter combintation, returns the correct assertion message.given scriptblock that throws an exception where 1 parameter(s) don't match, it fails with correct assertion message&#xD;&#xA;actual:   id -id, message +mess, type [System.InvalidOperationException]&#xD;&#xA;expected: id +id, message +mess type [System.InvalidOperationException]" time="0.2355" asserts="0" success="True" result="Success" executed="True" />
                          <test-case description="given scriptblock that throws an exception where 2 parameter(s) don't match, it fails with correct assertion message&#xD;&#xA;actual:   id -id, message -mess, type [System.InvalidOperationException]&#xD;&#xA;expected: id +id, message +mess type [System.InvalidOperationException]" name="Should -Throw.Assertion messages.parameter combintation, returns the correct assertion message.given scriptblock that throws an exception where 2 parameter(s) don't match, it fails with correct assertion message&#xD;&#xA;actual:   id -id, message -mess, type [System.InvalidOperationException]&#xD;&#xA;expected: id +id, message +mess type [System.InvalidOperationException]" time="0.1024" asserts="0" success="True" result="Success" executed="True" />
                          <test-case description="given scriptblock that throws an exception where 2 parameter(s) don't match, it fails with correct assertion message&#xD;&#xA;actual:   id +id, message -mess, type [System.ArgumentException]&#xD;&#xA;expected: id +id, message +mess type [System.InvalidOperationException]" name="Should -Throw.Assertion messages.parameter combintation, returns the correct assertion message.given scriptblock that throws an exception where 2 parameter(s) don't match, it fails with correct assertion message&#xD;&#xA;actual:   id +id, message -mess, type [System.ArgumentException]&#xD;&#xA;expected: id +id, message +mess type [System.InvalidOperationException]" time="0.1069" asserts="0" success="True" result="Success" executed="True" />
                          <test-case description="given scriptblock that throws an exception where 2 parameter(s) don't match, it fails with correct assertion message&#xD;&#xA;actual:   id -id, message +mess, type [System.ArgumentException]&#xD;&#xA;expected: id +id, message +mess type [System.InvalidOperationException]" name="Should -Throw.Assertion messages.parameter combintation, returns the correct assertion message.given scriptblock that throws an exception where 2 parameter(s) don't match, it fails with correct assertion message&#xD;&#xA;actual:   id -id, message +mess, type [System.ArgumentException]&#xD;&#xA;expected: id +id, message +mess type [System.InvalidOperationException]" time="0.1038" asserts="0" success="True" result="Success" executed="True" />
                          <test-case description="given scriptblock that throws an exception where 3 parameter(s) don't match, it fails with correct assertion message&#xD;&#xA;actual:   id -id, message -mess, type [System.ArgumentException]&#xD;&#xA;expected: id +id, message +mess type [System.InvalidOperationException]" name="Should -Throw.Assertion messages.parameter combintation, returns the correct assertion message.given scriptblock that throws an exception where 3 parameter(s) don't match, it fails with correct assertion message&#xD;&#xA;actual:   id -id, message -mess, type [System.ArgumentException]&#xD;&#xA;expected: id +id, message +mess type [System.InvalidOperationException]" time="0.0921" asserts="0" success="True" result="Success" executed="True" />
                        </results>
                      </test-suite>
                    </results>
                  </test-suite>
                  <test-case description="returns the correct assertion message when no exception is thrown" name="Should -Throw.Assertion messages.returns the correct assertion message when no exception is thrown" time="0.1743" asserts="0" success="True" result="Success" executed="True" />
                  <test-case description="returns the correct assertion message when type filter is used, but no exception is thrown" name="Should -Throw.Assertion messages.returns the correct assertion message when type filter is used, but no exception is thrown" time="0.0651" asserts="0" success="True" result="Success" executed="True" />
                  <test-case description="returns the correct assertion message when message filter is used, but no exception is thrown" name="Should -Throw.Assertion messages.returns the correct assertion message when message filter is used, but no exception is thrown" time="0.0666" asserts="0" success="True" result="Success" executed="True" />
                  <test-case description="returns the correct assertion message when errorId filter is used, but no exception is thrown" name="Should -Throw.Assertion messages.returns the correct assertion message when errorId filter is used, but no exception is thrown" time="0.0666" asserts="0" success="True" result="Success" executed="True" />
                  <test-case description="returns the correct assertion message when exceptions messages differ" name="Should -Throw.Assertion messages.returns the correct assertion message when exceptions messages differ" time="0.1501" asserts="0" success="True" result="Success" executed="True" />
                  <test-case description="returns the correct assertion message when reason is specified" name="Should -Throw.Assertion messages.returns the correct assertion message when reason is specified" time="0.0984" asserts="0" success="True" result="Success" executed="True" />
                </results>
              </test-suite>
            </results>
          </test-suite>
          <test-suite type="TestFixture" name="Should -Not -Throw" executed="True" result="Success" success="True" time="0.8931" asserts="0" description="Should -Not -Throw">
            <results>
              <test-suite type="TestFixture" name="Basic functionality" executed="True" result="Success" success="True" time="0.7553" asserts="0" description="Basic functionality">
                <results>
                  <test-case description="given scriptblock that does not throw an exception it passes" name="Should -Not -Throw.Basic functionality.given scriptblock that does not throw an exception it passes" time="0.1657" asserts="0" success="True" result="Success" executed="True" />
                  <test-case description="given scriptblock that does not throw an exception it passes - legacy syntax" name="Should -Not -Throw.Basic functionality.given scriptblock that does not throw an exception it passes - legacy syntax" time="0.0412" asserts="0" success="True" result="Success" executed="True" />
                  <test-case description="given scriptblock that throws an exception it fails" name="Should -Not -Throw.Basic functionality.given scriptblock that throws an exception it fails" time="0.0704" asserts="0" success="True" result="Success" executed="True" />
                  <test-case description="given scriptblock that throws an exception it fails - legacy syntax" name="Should -Not -Throw.Basic functionality.given scriptblock that throws an exception it fails - legacy syntax" time="0.0614" asserts="0" success="True" result="Success" executed="True" />
                  <test-case description="given scriptblock that throws an exception it fails, even if the messages match " name="Should -Not -Throw.Basic functionality.given scriptblock that throws an exception it fails, even if the messages match " time="0.0738" asserts="0" success="True" result="Success" executed="True" />
                  <test-case description="given scriptblock that throws an exception it fails, even if the messages match - legacy syntax" name="Should -Not -Throw.Basic functionality.given scriptblock that throws an exception it fails, even if the messages match - legacy syntax" time="0.0718" asserts="0" success="True" result="Success" executed="True" />
                  <test-case description="given scriptblock that throws an exception it fails, even if the messages do not match " name="Should -Not -Throw.Basic functionality.given scriptblock that throws an exception it fails, even if the messages do not match " time="0.0789" asserts="0" success="True" result="Success" executed="True" />
                  <test-case description="given scriptblock that throws an exception it fails, even if the messages do not match - legacy syntax" name="Should -Not -Throw.Basic functionality.given scriptblock that throws an exception it fails, even if the messages do not match - legacy syntax" time="0.066" asserts="0" success="True" result="Success" executed="True" />
                  <test-case description="throws ArgumentException if null ScriptBlock is provided" name="Should -Not -Throw.Basic functionality.throws ArgumentException if null ScriptBlock is provided" time="0.057" asserts="0" success="True" result="Success" executed="True" />
                  <test-case description="throws ArgumentException if null ScriptBlock is provided - legacy syntax" name="Should -Not -Throw.Basic functionality.throws ArgumentException if null ScriptBlock is provided - legacy syntax" time="0.0691" asserts="0" success="True" result="Success" executed="True" />
                </results>
              </test-suite>
              <test-suite type="TestFixture" name="Assertion messages" executed="True" result="Success" success="True" time="0.1378" asserts="0" description="Assertion messages">
                <results>
                  <test-case description="returns the correct assertion message when an exception is thrown" name="Should -Not -Throw.Assertion messages.returns the correct assertion message when an exception is thrown" time="0.1378" asserts="0" success="True" result="Success" executed="True" />
                </results>
              </test-suite>
            </results>
          </test-suite>
          <test-suite type="TestFixture" name="Get-DoMessagesMatch" executed="True" result="Success" success="True" time="0.2403" asserts="0" description="Get-DoMessagesMatch">
            <results>
              <test-case description="given the same messages it returns true" name="Get-DoMessagesMatch.given the same messages it returns true" time="0.0909" asserts="0" success="True" result="Success" executed="True" />
              <test-case description="given different messages it returns false" name="Get-DoMessagesMatch.given different messages it returns false" time="0.0274" asserts="0" success="True" result="Success" executed="True" />
              <test-case description="given no expectation it returns true" name="Get-DoMessagesMatch.given no expectation it returns true" time="0.0306" asserts="0" success="True" result="Success" executed="True" />
              <test-case description="given empty message and no expectation it returns true" name="Get-DoMessagesMatch.given empty message and no expectation it returns true" time="0.0302" asserts="0" success="True" result="Success" executed="True" />
              <test-case description="given empty message and empty expectation it returns true" name="Get-DoMessagesMatch.given empty message and empty expectation it returns true" time="0.0285" asserts="0" success="True" result="Success" executed="True" />
              <test-case description="given message that contains the expectation it returns true" name="Get-DoMessagesMatch.given message that contains the expectation it returns true" time="0.0327" asserts="0" success="True" result="Success" executed="True" />
            </results>
          </test-suite>
        </results>
      </test-suite>
      <test-suite type="TestFixture" name="D:\_Studium\zSemester5\SA\GitRepo\SourceCode\Pester\Functions\Assertions\Should.Tests.ps1" executed="True" result="Success" success="True" time="2.1665" asserts="0" description="D:\_Studium\zSemester5\SA\GitRepo\SourceCode\Pester\Functions\Assertions\Should.Tests.ps1">
        <results>
          <test-suite type="TestFixture" name="Parse-ShouldArgs" executed="True" result="Success" success="True" time="0.5657" asserts="0" description="Parse-ShouldArgs">
            <results>
              <test-suite type="TestFixture" name="for positive assertions" executed="True" result="Success" success="True" time="0.1421" asserts="0" description="for positive assertions">
                <results>
                  <test-case description="gets the expected value from the 2nd argument" name="Parse-ShouldArgs.for positive assertions.gets the expected value from the 2nd argument" time="0.0907" asserts="0" success="True" result="Success" executed="True" />
                  <test-case description="marks the args as a positive assertion" name="Parse-ShouldArgs.for positive assertions.marks the args as a positive assertion" time="0.0514" asserts="0" success="True" result="Success" executed="True" />
                </results>
              </test-suite>
              <test-suite type="TestFixture" name="for negative assertions" executed="True" result="Success" success="True" time="0.1514" asserts="0" description="for negative assertions">
                <results>
                  <test-case description="gets the expected value from the third argument" name="Parse-ShouldArgs.for negative assertions.gets the expected value from the third argument" time="0.1075" asserts="0" success="True" result="Success" executed="True" />
                  <test-case description="marks the args as a negative assertion" name="Parse-ShouldArgs.for negative assertions.marks the args as a negative assertion" time="0.0439" asserts="0" success="True" result="Success" executed="True" />
                </results>
              </test-suite>
              <test-case description="identifies assertion functions" name="Parse-ShouldArgs.identifies assertion functions" time="0.204" asserts="0" success="True" result="Success" executed="True" />
              <test-case description="works with strict mode when using 'switch' style tests" name="Parse-ShouldArgs.works with strict mode when using 'switch' style tests" time="0.0683" asserts="0" success="True" result="Success" executed="True" />
            </results>
          </test-suite>
          <test-suite type="TestFixture" name="Should" executed="True" result="Success" success="True" time="1.6008" asserts="0" description="Should">
            <results>
              <test-case description="can use the Be assertion" name="Should.can use the Be assertion" time="0.1335" asserts="0" success="True" result="Success" executed="True" />
              <test-case description="can use the Not Be assertion" name="Should.can use the Not Be assertion" time="0.0315" asserts="0" success="True" result="Success" executed="True" />
              <test-case description="can use the BeNullOrEmpty assertion" name="Should.can use the BeNullOrEmpty assertion" time="0.0494" asserts="0" success="True" result="Success" executed="True" />
              <test-case description="can use the Not BeNullOrEmpty assertion" name="Should.can use the Not BeNullOrEmpty assertion" time="0.1588" asserts="0" success="True" result="Success" executed="True" />
              <test-case description="can handle exception thrown assertions" name="Should.can handle exception thrown assertions" time="0.6511" asserts="0" success="True" result="Success" executed="True" />
              <test-case description="can handle exception should not be thrown assertions" name="Should.can handle exception should not be thrown assertions" time="0.1044" asserts="0" success="True" result="Success" executed="True" />
              <test-case description="can handle Exist assertion" name="Should.can handle Exist assertion" time="0.0324" asserts="0" success="True" result="Success" executed="True" />
              <test-case description="can handle the Match assertion" name="Should.can handle the Match assertion" time="0.0412" asserts="0" success="True" result="Success" executed="True" />
              <test-case description="can test for file contents" name="Should.can test for file contents" time="0.1367" asserts="0" success="True" result="Success" executed="True" />
              <test-case description="ensures all assertion functions provide failure messages" name="Should.ensures all assertion functions provide failure messages" time="0.1246" asserts="0" success="True" result="Success" executed="True" />
              <test-case description="can process functions with empty output as input" name="Should.can process functions with empty output as input" time="0.1372" asserts="0" success="True" result="Success" executed="True" />
            </results>
          </test-suite>
        </results>
      </test-suite>
      <test-suite type="TestFixture" name="D:\_Studium\zSemester5\SA\GitRepo\SourceCode\Pester\Functions\BreakAndContinue.Tests.ps1" executed="True" result="Success" success="True" time="0.2582" asserts="0" description="D:\_Studium\zSemester5\SA\GitRepo\SourceCode\Pester\Functions\BreakAndContinue.Tests.ps1">
        <results>
          <test-suite type="TestFixture" name="Clean handling of break and continue" executed="True" result="Success" success="True" time="0.2582" asserts="0" description="Clean handling of break and continue">
            <results>
              <test-suite type="TestFixture" name="Break" executed="True" result="Success" success="True" time="0" asserts="0" description="Break">
                <results />
              </test-suite>
              <test-suite type="TestFixture" name="Continue" executed="True" result="Success" success="True" time="0" asserts="0" description="Continue">
                <results />
              </test-suite>
              <test-case description="Did not abort the whole test run" name="Clean handling of break and continue.Did not abort the whole test run" time="0.2582" asserts="0" success="True" result="Success" executed="True" />
            </results>
          </test-suite>
        </results>
      </test-suite>
      <test-suite type="TestFixture" name="D:\_Studium\zSemester5\SA\GitRepo\SourceCode\Pester\Functions\Coverage.Tests.ps1" executed="True" result="Success" success="True" time="8.5278" asserts="0" description="D:\_Studium\zSemester5\SA\GitRepo\SourceCode\Pester\Functions\Coverage.Tests.ps1">
        <results>
          <test-suite type="TestFixture" name="Code Coverage Analysis" executed="True" result="Success" success="True" time="3.8478" asserts="0" description="Code Coverage Analysis">
            <results>
              <test-suite type="TestFixture" name="Entire file" executed="True" result="Success" success="True" time="1.4315" asserts="0" description="Entire file">
                <results>
                  <test-case description="Has the proper number of breakpoints defined" name="Code Coverage Analysis.Entire file.Has the proper number of breakpoints defined" time="0.9079" asserts="0" success="True" result="Success" executed="True" />
                  <test-case description="Reports the proper number of executed commands" name="Code Coverage Analysis.Entire file.Reports the proper number of executed commands" time="0.1583" asserts="0" success="True" result="Success" executed="True" />
                  <test-case description="Reports the proper number of analyzed commands" name="Code Coverage Analysis.Entire file.Reports the proper number of analyzed commands" time="0.0323" asserts="0" success="True" result="Success" executed="True" />
                  <test-case description="Reports the proper number of analyzed files" name="Code Coverage Analysis.Entire file.Reports the proper number of analyzed files" time="0.0537" asserts="0" success="True" result="Success" executed="True" />
                  <test-case description="Reports the proper number of missed commands" name="Code Coverage Analysis.Entire file.Reports the proper number of missed commands" time="0.0299" asserts="0" success="True" result="Success" executed="True" />
                  <test-case description="Reports the correct missed command" name="Code Coverage Analysis.Entire file.Reports the correct missed command" time="0.0296" asserts="0" success="True" result="Success" executed="True" />
                  <test-case description="Reports the proper number of hit commands" name="Code Coverage Analysis.Entire file.Reports the proper number of hit commands" time="0.0277" asserts="0" success="True" result="Success" executed="True" />
                  <test-case description="Reports the correct hit command" name="Code Coverage Analysis.Entire file.Reports the correct hit command" time="0.0284" asserts="0" success="True" result="Success" executed="True" />
                  <test-case description="JaCoCo report must be correct" name="Code Coverage Analysis.Entire file.JaCoCo report must be correct" time="0.1636" asserts="0" success="True" result="Success" executed="True" />
                </results>
              </test-suite>
              <test-suite type="TestFixture" name="Single function with missed commands" executed="True" result="Success" success="True" time="0.3197" asserts="0" description="Single function with missed commands">
                <results>
                  <test-case description="Has the proper number of breakpoints defined" name="Code Coverage Analysis.Single function with missed commands.Has the proper number of breakpoints defined" time="0.1824" asserts="0" success="True" result="Success" executed="True" />
                  <test-case description="Reports the proper number of executed commands" name="Code Coverage Analysis.Single function with missed commands.Reports the proper number of executed commands" time="0.0362" asserts="0" success="True" result="Success" executed="True" />
                  <test-case description="Reports the proper number of analyzed commands" name="Code Coverage Analysis.Single function with missed commands.Reports the proper number of analyzed commands" time="0.0288" asserts="0" success="True" result="Success" executed="True" />
                  <test-case description="Reports the proper number of missed commands" name="Code Coverage Analysis.Single function with missed commands.Reports the proper number of missed commands" time="0.0269" asserts="0" success="True" result="Success" executed="True" />
                  <test-case description="Reports the correct missed command" name="Code Coverage Analysis.Single function with missed commands.Reports the correct missed command" time="0.0172" asserts="0" success="True" result="Success" executed="True" />
                  <test-case description="Reports the proper number of hit commands" name="Code Coverage Analysis.Single function with missed commands.Reports the proper number of hit commands" time="0.0282" asserts="0" success="True" result="Success" executed="True" />
                </results>
              </test-suite>
              <test-suite type="TestFixture" name="Single function with no missed commands" executed="True" result="Success" success="True" time="0.415" asserts="0" description="Single function with no missed commands">
                <results>
                  <test-case description="Has the proper number of breakpoints defined" name="Code Coverage Analysis.Single function with no missed commands.Has the proper number of breakpoints defined" time="0.1313" asserts="0" success="True" result="Success" executed="True" />
                  <test-case description="Reports the proper number of executed commands" name="Code Coverage Analysis.Single function with no missed commands.Reports the proper number of executed commands" time="0.106" asserts="0" success="True" result="Success" executed="True" />
                  <test-case description="Reports the proper number of analyzed commands" name="Code Coverage Analysis.Single function with no missed commands.Reports the proper number of analyzed commands" time="0.0807" asserts="0" success="True" result="Success" executed="True" />
                  <test-case description="Reports the proper number of missed commands" name="Code Coverage Analysis.Single function with no missed commands.Reports the proper number of missed commands" time="0.0407" asserts="0" success="True" result="Success" executed="True" />
                  <test-case description="Reports the proper number of hit commands" name="Code Coverage Analysis.Single function with no missed commands.Reports the proper number of hit commands" time="0.0314" asserts="0" success="True" result="Success" executed="True" />
                  <test-case description="Reports the correct hit command" name="Code Coverage Analysis.Single function with no missed commands.Reports the correct hit command" time="0.0249" asserts="0" success="True" result="Success" executed="True" />
                </results>
              </test-suite>
              <test-suite type="TestFixture" name="Range of lines" executed="True" result="Success" success="True" time="0.336" asserts="0" description="Range of lines">
                <results>
                  <test-case description="Has the proper number of breakpoints defined" name="Code Coverage Analysis.Range of lines.Has the proper number of breakpoints defined" time="0.1369" asserts="0" success="True" result="Success" executed="True" />
                  <test-case description="Reports the proper number of executed commands" name="Code Coverage Analysis.Range of lines.Reports the proper number of executed commands" time="0.0375" asserts="0" success="True" result="Success" executed="True" />
                  <test-case description="Reports the proper number of analyzed commands" name="Code Coverage Analysis.Range of lines.Reports the proper number of analyzed commands" time="0.0426" asserts="0" success="True" result="Success" executed="True" />
                  <test-case description="Reports the proper number of missed commands" name="Code Coverage Analysis.Range of lines.Reports the proper number of missed commands" time="0.0201" asserts="0" success="True" result="Success" executed="True" />
                  <test-case description="Reports the proper number of hit commands" name="Code Coverage Analysis.Range of lines.Reports the proper number of hit commands" time="0.0476" asserts="0" success="True" result="Success" executed="True" />
                  <test-case description="Reports the correct hit command" name="Code Coverage Analysis.Range of lines.Reports the correct hit command" time="0.0513" asserts="0" success="True" result="Success" executed="True" />
                </results>
              </test-suite>
              <test-suite type="TestFixture" name="Wildcard resolution" executed="True" result="Success" success="True" time="1.3456" asserts="0" description="Wildcard resolution">
                <results>
                  <test-case description="Has the proper number of breakpoints defined" name="Code Coverage Analysis.Wildcard resolution.Has the proper number of breakpoints defined" time="0.2264" asserts="0" success="True" result="Success" executed="True" />
                  <test-case description="Reports the proper number of executed commands" name="Code Coverage Analysis.Wildcard resolution.Reports the proper number of executed commands" time="0.0455" asserts="0" success="True" result="Success" executed="True" />
                  <test-case description="Reports the proper number of analyzed commands" name="Code Coverage Analysis.Wildcard resolution.Reports the proper number of analyzed commands" time="0.0509" asserts="0" success="True" result="Success" executed="True" />
                  <test-case description="Reports the proper number of analyzed files" name="Code Coverage Analysis.Wildcard resolution.Reports the proper number of analyzed files" time="0.0441" asserts="0" success="True" result="Success" executed="True" />
                  <test-case description="Reports the proper number of missed commands" name="Code Coverage Analysis.Wildcard resolution.Reports the proper number of missed commands" time="0.0279" asserts="0" success="True" result="Success" executed="True" />
                  <test-case description="Reports the correct missed command" name="Code Coverage Analysis.Wildcard resolution.Reports the correct missed command" time="0.1602" asserts="0" success="True" result="Success" executed="True" />
                  <test-case description="Reports the proper number of hit commands" name="Code Coverage Analysis.Wildcard resolution.Reports the proper number of hit commands" time="0.7546" asserts="0" success="True" result="Success" executed="True" />
                  <test-case description="Reports the correct hit command" name="Code Coverage Analysis.Wildcard resolution.Reports the correct hit command" time="0.0358" asserts="0" success="True" result="Success" executed="True" />
                </results>
              </test-suite>
            </results>
          </test-suite>
          <test-suite type="TestFixture" name="Stripping common parent paths" executed="True" result="Success" success="True" time="0.2693" asserts="0" description="Stripping common parent paths">
            <results>
              <test-case description="Identifies the correct parent path" name="Stripping common parent paths.Identifies the correct parent path" time="0.2155" asserts="0" success="True" result="Success" executed="True" />
              <test-case description="Strips the common path correctly" name="Stripping common parent paths.Strips the common path correctly" time="0.0538" asserts="0" success="True" result="Success" executed="True" />
            </results>
          </test-suite>
          <test-suite type="TestFixture" name="Analyzing coverage of a DSC configuration" executed="True" result="Success" success="True" time="4.4108" asserts="0" description="Analyzing coverage of a DSC configuration">
            <results>
              <test-case description="Has the proper number of breakpoints defined" name="Analyzing coverage of a DSC configuration.Has the proper number of breakpoints defined" time="1.2118" asserts="0" success="True" result="Success" executed="True" />
              <test-case description="Reports the proper number of missed commands before running the configuration" name="Analyzing coverage of a DSC configuration.Reports the proper number of missed commands before running the configuration" time="0.2529" asserts="0" success="True" result="Success" executed="True" />
              <test-case description="Reports the proper number of missed commands after running the configuration" name="Analyzing coverage of a DSC configuration.Reports the proper number of missed commands after running the configuration" time="2.9461" asserts="0" success="True" result="Success" executed="True" />
            </results>
          </test-suite>
        </results>
      </test-suite>
      <test-suite type="TestFixture" name="D:\_Studium\zSemester5\SA\GitRepo\SourceCode\Pester\Functions\Describe.Tests.ps1" executed="True" result="Success" success="True" time="2.6551" asserts="0" description="D:\_Studium\zSemester5\SA\GitRepo\SourceCode\Pester\Functions\Describe.Tests.ps1">
        <results>
          <test-suite type="TestFixture" name="Testing Describe" executed="True" result="Success" success="True" time="0.263" asserts="0" description="Testing Describe">
            <results>
              <test-case description="Has a non-mandatory fixture parameter which throws the proper error message if missing" name="Testing Describe.Has a non-mandatory fixture parameter which throws the proper error message if missing" time="0.263" asserts="0" success="True" result="Success" executed="True" />
            </results>
          </test-suite>
          <test-suite type="TestFixture" name="Describe - Implementation" executed="True" result="Success" success="True" time="2.392" asserts="0" description="Describe - Implementation">
            <results>
              <test-suite type="TestFixture" name="Handling errors in the Fixture" executed="True" result="Success" success="True" time="0.7521" asserts="0" description="Handling errors in the Fixture">
                <results>
                  <test-case description="Does not rethrow terminating exceptions from the Fixture block" name="Describe - Implementation.Handling errors in the Fixture.Does not rethrow terminating exceptions from the Fixture block" time="0.5068" asserts="0" success="True" result="Success" executed="True" />
                  <test-case description="Adds a failed test result when errors occur in the Describe block" name="Describe - Implementation.Handling errors in the Fixture.Adds a failed test result when errors occur in the Describe block" time="0.065" asserts="0" success="True" result="Success" executed="True" />
                  <test-case description="Does not attempt to run the rest of the Describe block after the error occurs" name="Describe - Implementation.Handling errors in the Fixture.Does not attempt to run the rest of the Describe block after the error occurs" time="0.1803" asserts="0" success="True" result="Success" executed="True" />
                </results>
              </test-suite>
              <test-suite type="TestFixture" name="Calls to the output blocks" executed="True" result="Success" success="True" time="0.5628" asserts="0" description="Calls to the output blocks">
                <results>
                  <test-case description="Calls the Describe output block once, and does not call the test output block when no errors occur" name="Describe - Implementation.Calls to the output blocks.Calls the Describe output block once, and does not call the test output block when no errors occur" time="0.4088" asserts="0" success="True" result="Success" executed="True" />
                  <test-case description="Calls the Describe output block once, and the test output block once if an error occurs." name="Describe - Implementation.Calls to the output blocks.Calls the Describe output block once, and the test output block once if an error occurs." time="0.154" asserts="0" success="True" result="Success" executed="True" />
                </results>
              </test-suite>
              <test-suite type="TestFixture" name="Test Name Filter" executed="True" result="Success" success="True" time="0.3657" asserts="0" description="Test Name Filter">
                <results>
                  <test-suite type="ParameterizedTest" name="Describe - Implementation.Test Name Filter.Calls the test block when the test name &lt;Description&gt;" executed="True" result="Success" success="True" time="0.3195" asserts="0" description="Calls the test block when the test name &lt;Description&gt;">
                    <results>
                      <test-case description="Calls the test block when the test name matches a wildcard" name="Describe - Implementation.Test Name Filter.Calls the test block when the test name matches a wildcard" time="0.2061" asserts="0" success="True" result="Success" executed="True" />
                      <test-case description="Calls the test block when the test name matches exactly" name="Describe - Implementation.Test Name Filter.Calls the test block when the test name matches exactly" time="0.0715" asserts="0" success="True" result="Success" executed="True" />
                      <test-case description="Calls the test block when the test name matches ignoring case" name="Describe - Implementation.Test Name Filter.Calls the test block when the test name matches ignoring case" time="0.042" asserts="0" success="True" result="Success" executed="True" />
                    </results>
                  </test-suite>
                  <test-case description="Does not call the test block when the test name doesn't match a filter" name="Describe - Implementation.Test Name Filter.Does not call the test block when the test name doesn't match a filter" time="0.0462" asserts="0" success="True" result="Success" executed="True" />
                </results>
              </test-suite>
              <test-suite type="TestFixture" name="Tags Filter" executed="True" result="Success" success="True" time="0.3885" asserts="0" description="Tags Filter">
                <results>
                  <test-suite type="ParameterizedTest" name="Describe - Implementation.Tags Filter.Given a filter &lt;filter&gt; and a test with tags &lt;tags&gt; the test runs, because &lt;because&gt;" executed="True" result="Success" success="True" time="0.3345" asserts="0" description="Given a filter &lt;filter&gt; and a test with tags &lt;tags&gt; the test runs, because &lt;because&gt;">
                    <results>
                      <test-case description="Given a filter @('Unit', 'Integ*') and a test with tags Unit the test runs, because the first tag matches exactly" name="Describe - Implementation.Tags Filter.Given a filter @('Unit', 'Integ*') and a test with tags Unit the test runs, because the first tag matches exactly" time="0.2049" asserts="0" success="True" result="Success" executed="True" />
                      <test-case description="Given a filter @('Unit', 'Integ*') and a test with tags @('Unit', 'Integration') the test runs, because the first tag matches exactly and the second tag matches by wildcard" name="Describe - Implementation.Tags Filter.Given a filter @('Unit', 'Integ*') and a test with tags @('Unit', 'Integration') the test runs, because the first tag matches exactly and the second tag matches by wildcard" time="0.0454" asserts="0" success="True" result="Success" executed="True" />
                      <test-case description="Given a filter @('Unit', 'Integ*') and a test with tags @('Low', 'Unit') the test runs, because the first tag does not match but the second tag does" name="Describe - Implementation.Tags Filter.Given a filter @('Unit', 'Integ*') and a test with tags @('Low', 'Unit') the test runs, because the first tag does not match but the second tag does" time="0.0842" asserts="0" success="True" result="Success" executed="True" />
                    </results>
                  </test-suite>
                  <test-suite type="ParameterizedTest" name="Describe - Implementation.Tags Filter.Given a filter &lt;filter&gt; and a test with tags &lt;tags&gt; that do not match it does not run the test, because &lt;because&gt;" executed="True" result="Success" success="True" time="0.0541" asserts="0" description="Given a filter &lt;filter&gt; and a test with tags &lt;tags&gt; that do not match it does not run the test, because &lt;because&gt;">
                    <results>
                      <test-case description="Given a filter @('Unit', 'Integ*') and a test with tags Low that do not match it does not run the test, because none of the tags match" name="Describe - Implementation.Tags Filter.Given a filter @('Unit', 'Integ*') and a test with tags Low that do not match it does not run the test, because none of the tags match" time="0.0541" asserts="0" success="True" result="Success" executed="True" />
                    </results>
                  </test-suite>
                </results>
              </test-suite>
              <test-suite type="TestFixture" name="Exclude Tags Filter" executed="True" result="Success" success="True" time="0.3229" asserts="0" description="Exclude Tags Filter">
                <results>
                  <test-suite type="ParameterizedTest" name="Describe - Implementation.Exclude Tags Filter.Given a filter &lt;filter&gt; and a test with tags &lt;tags&gt; the test does not run, because &lt;because&gt;" executed="True" result="Success" success="True" time="0.2458" asserts="0" description="Given a filter &lt;filter&gt; and a test with tags &lt;tags&gt; the test does not run, because &lt;because&gt;">
                    <results>
                      <test-case description="Given a filter @('Unit', 'Integ*') and a test with tags Unit the test does not run, because the first tag matches exactly" name="Describe - Implementation.Exclude Tags Filter.Given a filter @('Unit', 'Integ*') and a test with tags Unit the test does not run, because the first tag matches exactly" time="0.1306" asserts="0" success="True" result="Success" executed="True" />
                      <test-case description="Given a filter @('Unit', 'Integ*') and a test with tags @('Unit', 'Integration') the test does not run, because the first tag matches exactly and the second tag matches by wildcard" name="Describe - Implementation.Exclude Tags Filter.Given a filter @('Unit', 'Integ*') and a test with tags @('Unit', 'Integration') the test does not run, because the first tag matches exactly and the second tag matches by wildcard" time="0.0894" asserts="0" success="True" result="Success" executed="True" />
                      <test-case description="Given a filter @('Unit', 'Integ*') and a test with tags @('Low', 'Unit') the test does not run, because the first tag does not match but the second tag does" name="Describe - Implementation.Exclude Tags Filter.Given a filter @('Unit', 'Integ*') and a test with tags @('Low', 'Unit') the test does not run, because the first tag does not match but the second tag does" time="0.0258" asserts="0" success="True" result="Success" executed="True" />
                    </results>
                  </test-suite>
                  <test-suite type="ParameterizedTest" name="Describe - Implementation.Exclude Tags Filter.Given a filter &lt;filter&gt; and a test with tags &lt;tags&gt; that do not match it runs the test, because &lt;because&gt;" executed="True" result="Success" success="True" time="0.0771" asserts="0" description="Given a filter &lt;filter&gt; and a test with tags &lt;tags&gt; that do not match it runs the test, because &lt;because&gt;">
                    <results>
                      <test-case description="Given a filter @('Unit', 'Integ*') and a test with tags Low that do not match it runs the test, because none of the tags match" name="Describe - Implementation.Exclude Tags Filter.Given a filter @('Unit', 'Integ*') and a test with tags Low that do not match it runs the test, because none of the tags match" time="0.0771" asserts="0" success="True" result="Success" executed="True" />
                    </results>
                  </test-suite>
                </results>
              </test-suite>
            </results>
          </test-suite>
        </results>
      </test-suite>
      <test-suite type="TestFixture" name="D:\_Studium\zSemester5\SA\GitRepo\SourceCode\Pester\Functions\Environment.Tests.ps1" executed="True" result="Success" success="True" time="2.2291" asserts="0" description="D:\_Studium\zSemester5\SA\GitRepo\SourceCode\Pester\Functions\Environment.Tests.ps1">
        <results>
          <test-suite type="TestFixture" name="GetPesterPsVersion" executed="True" result="Success" success="True" time="0.5957" asserts="0" description="GetPesterPsVersion">
            <results>
              <test-case description="Returns value of $PSVersionTable.PsVersion.Major" name="GetPesterPsVersion.Returns value of $PSVersionTable.PsVersion.Major" time="0.5957" asserts="0" success="True" result="Success" executed="True" />
            </results>
          </test-suite>
          <test-suite type="TestFixture" name="GetPesterOs" executed="True" result="Success" success="True" time="1.3205" asserts="0" description="GetPesterOs">
            <results>
              <test-suite type="TestFixture" name="Windows with PowerShell 5 and lower" executed="True" result="Success" success="True" time="0.2622" asserts="0" description="Windows with PowerShell 5 and lower">
                <results>
                  <test-case description="Returns 'Windows' when PowerShell version is lower than 6" name="GetPesterOs.Windows with PowerShell 5 and lower.Returns 'Windows' when PowerShell version is lower than 6" time="0.2622" asserts="0" success="True" result="Success" executed="True" />
                </results>
              </test-suite>
              <test-suite type="TestFixture" name="Windows with PowerShell 6 and higher" executed="True" result="Success" success="True" time="0.4254" asserts="0" description="Windows with PowerShell 6 and higher">
                <results>
                  <test-case description="Returns 'Windows' when $IsWindows is $true and powershell version is 6 or higher" name="GetPesterOs.Windows with PowerShell 6 and higher.Returns 'Windows' when $IsWindows is $true and powershell version is 6 or higher" time="0.3294" asserts="0" success="True" result="Success" executed="True" />
                  <test-case description="Uses Get-Variable to retrieve IsWindows" name="GetPesterOs.Windows with PowerShell 6 and higher.Uses Get-Variable to retrieve IsWindows" time="0.096" asserts="0" success="True" result="Success" executed="True" />
                </results>
              </test-suite>
              <test-suite type="TestFixture" name="Linux with PowerShell 6 and higher" executed="True" result="Success" success="True" time="0.3719" asserts="0" description="Linux with PowerShell 6 and higher">
                <results>
                  <test-case description="Returns 'Linux' when $IsLinux is $true and powershell version is 6 or higher" name="GetPesterOs.Linux with PowerShell 6 and higher.Returns 'Linux' when $IsLinux is $true and powershell version is 6 or higher" time="0.3296" asserts="0" success="True" result="Success" executed="True" />
                  <test-case description="Uses Get-Variable to retrieve IsLinux" name="GetPesterOs.Linux with PowerShell 6 and higher.Uses Get-Variable to retrieve IsLinux" time="0.0422" asserts="0" success="True" result="Success" executed="True" />
                </results>
              </test-suite>
              <test-suite type="TestFixture" name="macOS with PowerShell 6 and higher" executed="True" result="Success" success="True" time="0.2611" asserts="0" description="macOS with PowerShell 6 and higher">
                <results>
                  <test-case description="Returns 'OSX' when $IsMacOS is $true and powershell version is 6 or higher" name="GetPesterOs.macOS with PowerShell 6 and higher.Returns 'OSX' when $IsMacOS is $true and powershell version is 6 or higher" time="0.2071" asserts="0" success="True" result="Success" executed="True" />
                  <test-case description="Uses Get-Variable to retrieve IsMacOS" name="GetPesterOs.macOS with PowerShell 6 and higher.Uses Get-Variable to retrieve IsMacOS" time="0.054" asserts="0" success="True" result="Success" executed="True" />
                </results>
              </test-suite>
            </results>
          </test-suite>
          <test-suite type="TestFixture" name="Get-TempDirectory" executed="True" result="Success" success="True" time="0.3128" asserts="0" description="Get-TempDirectory">
            <results>
              <test-case description="returns the correct temp directory for Windows" name="Get-TempDirectory.returns the correct temp directory for Windows" time="0.172" asserts="0" success="True" result="Success" executed="True" />
              <test-case description="returns '/tmp' directory for MacOS" name="Get-TempDirectory.returns '/tmp' directory for MacOS" time="0.0738" asserts="0" success="True" result="Success" executed="True" />
              <test-case description="returns '/tmp' directory for Linux" name="Get-TempDirectory.returns '/tmp' directory for Linux" time="0.067" asserts="0" success="True" result="Success" executed="True" />
            </results>
          </test-suite>
        </results>
      </test-suite>
      <test-suite type="TestFixture" name="D:\_Studium\zSemester5\SA\GitRepo\SourceCode\Pester\Functions\Gherkin.Tests.ps1" executed="True" result="Success" success="True" time="27.8996" asserts="0" description="D:\_Studium\zSemester5\SA\GitRepo\SourceCode\Pester\Functions\Gherkin.Tests.ps1">
        <results>
          <test-suite type="TestFixture" name="Invoke-Gherkin" executed="True" result="Success" success="True" time="9.7342" asserts="0" description="Invoke-Gherkin">
            <results>
              <test-case description="Works on the Validator example" name="Invoke-Gherkin.Works on the Validator example" time="9.5556" asserts="0" success="True" result="Success" executed="True" />
              <test-case description="Supports testing only scenarios with certain tags" name="Invoke-Gherkin.Supports testing only scenarios with certain tags" time="0.0311" asserts="0" success="True" result="Success" executed="True" />
              <test-case description="Supports tagging examples" name="Invoke-Gherkin.Supports tagging examples" time="0.0427" asserts="0" success="True" result="Success" executed="True" />
              <test-case description="Supports excluding scenarios by tag" name="Invoke-Gherkin.Supports excluding scenarios by tag" time="0.037" asserts="0" success="True" result="Success" executed="True" />
              <test-case description="Supports running specific scenarios by name" name="Invoke-Gherkin.Supports running specific scenarios by name" time="0.0322" asserts="0" success="True" result="Success" executed="True" />
              <test-case description="Outputs the correct number of passed scenarios" name="Invoke-Gherkin.Outputs the correct number of passed scenarios" time="0.0356" asserts="0" success="True" result="Success" executed="True" />
            </results>
          </test-suite>
          <test-suite type="TestFixture" name="Gherkin Before Feature" executed="True" result="Success" success="True" time="5.9005" asserts="0" description="Gherkin Before Feature">
            <results>
              <test-case description="Should output two passed scenarios, not the background plus scenarios (bug 911)" name="Gherkin Before Feature.Should output two passed scenarios, not the background plus scenarios (bug 911)" time="5.9005" asserts="0" success="True" result="Success" executed="True" />
            </results>
          </test-suite>
          <test-suite type="TestFixture" name="Gherkin Scopes to Scenarios" executed="True" result="Success" success="True" time="6.3605" asserts="0" description="Gherkin Scopes to Scenarios">
            <results>
              <test-case description="Should output three passed scenarios" name="Gherkin Scopes to Scenarios.Should output three passed scenarios" time="6.3605" asserts="0" success="True" result="Success" executed="True" />
            </results>
          </test-suite>
          <test-suite type="TestFixture" name="Mocking works in Gherkin" executed="True" result="Success" success="True" time="5.9044" asserts="0" description="Mocking works in Gherkin">
            <results>
              <test-case description="Should output three passed scenarios" name="Mocking works in Gherkin.Should output three passed scenarios" time="5.9044" asserts="0" success="True" result="Success" executed="True" />
            </results>
          </test-suite>
        </results>
      </test-suite>
      <test-suite type="TestFixture" name="D:\_Studium\zSemester5\SA\GitRepo\SourceCode\Pester\Functions\GherkinHook.Tests.ps1" executed="True" result="Success" success="True" time="7.7777" asserts="0" description="D:\_Studium\zSemester5\SA\GitRepo\SourceCode\Pester\Functions\GherkinHook.Tests.ps1">
        <results>
          <test-suite type="TestFixture" name="Testing Gherkin Hook" executed="True" result="Success" success="True" time="7.7777" asserts="0" description="Testing Gherkin Hook">
            <results>
              <test-case description="Has a BeforeEachFeature function which takes a ScriptBlock and populates GherkinHooks" name="Testing Gherkin Hook.Has a BeforeEachFeature function which takes a ScriptBlock and populates GherkinHooks" time="0.1898" asserts="0" success="True" result="Success" executed="True" />
              <test-case description="Has a BeforeEachScenario function which takes a ScriptBlock and populates GherkinHooks" name="Testing Gherkin Hook.Has a BeforeEachScenario function which takes a ScriptBlock and populates GherkinHooks" time="0.0599" asserts="0" success="True" result="Success" executed="True" />
              <test-case description="Has a AfterEachFeature function which takes a ScriptBlock and populates GherkinHooks" name="Testing Gherkin Hook.Has a AfterEachFeature function which takes a ScriptBlock and populates GherkinHooks" time="0.0673" asserts="0" success="True" result="Success" executed="True" />
              <test-case description="Has a AfterEachFeature function which takes a ScriptBlock and populates GherkinHooks" name="Testing Gherkin Hook.Has a AfterEachFeature function which takes a ScriptBlock and populates GherkinHooks" time="0.0287" asserts="0" success="True" result="Success" executed="True" />
              <test-case description="The BeforeEachFeature function takes Tags and stores them" name="Testing Gherkin Hook.The BeforeEachFeature function takes Tags and stores them" time="0.0585" asserts="0" success="True" result="Success" executed="True" />
              <test-case description="The BeforeEachScenario function takes Tags and stores them" name="Testing Gherkin Hook.The BeforeEachScenario function takes Tags and stores them" time="0.0557" asserts="0" success="True" result="Success" executed="True" />
              <test-case description="The AfterEachFeature function takes Tags and stores them" name="Testing Gherkin Hook.The AfterEachFeature function takes Tags and stores them" time="0.0526" asserts="0" success="True" result="Success" executed="True" />
              <test-case description="The AfterEachFeature function takes Tags and stores them" name="Testing Gherkin Hook.The AfterEachFeature function takes Tags and stores them" time="0.0317" asserts="0" success="True" result="Success" executed="True" />
              <test-case description="Calls the hooks in order" name="Testing Gherkin Hook.Calls the hooks in order" time="7.2335" asserts="0" success="True" result="Success" executed="True" />
            </results>
          </test-suite>
        </results>
      </test-suite>
      <test-suite type="TestFixture" name="D:\_Studium\zSemester5\SA\GitRepo\SourceCode\Pester\Functions\GherkinStep.Tests.ps1" executed="True" result="Success" success="True" time="0.3976" asserts="0" description="D:\_Studium\zSemester5\SA\GitRepo\SourceCode\Pester\Functions\GherkinStep.Tests.ps1">
        <results>
          <test-suite type="TestFixture" name="Testing Gherkin Step" executed="True" result="Success" success="True" time="0.3976" asserts="0" description="Testing Gherkin Step">
            <results>
              <test-case description="Generates a function named &quot;GherkinStep&quot; with mandatory name and test parameters" name="Testing Gherkin Step.Generates a function named &quot;GherkinStep&quot; with mandatory name and test parameters" time="0.2679" asserts="0" success="True" result="Success" executed="True" />
              <test-case description="Generates aliases Given, When, Then, And, But for GherkinStep" name="Testing Gherkin Step.Generates aliases Given, When, Then, And, But for GherkinStep" time="0.0589" asserts="0" success="True" result="Success" executed="True" />
              <test-case description="Populates the GherkinSteps module variable" name="Testing Gherkin Step.Populates the GherkinSteps module variable" time="0.0708" asserts="0" success="True" result="Success" executed="True" />
            </results>
          </test-suite>
        </results>
      </test-suite>
      <test-suite type="TestFixture" name="D:\_Studium\zSemester5\SA\GitRepo\SourceCode\Pester\Functions\GlobalMock-A.Tests.ps1" executed="True" result="Success" success="True" time="0.2526" asserts="0" description="D:\_Studium\zSemester5\SA\GitRepo\SourceCode\Pester\Functions\GlobalMock-A.Tests.ps1">
        <results>
          <test-suite type="TestFixture" name="Mocking Global Functions - Part One" executed="True" result="Success" success="True" time="0.2526" asserts="0" description="Mocking Global Functions - Part One">
            <results>
              <test-case description="Mocks the global function" name="Mocking Global Functions - Part One.Mocks the global function" time="0.2526" asserts="0" success="True" result="Success" executed="True" />
            </results>
          </test-suite>
        </results>
      </test-suite>
      <test-suite type="TestFixture" name="D:\_Studium\zSemester5\SA\GitRepo\SourceCode\Pester\Functions\GlobalMock-B.Tests.ps1" executed="True" result="Success" success="True" time="0.2165" asserts="0" description="D:\_Studium\zSemester5\SA\GitRepo\SourceCode\Pester\Functions\GlobalMock-B.Tests.ps1">
        <results>
          <test-suite type="TestFixture" name="Mocking Global Functions - Part Two" executed="True" result="Success" success="True" time="0.2165" asserts="0" description="Mocking Global Functions - Part Two">
            <results>
              <test-case description="Restored the global function properly" name="Mocking Global Functions - Part Two.Restored the global function properly" time="0.2165" asserts="0" success="True" result="Success" executed="True" />
            </results>
          </test-suite>
        </results>
      </test-suite>
      <test-suite type="TestFixture" name="D:\_Studium\zSemester5\SA\GitRepo\SourceCode\Pester\Functions\In.Tests.ps1" executed="True" result="Success" success="True" time="0.2916" asserts="0" description="D:\_Studium\zSemester5\SA\GitRepo\SourceCode\Pester\Functions\In.Tests.ps1">
        <results>
          <test-suite type="TestFixture" name="the In statement" executed="True" result="Success" success="True" time="0.2916" asserts="0" description="the In statement">
            <results>
              <test-case description="executes a command in that directory" name="the In statement.executes a command in that directory" time="0.2389" asserts="0" success="True" result="Success" executed="True" />
              <test-case description="updates the $pwd variable when executed" name="the In statement.updates the $pwd variable when executed" time="0.0527" asserts="0" success="True" result="Success" executed="True" />
            </results>
          </test-suite>
        </results>
      </test-suite>
      <test-suite type="TestFixture" name="D:\_Studium\zSemester5\SA\GitRepo\SourceCode\Pester\Functions\InModuleScope.Tests.ps1" executed="True" result="Success" success="True" time="0.9031" asserts="0" description="D:\_Studium\zSemester5\SA\GitRepo\SourceCode\Pester\Functions\InModuleScope.Tests.ps1">
        <results>
          <test-suite type="TestFixture" name="Module scope separation" executed="True" result="Success" success="True" time="0.2663" asserts="0" description="Module scope separation">
            <results>
              <test-suite type="TestFixture" name="When users define variables with the same name as Pester parameters" executed="True" result="Success" success="True" time="0.2052" asserts="0" description="When users define variables with the same name as Pester parameters">
                <results>
                  <test-case description="does not hide user variables" name="Module scope separation.When users define variables with the same name as Pester parameters.does not hide user variables" time="0.2052" asserts="0" success="True" result="Success" executed="True" />
                </results>
              </test-suite>
              <test-case description="Does not expose Pester implementation details to the SUT" name="Module scope separation.Does not expose Pester implementation details to the SUT" time="0.0611" asserts="0" success="True" result="Success" executed="True" />
            </results>
          </test-suite>
          <test-suite type="TestFixture" name="Executing test code inside a module" executed="True" result="Success" success="True" time="0.5017" asserts="0" description="Executing test code inside a module">
            <results>
              <test-case description="Cannot call module internal functions, by default" name="Executing test code inside a module.Cannot call module internal functions, by default" time="0.3217" asserts="0" success="True" result="Success" executed="True" />
              <test-case description="Can call module internal functions using InModuleScope" name="Executing test code inside a module.Can call module internal functions using InModuleScope" time="0.0707" asserts="0" success="True" result="Success" executed="True" />
              <test-case description="Can mock functions inside the module without using Mock -ModuleName" name="Executing test code inside a module.Can mock functions inside the module without using Mock -ModuleName" time="0.1092" asserts="0" success="True" result="Success" executed="True" />
            </results>
          </test-suite>
          <test-suite type="TestFixture" name="Get-ScriptModule behavior" executed="True" result="Success" success="True" time="0.1351" asserts="0" description="Get-ScriptModule behavior">
            <results>
              <test-suite type="TestFixture" name="When attempting to mock a command in a non-existent module" executed="True" result="Success" success="True" time="0.1351" asserts="0" description="When attempting to mock a command in a non-existent module">
                <results>
                  <test-case description="should throw an exception" name="Get-ScriptModule behavior.When attempting to mock a command in a non-existent module.should throw an exception" time="0.1351" asserts="0" success="True" result="Success" executed="True" />
                </results>
              </test-suite>
            </results>
          </test-suite>
        </results>
      </test-suite>
      <test-suite type="TestFixture" name="D:\_Studium\zSemester5\SA\GitRepo\SourceCode\Pester\Functions\It.Tests.ps1" executed="True" result="Success" success="True" time="1.5078" asserts="0" description="D:\_Studium\zSemester5\SA\GitRepo\SourceCode\Pester\Functions\It.Tests.ps1">
        <results>
          <test-suite type="TestFixture" name="It - Implementation" executed="True" result="Success" success="True" time="1.0964" asserts="0" description="It - Implementation">
            <results>
              <test-suite type="TestFixture" name="Parameterized Tests" executed="True" result="Success" success="True" time="0.2354" asserts="0" description="Parameterized Tests">
                <results>
                  <test-case description="Creates test result records with the ParameterizedSuiteName property set" name="It - Implementation.Parameterized Tests.Creates test result records with the ParameterizedSuiteName property set" time="0.1901" asserts="0" success="True" result="Success" executed="True" />
                  <test-case description="Expands parameters in parameterized test suite names" name="It - Implementation.Parameterized Tests.Expands parameters in parameterized test suite names" time="0.0453" asserts="0" success="True" result="Success" executed="True" />
                </results>
              </test-suite>
              <test-case description="Throws an error if you fail to pass in a test block" name="It - Implementation.Throws an error if you fail to pass in a test block" time="0.346" asserts="0" success="True" result="Success" executed="True" />
              <test-case description="Does not throw an error if It is passed a script block, and adds a successful test result." name="It - Implementation.Does not throw an error if It is passed a script block, and adds a successful test result." time="0.0547" asserts="0" success="True" result="Success" executed="True" />
              <test-case description="Does not throw an error if the -Pending switch is used, and no script block is passed" name="It - Implementation.Does not throw an error if the -Pending switch is used, and no script block is passed" time="0.0613" asserts="0" success="True" result="Success" executed="True" />
              <test-case description="Does not throw an error if the -Skip switch is used, and no script block is passed" name="It - Implementation.Does not throw an error if the -Skip switch is used, and no script block is passed" time="0.0603" asserts="0" success="True" result="Success" executed="True" />
              <test-case description="Does not throw an error if the -Ignore switch is used, and no script block is passed" name="It - Implementation.Does not throw an error if the -Ignore switch is used, and no script block is passed" time="0.0629" asserts="0" success="True" result="Success" executed="True" />
              <test-case description="Creates a pending test for an empty (whitespace and comments only) script block" name="It - Implementation.Creates a pending test for an empty (whitespace and comments only) script block" time="0.0725" asserts="0" success="True" result="Success" executed="True" />
              <test-case description="Adds a failed test if the script block throws an exception" name="It - Implementation.Adds a failed test if the script block throws an exception" time="0.136" asserts="0" success="True" result="Success" executed="True" />
              <test-case description="Calls the output script block for each test" name="It - Implementation.Calls the output script block for each test" time="0.0674" asserts="0" success="True" result="Success" executed="True" />
            </results>
          </test-suite>
          <test-suite type="TestFixture" name="Get-OrderedParameterDictionary" executed="True" result="Success" success="True" time="0.1651" asserts="0" description="Get-OrderedParameterDictionary">
            <results>
              <test-case description="Reports keys and values in the same order as the param block" name="Get-OrderedParameterDictionary.Reports keys and values in the same order as the param block" time="0.1651" asserts="0" success="True" result="Success" executed="True" />
            </results>
          </test-suite>
          <test-suite type="TestFixture" name="Remove-Comments" executed="True" result="Success" success="True" time="0.2463" asserts="0" description="Remove-Comments">
            <results>
              <test-case description="Removes single line comments" name="Remove-Comments.Removes single line comments" time="0.1799" asserts="0" success="True" result="Success" executed="True" />
              <test-case description="Removes multi line comments" name="Remove-Comments.Removes multi line comments" time="0.0664" asserts="0" success="True" result="Success" executed="True" />
            </results>
          </test-suite>
        </results>
      </test-suite>
      <test-suite type="TestFixture" name="D:\_Studium\zSemester5\SA\GitRepo\SourceCode\Pester\Functions\Mock.Tests.ps1" executed="True" result="Success" success="True" time="17.6269" asserts="0" description="D:\_Studium\zSemester5\SA\GitRepo\SourceCode\Pester\Functions\Mock.Tests.ps1">
        <results>
          <test-suite type="TestFixture" name="When the caller mocks a command Pester uses internally" executed="True" result="Success" success="True" time="0.4036" asserts="0" description="When the caller mocks a command Pester uses internally">
            <results>
              <test-suite type="TestFixture" name="Context run when Write-Host is mocked" executed="True" result="Success" success="True" time="0.4036" asserts="0" description="Context run when Write-Host is mocked">
                <results>
                  <test-case description="does not make extra calls to the mocked command" name="When the caller mocks a command Pester uses internally.Context run when Write-Host is mocked.does not make extra calls to the mocked command" time="0.3472" asserts="0" success="True" result="Success" executed="True" />
                  <test-case description="retains the correct mock count after the first test completes" name="When the caller mocks a command Pester uses internally.Context run when Write-Host is mocked.retains the correct mock count after the first test completes" time="0.0564" asserts="0" success="True" result="Success" executed="True" />
                </results>
              </test-suite>
            </results>
          </test-suite>
          <test-suite type="TestFixture" name="When calling Mock on existing cmdlet" executed="True" result="Success" success="True" time="0.2641" asserts="0" description="When calling Mock on existing cmdlet">
            <results>
              <test-case description="Should Invoke the mocked script" name="When calling Mock on existing cmdlet.Should Invoke the mocked script" time="0.1985" asserts="0" success="True" result="Success" executed="True" />
              <test-case description="Should not resolve $args to the parent scope" name="When calling Mock on existing cmdlet.Should not resolve $args to the parent scope" time="0.0657" asserts="0" success="True" result="Success" executed="True" />
            </results>
          </test-suite>
          <test-suite type="TestFixture" name="When calling Mock on an alias" executed="True" result="Success" success="True" time="0.2327" asserts="0" description="When calling Mock on an alias">
            <results>
              <test-case description="Should Invoke the mocked script" name="When calling Mock on an alias.Should Invoke the mocked script" time="0.2327" asserts="0" success="True" result="Success" executed="True" />
            </results>
          </test-suite>
          <test-suite type="TestFixture" name="When calling Mock on an alias that refers to a function Pester can't see" executed="True" result="Success" success="True" time="0.1354" asserts="0" description="When calling Mock on an alias that refers to a function Pester can't see">
            <results>
              <test-case description="Mocks the aliased command successfully" name="When calling Mock on an alias that refers to a function Pester can't see.Mocks the aliased command successfully" time="0.1354" asserts="0" success="True" result="Success" executed="True" />
            </results>
          </test-suite>
          <test-suite type="TestFixture" name="When calling Mock on a filter" executed="True" result="Success" success="True" time="0.1927" asserts="0" description="When calling Mock on a filter">
            <results>
              <test-case description="Should Invoke the mocked script" name="When calling Mock on a filter.Should Invoke the mocked script" time="0.1927" asserts="0" success="True" result="Success" executed="True" />
            </results>
          </test-suite>
          <test-suite type="TestFixture" name="When calling Mock on an external script" executed="True" result="Success" success="True" time="0.2404" asserts="0" description="When calling Mock on an external script">
            <results>
              <test-case description="Should Invoke the mocked script using just the script name" name="When calling Mock on an external script.Should Invoke the mocked script using just the script name" time="0.1578" asserts="0" success="True" result="Success" executed="True" />
              <test-case description="Should Invoke the mocked script using the command-invocation operator" name="When calling Mock on an external script.Should Invoke the mocked script using the command-invocation operator" time="0.0537" asserts="0" success="True" result="Success" executed="True" />
              <test-case description="Should Invoke the mocked script using dot source notation" name="When calling Mock on an external script.Should Invoke the mocked script using dot source notation" time="0.0289" asserts="0" success="True" result="Success" executed="True" />
            </results>
          </test-suite>
          <test-suite type="TestFixture" name="When calling Mock on an application command" executed="True" result="Success" success="True" time="0.1731" asserts="0" description="When calling Mock on an application command">
            <results>
              <test-case description="Should Invoke the mocked script" name="When calling Mock on an application command.Should Invoke the mocked script" time="0.1731" asserts="0" success="True" result="Success" executed="True" />
            </results>
          </test-suite>
          <test-suite type="TestFixture" name="When calling Mock in the Describe block" executed="True" result="Success" success="True" time="0.2267" asserts="0" description="When calling Mock in the Describe block">
            <results>
              <test-case description="Should mock Out-File successfully" name="When calling Mock in the Describe block.Should mock Out-File successfully" time="0.2267" asserts="0" success="True" result="Success" executed="True" />
            </results>
          </test-suite>
          <test-suite type="TestFixture" name="When calling Mock on existing cmdlet to handle pipelined input" executed="True" result="Success" success="True" time="0.1553" asserts="0" description="When calling Mock on existing cmdlet to handle pipelined input">
            <results>
              <test-case description="Should process the pipeline in the mocked script" name="When calling Mock on existing cmdlet to handle pipelined input.Should process the pipeline in the mocked script" time="0.1553" asserts="0" success="True" result="Success" executed="True" />
            </results>
          </test-suite>
          <test-suite type="TestFixture" name="When calling Mock on existing cmdlet with Common params" executed="True" result="Success" success="True" time="0.3203" asserts="0" description="When calling Mock on existing cmdlet with Common params">
            <results>
              <test-case description="Should strip verbose" name="When calling Mock on existing cmdlet with Common params.Should strip verbose" time="0.0906" asserts="0" success="True" result="Success" executed="True" />
              <test-case description="Should strip Debug" name="When calling Mock on existing cmdlet with Common params.Should strip Debug" time="0.0277" asserts="0" success="True" result="Success" executed="True" />
              <test-case description="Should strip ErrorAction" name="When calling Mock on existing cmdlet with Common params.Should strip ErrorAction" time="0.0289" asserts="0" success="True" result="Success" executed="True" />
              <test-case description="Should strip WarningAction" name="When calling Mock on existing cmdlet with Common params.Should strip WarningAction" time="0.0255" asserts="0" success="True" result="Success" executed="True" />
              <test-case description="Should strip ErrorVariable" name="When calling Mock on existing cmdlet with Common params.Should strip ErrorVariable" time="0.0306" asserts="0" success="True" result="Success" executed="True" />
              <test-case description="Should strip WarningVariable" name="When calling Mock on existing cmdlet with Common params.Should strip WarningVariable" time="0.0268" asserts="0" success="True" result="Success" executed="True" />
              <test-case description="Should strip OutVariable" name="When calling Mock on existing cmdlet with Common params.Should strip OutVariable" time="0.0274" asserts="0" success="True" result="Success" executed="True" />
              <test-case description="Should strip OutBuffer" name="When calling Mock on existing cmdlet with Common params.Should strip OutBuffer" time="0.034" asserts="0" success="True" result="Success" executed="True" />
              <test-case description="Should not strip an Uncommon param" name="When calling Mock on existing cmdlet with Common params.Should not strip an Uncommon param" time="0.0288" asserts="0" success="True" result="Success" executed="True" />
            </results>
          </test-suite>
          <test-suite type="TestFixture" name="When calling Mock on non-existing function" executed="True" result="Success" success="True" time="0.2046" asserts="0" description="When calling Mock on non-existing function">
            <results>
              <test-case description="Should throw correct error" name="When calling Mock on non-existing function.Should throw correct error" time="0.2046" asserts="0" success="True" result="Success" executed="True" />
            </results>
          </test-suite>
          <test-suite type="TestFixture" name="When calling Mock on non existent module" executed="True" result="Success" success="True" time="0.087" asserts="0" description="When calling Mock on non existent module">
            <results>
              <test-case description="Should throw correct error" name="When calling Mock on non existent module.Should throw correct error" time="0.087" asserts="0" success="True" result="Success" executed="True" />
            </results>
          </test-suite>
          <test-suite type="TestFixture" name="When calling Mock, StrictMode is enabled, and variables are used in the ParameterFilter" executed="True" result="Success" success="True" time="0.2196" asserts="0" description="When calling Mock, StrictMode is enabled, and variables are used in the ParameterFilter">
            <results>
              <test-case description="Does not throw an error when testing the parameter filter" name="When calling Mock, StrictMode is enabled, and variables are used in the ParameterFilter.Does not throw an error when testing the parameter filter" time="0.0845" asserts="0" success="True" result="Success" executed="True" />
              <test-case description="Calls the mock properly" name="When calling Mock, StrictMode is enabled, and variables are used in the ParameterFilter.Calls the mock properly" time="0.0998" asserts="0" success="True" result="Success" executed="True" />
              <test-case description="Properly asserts the mock was called when there is a variable in the parameter filter" name="When calling Mock, StrictMode is enabled, and variables are used in the ParameterFilter.Properly asserts the mock was called when there is a variable in the parameter filter" time="0.0353" asserts="0" success="True" result="Success" executed="True" />
            </results>
          </test-suite>
          <test-suite type="TestFixture" name="When calling Mock on existing function without matching bound params" executed="True" result="Success" success="True" time="0.1603" asserts="0" description="When calling Mock on existing function without matching bound params">
            <results>
              <test-case description="Should redirect to real function" name="When calling Mock on existing function without matching bound params.Should redirect to real function" time="0.1603" asserts="0" success="True" result="Success" executed="True" />
            </results>
          </test-suite>
          <test-suite type="TestFixture" name="When calling Mock on existing function with matching bound params" executed="True" result="Success" success="True" time="0.1476" asserts="0" description="When calling Mock on existing function with matching bound params">
            <results>
              <test-case description="Should return mocked result" name="When calling Mock on existing function with matching bound params.Should return mocked result" time="0.1476" asserts="0" success="True" result="Success" executed="True" />
            </results>
          </test-suite>
          <test-suite type="TestFixture" name="When calling Mock on existing function without matching unbound arguments" executed="True" result="Success" success="True" time="0.1533" asserts="0" description="When calling Mock on existing function without matching unbound arguments">
            <results>
              <test-case description="Should redirect to real function" name="When calling Mock on existing function without matching unbound arguments.Should redirect to real function" time="0.1533" asserts="0" success="True" result="Success" executed="True" />
            </results>
          </test-suite>
          <test-suite type="TestFixture" name="When calling Mock on existing function with matching unbound arguments" executed="True" result="Success" success="True" time="0.103" asserts="0" description="When calling Mock on existing function with matching unbound arguments">
            <results>
              <test-case description="Should return mocked result" name="When calling Mock on existing function with matching unbound arguments.Should return mocked result" time="0.103" asserts="0" success="True" result="Success" executed="True" />
            </results>
          </test-suite>
          <test-suite type="TestFixture" name="When calling Mock on a function that has no parameters" executed="True" result="Success" success="True" time="0.2505" asserts="0" description="When calling Mock on a function that has no parameters">
            <results>
              <test-case description="Sends the $args variable properly with 2+ elements" name="When calling Mock on a function that has no parameters.Sends the $args variable properly with 2+ elements" time="0.1632" asserts="0" success="True" result="Success" executed="True" />
              <test-case description="Sends the $args variable properly with 1 element" name="When calling Mock on a function that has no parameters.Sends the $args variable properly with 1 element" time="0.0416" asserts="0" success="True" result="Success" executed="True" />
              <test-case description="Sends the $args variable properly with 0 elements" name="When calling Mock on a function that has no parameters.Sends the $args variable properly with 0 elements" time="0.0457" asserts="0" success="True" result="Success" executed="True" />
            </results>
          </test-suite>
          <test-suite type="TestFixture" name="When calling Mock on cmdlet Used by Mock" executed="True" result="Success" success="True" time="0.1932" asserts="0" description="When calling Mock on cmdlet Used by Mock">
            <results>
              <test-case description="Should Invoke the mocked script" name="When calling Mock on cmdlet Used by Mock.Should Invoke the mocked script" time="0.1932" asserts="0" success="True" result="Success" executed="True" />
            </results>
          </test-suite>
          <test-suite type="TestFixture" name="When calling Mock on More than one command" executed="True" result="Success" success="True" time="0.2803" asserts="0" description="When calling Mock on More than one command">
            <results>
              <test-case description="Should Invoke the mocked script for the first Mock" name="When calling Mock on More than one command.Should Invoke the mocked script for the first Mock" time="0.2399" asserts="0" success="True" result="Success" executed="True" />
              <test-case description="Should Invoke the mocked script for the second Mock" name="When calling Mock on More than one command.Should Invoke the mocked script for the second Mock" time="0.0404" asserts="0" success="True" result="Success" executed="True" />
            </results>
          </test-suite>
          <test-suite type="TestFixture" name="When calling Mock on a module-internal function." executed="True" result="Success" success="True" time="0.7663" asserts="0" description="When calling Mock on a module-internal function.">
            <results>
              <test-suite type="TestFixture" name="Using Mock -ModuleName &quot;ModuleName&quot; &quot;CommandName&quot; syntax" executed="True" result="Success" success="True" time="0.5851" asserts="0" description="Using Mock -ModuleName &quot;ModuleName&quot; &quot;CommandName&quot; syntax">
                <results>
                  <test-case description="Should call the mocked function" name="When calling Mock on a module-internal function..Using Mock -ModuleName &quot;ModuleName&quot; &quot;CommandName&quot; syntax.Should call the mocked function" time="0.1011" asserts="0" success="True" result="Success" executed="True" />
                  <test-case description="Should mock calls to external functions from inside the module" name="When calling Mock on a module-internal function..Using Mock -ModuleName &quot;ModuleName&quot; &quot;CommandName&quot; syntax.Should mock calls to external functions from inside the module" time="0.1125" asserts="0" success="True" result="Success" executed="True" />
                  <test-case description="Should only call mocks within the same module" name="When calling Mock on a module-internal function..Using Mock -ModuleName &quot;ModuleName&quot; &quot;CommandName&quot; syntax.Should only call mocks within the same module" time="0.1292" asserts="0" success="True" result="Success" executed="True" />
                  <test-case description="Should call mocks from inside another mock" name="When calling Mock on a module-internal function..Using Mock -ModuleName &quot;ModuleName&quot; &quot;CommandName&quot; syntax.Should call mocks from inside another mock" time="0.0889" asserts="0" success="True" result="Success" executed="True" />
                  <test-case description="Should work even if the function is weird and steps on the automatic $ExecutionContext variable." name="When calling Mock on a module-internal function..Using Mock -ModuleName &quot;ModuleName&quot; &quot;CommandName&quot; syntax.Should work even if the function is weird and steps on the automatic $ExecutionContext variable." time="0.0419" asserts="0" success="True" result="Success" executed="True" />
                  <test-case description="Should call the original command from the proper scope if no parameter filters match" name="When calling Mock on a module-internal function..Using Mock -ModuleName &quot;ModuleName&quot; &quot;CommandName&quot; syntax.Should call the original command from the proper scope if no parameter filters match" time="0.0715" asserts="0" success="True" result="Success" executed="True" />
                  <test-case description="Does not trigger the mocked Get-Content from Pester internals" name="When calling Mock on a module-internal function..Using Mock -ModuleName &quot;ModuleName&quot; &quot;CommandName&quot; syntax.Does not trigger the mocked Get-Content from Pester internals" time="0.0399" asserts="0" success="True" result="Success" executed="True" />
                </results>
              </test-suite>
              <test-case description="Should fail to call the internal module function" name="When calling Mock on a module-internal function..Should fail to call the internal module function" time="0.1545" asserts="0" success="True" result="Success" executed="True" />
              <test-case description="Should call the actual internal module function from the public function" name="When calling Mock on a module-internal function..Should call the actual internal module function from the public function" time="0.0268" asserts="0" success="True" result="Success" executed="True" />
            </results>
          </test-suite>
          <test-suite type="TestFixture" name="When Applying multiple Mocks on a single command" executed="True" result="Success" success="True" time="0.235" asserts="0" description="When Applying multiple Mocks on a single command">
            <results>
              <test-case description="Should Invoke the mocked script for the first Mock" name="When Applying multiple Mocks on a single command.Should Invoke the mocked script for the first Mock" time="0.2013" asserts="0" success="True" result="Success" executed="True" />
              <test-case description="Should Invoke the mocked script for the second Mock" name="When Applying multiple Mocks on a single command.Should Invoke the mocked script for the second Mock" time="0.0337" asserts="0" success="True" result="Success" executed="True" />
            </results>
          </test-suite>
          <test-suite type="TestFixture" name="When Applying multiple Mocks with filters on a single command where both qualify" executed="True" result="Success" success="True" time="0.127" asserts="0" description="When Applying multiple Mocks with filters on a single command where both qualify">
            <results>
              <test-case description="The last Mock should win" name="When Applying multiple Mocks with filters on a single command where both qualify.The last Mock should win" time="0.127" asserts="0" success="True" result="Success" executed="True" />
            </results>
          </test-suite>
          <test-suite type="TestFixture" name="When Applying multiple Mocks on a single command where one has no filter" executed="True" result="Success" success="True" time="0.1753" asserts="0" description="When Applying multiple Mocks on a single command where one has no filter">
            <results>
              <test-case description="The parameterless mock is evaluated last" name="When Applying multiple Mocks on a single command where one has no filter.The parameterless mock is evaluated last" time="0.1418" asserts="0" success="True" result="Success" executed="True" />
              <test-case description="The parameterless mock will be applied if no other wins" name="When Applying multiple Mocks on a single command where one has no filter.The parameterless mock will be applied if no other wins" time="0.0335" asserts="0" success="True" result="Success" executed="True" />
            </results>
          </test-suite>
          <test-suite type="TestFixture" name="When Creating a Verifiable Mock that is not called" executed="True" result="Success" success="True" time="0.4128" asserts="0" description="When Creating a Verifiable Mock that is not called">
            <results>
              <test-suite type="TestFixture" name="In the test script's scope" executed="True" result="Success" success="True" time="0.2697" asserts="0" description="In the test script's scope">
                <results>
                  <test-case description="Should throw" name="When Creating a Verifiable Mock that is not called.In the test script's scope.Should throw" time="0.2697" asserts="0" success="True" result="Success" executed="True" />
                </results>
              </test-suite>
              <test-suite type="TestFixture" name="In a module's scope" executed="True" result="Success" success="True" time="0.1431" asserts="0" description="In a module's scope">
                <results>
                  <test-case description="Should throw" name="When Creating a Verifiable Mock that is not called.In a module's scope.Should throw" time="0.1431" asserts="0" success="True" result="Success" executed="True" />
                </results>
              </test-suite>
            </results>
          </test-suite>
          <test-suite type="TestFixture" name="When Creating a Verifiable Mock that is called" executed="True" result="Success" success="True" time="0.1539" asserts="0" description="When Creating a Verifiable Mock that is called">
            <results>
              <test-case description="Assert-VerifiableMock Should not throw" name="When Creating a Verifiable Mock that is called.Assert-VerifiableMock Should not throw" time="0.1539" asserts="0" success="True" result="Success" executed="True" />
            </results>
          </test-suite>
          <test-suite type="TestFixture" name="When Calling Assert-MockCalled 0 without exactly" executed="True" result="Success" success="True" time="0.1483" asserts="0" description="When Calling Assert-MockCalled 0 without exactly">
            <results>
              <test-case description="Should throw if mock was called" name="When Calling Assert-MockCalled 0 without exactly.Should throw if mock was called" time="0.1024" asserts="0" success="True" result="Success" executed="True" />
              <test-case description="Should not throw if mock was not called" name="When Calling Assert-MockCalled 0 without exactly.Should not throw if mock was not called" time="0.0459" asserts="0" success="True" result="Success" executed="True" />
            </results>
          </test-suite>
          <test-suite type="TestFixture" name="When Calling Assert-MockCalled with exactly" executed="True" result="Success" success="True" time="0.165" asserts="0" description="When Calling Assert-MockCalled with exactly">
            <results>
              <test-case description="Should throw if mock was not called the number of times specified" name="When Calling Assert-MockCalled with exactly.Should throw if mock was not called the number of times specified" time="0.1156" asserts="0" success="True" result="Success" executed="True" />
              <test-case description="Should not throw if mock was called the number of times specified" name="When Calling Assert-MockCalled with exactly.Should not throw if mock was called the number of times specified" time="0.0495" asserts="0" success="True" result="Success" executed="True" />
            </results>
          </test-suite>
          <test-suite type="TestFixture" name="When Calling Assert-MockCalled without exactly" executed="True" result="Success" success="True" time="0.3619" asserts="0" description="When Calling Assert-MockCalled without exactly">
            <results>
              <test-case description="Should throw if mock was not called at least the number of times specified" name="When Calling Assert-MockCalled without exactly.Should throw if mock was not called at least the number of times specified" time="0.1658" asserts="0" success="True" result="Success" executed="True" />
              <test-case description="Should not throw if mock was called at least the number of times specified" name="When Calling Assert-MockCalled without exactly.Should not throw if mock was called at least the number of times specified" time="0.0467" asserts="0" success="True" result="Success" executed="True" />
              <test-case description="Should not throw if mock was called at exactly the number of times specified" name="When Calling Assert-MockCalled without exactly.Should not throw if mock was called at exactly the number of times specified" time="0.0461" asserts="0" success="True" result="Success" executed="True" />
              <test-case description="Should throw an error if any non-matching calls to the mock are made, and the -ExclusiveFilter parameter is used" name="When Calling Assert-MockCalled without exactly.Should throw an error if any non-matching calls to the mock are made, and the -ExclusiveFilter parameter is used" time="0.1033" asserts="0" success="True" result="Success" executed="True" />
            </results>
          </test-suite>
          <test-suite type="TestFixture" name="Using Pester Scopes (Describe,Context,It)" executed="True" result="Success" success="True" time="1.0301" asserts="0" description="Using Pester Scopes (Describe,Context,It)">
            <results>
              <test-suite type="TestFixture" name="When in the first context" executed="True" result="Success" success="True" time="0.2501" asserts="0" description="When in the first context">
                <results>
                  <test-case description="should mock Describe scoped paramless mock" name="Using Pester Scopes (Describe,Context,It).When in the first context.should mock Describe scoped paramless mock" time="0.2066" asserts="0" success="True" result="Success" executed="True" />
                  <test-case description="should mock Describe scoped single param mock" name="Using Pester Scopes (Describe,Context,It).When in the first context.should mock Describe scoped single param mock" time="0.0435" asserts="0" success="True" result="Success" executed="True" />
                </results>
              </test-suite>
              <test-suite type="TestFixture" name="When in the second context" executed="True" result="Success" success="True" time="0.131" asserts="0" description="When in the second context">
                <results>
                  <test-case description="should mock Describe scoped paramless mock again" name="Using Pester Scopes (Describe,Context,It).When in the second context.should mock Describe scoped paramless mock again" time="0.0943" asserts="0" success="True" result="Success" executed="True" />
                  <test-case description="should mock Describe scoped single param mock again" name="Using Pester Scopes (Describe,Context,It).When in the second context.should mock Describe scoped single param mock again" time="0.0367" asserts="0" success="True" result="Success" executed="True" />
                </results>
              </test-suite>
              <test-suite type="TestFixture" name="When using mocks in both scopes" executed="True" result="Success" success="True" time="0.1602" asserts="0" description="When using mocks in both scopes">
                <results>
                  <test-case description="should mock Describe scoped mock." name="Using Pester Scopes (Describe,Context,It).When using mocks in both scopes.should mock Describe scoped mock." time="0.1004" asserts="0" success="True" result="Success" executed="True" />
                  <test-case description="should mock Context scoped mock." name="Using Pester Scopes (Describe,Context,It).When using mocks in both scopes.should mock Context scoped mock." time="0.0599" asserts="0" success="True" result="Success" executed="True" />
                </results>
              </test-suite>
              <test-suite type="TestFixture" name="When context hides a describe mock" executed="True" result="Success" success="True" time="0.1891" asserts="0" description="When context hides a describe mock">
                <results>
                  <test-case description="should use the context paramless mock" name="Using Pester Scopes (Describe,Context,It).When context hides a describe mock.should use the context paramless mock" time="0.1305" asserts="0" success="True" result="Success" executed="True" />
                  <test-case description="should use the context parameterized mock" name="Using Pester Scopes (Describe,Context,It).When context hides a describe mock.should use the context parameterized mock" time="0.0586" asserts="0" success="True" result="Success" executed="True" />
                </results>
              </test-suite>
              <test-suite type="TestFixture" name="When context no longer hides a describe mock" executed="True" result="Success" success="True" time="0.1297" asserts="0" description="When context no longer hides a describe mock">
                <results>
                  <test-case description="should use the describe mock" name="Using Pester Scopes (Describe,Context,It).When context no longer hides a describe mock.should use the describe mock" time="0.1007" asserts="0" success="True" result="Success" executed="True" />
                  <test-case description="should use the describe parameterized mock" name="Using Pester Scopes (Describe,Context,It).When context no longer hides a describe mock.should use the describe parameterized mock" time="0.029" asserts="0" success="True" result="Success" executed="True" />
                </results>
              </test-suite>
              <test-suite type="TestFixture" name="When someone calls Mock from inside an It block" executed="True" result="Success" success="True" time="0.17" asserts="0" description="When someone calls Mock from inside an It block">
                <results>
                  <test-case description="Sets the mock" name="Using Pester Scopes (Describe,Context,It).When someone calls Mock from inside an It block.Sets the mock" time="0.1051" asserts="0" success="True" result="Success" executed="True" />
                  <test-case description="Leaves the mock active in the parent scope" name="Using Pester Scopes (Describe,Context,It).When someone calls Mock from inside an It block.Leaves the mock active in the parent scope" time="0.0649" asserts="0" success="True" result="Success" executed="True" />
                </results>
              </test-suite>
            </results>
          </test-suite>
          <test-suite type="TestFixture" name="Testing mock history behavior from each scope" executed="True" result="Success" success="True" time="0.798" asserts="0" description="Testing mock history behavior from each scope">
            <results>
              <test-suite type="TestFixture" name="Without overriding the mock in lower scopes" executed="True" result="Success" success="True" time="0.3122" asserts="0" description="Without overriding the mock in lower scopes">
                <results>
                  <test-case description="Reports that zero calls have been made to in the describe scope" name="Testing mock history behavior from each scope.Without overriding the mock in lower scopes.Reports that zero calls have been made to in the describe scope" time="0.1433" asserts="0" success="True" result="Success" executed="True" />
                  <test-case description="Calls the describe mock" name="Testing mock history behavior from each scope.Without overriding the mock in lower scopes.Calls the describe mock" time="0.0863" asserts="0" success="True" result="Success" executed="True" />
                  <test-case description="Reports that zero calls have been made in an It block, after a context-scoped call" name="Testing mock history behavior from each scope.Without overriding the mock in lower scopes.Reports that zero calls have been made in an It block, after a context-scoped call" time="0.0242" asserts="0" success="True" result="Success" executed="True" />
                  <test-case description="Reports one Context-scoped call" name="Testing mock history behavior from each scope.Without overriding the mock in lower scopes.Reports one Context-scoped call" time="0.0289" asserts="0" success="True" result="Success" executed="True" />
                  <test-case description="Reports one Describe-scoped call" name="Testing mock history behavior from each scope.Without overriding the mock in lower scopes.Reports one Describe-scoped call" time="0.0294" asserts="0" success="True" result="Success" executed="True" />
                </results>
              </test-suite>
              <test-suite type="TestFixture" name="After exiting the previous context" executed="True" result="Success" success="True" time="0.1201" asserts="0" description="After exiting the previous context">
                <results>
                  <test-case description="Reports zero context-scoped calls in the new context." name="Testing mock history behavior from each scope.After exiting the previous context.Reports zero context-scoped calls in the new context." time="0.0978" asserts="0" success="True" result="Success" executed="True" />
                  <test-case description="Reports one describe-scoped call from the previous context" name="Testing mock history behavior from each scope.After exiting the previous context.Reports one describe-scoped call from the previous context" time="0.0223" asserts="0" success="True" result="Success" executed="True" />
                </results>
              </test-suite>
              <test-suite type="TestFixture" name="While overriding mocks in lower scopes" executed="True" result="Success" success="True" time="0.3146" asserts="0" description="While overriding mocks in lower scopes">
                <results>
                  <test-case description="Calls the context mock" name="Testing mock history behavior from each scope.While overriding mocks in lower scopes.Calls the context mock" time="0.1229" asserts="0" success="True" result="Success" executed="True" />
                  <test-case description="Reports one context-scoped call" name="Testing mock history behavior from each scope.While overriding mocks in lower scopes.Reports one context-scoped call" time="0.0237" asserts="0" success="True" result="Success" executed="True" />
                  <test-case description="Reports two describe-scoped calls, even when one is an override mock in a lower scope" name="Testing mock history behavior from each scope.While overriding mocks in lower scopes.Reports two describe-scoped calls, even when one is an override mock in a lower scope" time="0.037" asserts="0" success="True" result="Success" executed="True" />
                  <test-case description="Calls an It-scoped mock" name="Testing mock history behavior from each scope.While overriding mocks in lower scopes.Calls an It-scoped mock" time="0.0613" asserts="0" success="True" result="Success" executed="True" />
                  <test-case description="Reports 2 context-scoped calls" name="Testing mock history behavior from each scope.While overriding mocks in lower scopes.Reports 2 context-scoped calls" time="0.0396" asserts="0" success="True" result="Success" executed="True" />
                  <test-case description="Reports 3 describe-scoped calls" name="Testing mock history behavior from each scope.While overriding mocks in lower scopes.Reports 3 describe-scoped calls" time="0.0301" asserts="0" success="True" result="Success" executed="True" />
                </results>
              </test-suite>
              <test-case description="Reports 3 describe-scoped calls using the default scope in a Describe block" name="Testing mock history behavior from each scope.Reports 3 describe-scoped calls using the default scope in a Describe block" time="0.0511" asserts="0" success="True" result="Success" executed="True" />
            </results>
          </test-suite>
          <test-suite type="TestFixture" name="Using a single no param Describe" executed="True" result="Success" success="True" time="0.1446" asserts="0" description="Using a single no param Describe">
            <results>
              <test-suite type="TestFixture" name="With a context mocking the same function with no params" executed="True" result="Success" success="True" time="0.1446" asserts="0" description="With a context mocking the same function with no params">
                <results>
                  <test-case description="Should use the context mock" name="Using a single no param Describe.With a context mocking the same function with no params.Should use the context mock" time="0.1446" asserts="0" success="True" result="Success" executed="True" />
                </results>
              </test-suite>
            </results>
          </test-suite>
          <test-suite type="TestFixture" name="Dot Source Test" executed="True" result="Success" success="True" time="0.2964" asserts="0" description="Dot Source Test">
            <results>
              <test-case description="Calls the mock with parameter 'Test'" name="Dot Source Test.Calls the mock with parameter 'Test'" time="0.2147" asserts="0" success="True" result="Success" executed="True" />
              <test-case description="Doesn't call the mock with any other parameters" name="Dot Source Test.Doesn't call the mock with any other parameters" time="0.0816" asserts="0" success="True" result="Success" executed="True" />
            </results>
          </test-suite>
          <test-suite type="TestFixture" name="Mocking Cmdlets with dynamic parameters" executed="True" result="Success" success="True" time="0.2404" asserts="0" description="Mocking Cmdlets with dynamic parameters">
            <results>
              <test-case description="Allows calls to be made with dynamic parameters (including parameter filters)" name="Mocking Cmdlets with dynamic parameters.Allows calls to be made with dynamic parameters (including parameter filters)" time="0.2404" asserts="0" success="True" result="Success" executed="True" />
            </results>
          </test-suite>
          <test-suite type="TestFixture" name="Mocking functions with dynamic parameters" executed="True" result="Success" success="True" time="1.4645" asserts="0" description="Mocking functions with dynamic parameters">
            <results>
              <test-suite type="TestFixture" name="Dynamicparam block that uses the variables of static parameters in its logic" executed="True" result="Success" success="True" time="0.3522" asserts="0" description="Dynamicparam block that uses the variables of static parameters in its logic">
                <results>
                  <test-case description="Allows calls to be made with dynamic parameters (including parameter filters)" name="Mocking functions with dynamic parameters.Dynamicparam block that uses the variables of static parameters in its logic.Allows calls to be made with dynamic parameters (including parameter filters)" time="0.2905" asserts="0" success="True" result="Success" executed="True" />
                  <test-case description="Sets the dynamic parameter variable properly" name="Mocking functions with dynamic parameters.Dynamicparam block that uses the variables of static parameters in its logic.Sets the dynamic parameter variable properly" time="0.0617" asserts="0" success="True" result="Success" executed="True" />
                </results>
              </test-suite>
              <test-suite type="TestFixture" name="When the mocked command is in a module" executed="True" result="Success" success="True" time="0.1825" asserts="0" description="When the mocked command is in a module">
                <results>
                  <test-case description="Allows calls to be made with dynamic parameters (including parameter filters)" name="Mocking functions with dynamic parameters.When the mocked command is in a module.Allows calls to be made with dynamic parameters (including parameter filters)" time="0.1825" asserts="0" success="True" result="Success" executed="True" />
                </results>
              </test-suite>
              <test-suite type="TestFixture" name="When the mocked command has mandatory parameters that are passed in via the pipeline" executed="True" result="Success" success="True" time="0.2006" asserts="0" description="When the mocked command has mandatory parameters that are passed in via the pipeline">
                <results>
                  <test-case description="Should successfully call the mock and generate the dynamic parameters" name="Mocking functions with dynamic parameters.When the mocked command has mandatory parameters that are passed in via the pipeline.Should successfully call the mock and generate the dynamic parameters" time="0.2006" asserts="0" success="True" result="Success" executed="True" />
                </results>
              </test-suite>
              <test-suite type="TestFixture" name="When the mocked command has parameter sets that are ambiguous at the time the dynamic param block is executed" executed="True" result="Success" success="True" time="0.3408" asserts="0" description="When the mocked command has parameter sets that are ambiguous at the time the dynamic param block is executed">
                <results>
                  <test-case description="Should successfully call the mock and generate the dynamic parameters" name="Mocking functions with dynamic parameters.When the mocked command has parameter sets that are ambiguous at the time the dynamic param block is executed.Should successfully call the mock and generate the dynamic parameters" time="0.3408" asserts="0" success="True" result="Success" executed="True" />
                </results>
              </test-suite>
              <test-suite type="TestFixture" name="When the mocked command's dynamicparam block depends on the contents of $PSBoundParameters" executed="True" result="Success" success="True" time="0.1948" asserts="0" description="When the mocked command's dynamicparam block depends on the contents of $PSBoundParameters">
                <results>
                  <test-case description="Should successfully call the mock and generate the dynamic parameters" name="Mocking functions with dynamic parameters.When the mocked command's dynamicparam block depends on the contents of $PSBoundParameters.Should successfully call the mock and generate the dynamic parameters" time="0.1948" asserts="0" success="True" result="Success" executed="True" />
                </results>
              </test-suite>
              <test-suite type="TestFixture" name="When the mocked command's dynamicparam block depends on the contents of $PSCmdlet.ParameterSetName" executed="True" result="Success" success="True" time="0.1935" asserts="0" description="When the mocked command's dynamicparam block depends on the contents of $PSCmdlet.ParameterSetName">
                <results>
                  <test-case description="Should successfully call the mock and generate the dynamic parameters" name="Mocking functions with dynamic parameters.When the mocked command's dynamicparam block depends on the contents of $PSCmdlet.ParameterSetName.Should successfully call the mock and generate the dynamic parameters" time="0.1935" asserts="0" success="True" result="Success" executed="True" />
                </results>
              </test-suite>
            </results>
          </test-suite>
          <test-suite type="TestFixture" name="Mocking Cmdlets with dynamic parameters in a module" executed="True" result="Success" success="True" time="0.2376" asserts="0" description="Mocking Cmdlets with dynamic parameters in a module">
            <results>
              <test-case description="Allows calls to be made with dynamic parameters (including parameter filters)" name="Mocking Cmdlets with dynamic parameters in a module.Allows calls to be made with dynamic parameters (including parameter filters)" time="0.2376" asserts="0" success="True" result="Success" executed="True" />
            </results>
          </test-suite>
          <test-suite type="TestFixture" name="DynamicParam blocks in other scopes" executed="True" result="Success" success="True" time="0.4422" asserts="0" description="DynamicParam blocks in other scopes">
            <results>
              <test-case description="Properly evaluates dynamic parameters when called from another scope" name="DynamicParam blocks in other scopes.Properly evaluates dynamic parameters when called from another scope" time="0.3743" asserts="0" success="True" result="Success" executed="True" />
              <test-case description="Properly evaluates dynamic parameters when called from another scope when the call is from a ValidateScript block" name="DynamicParam blocks in other scopes.Properly evaluates dynamic parameters when called from another scope when the call is from a ValidateScript block" time="0.0679" asserts="0" success="True" result="Success" executed="True" />
            </results>
          </test-suite>
          <test-suite type="TestFixture" name="Parameter Filters and Common Parameters" executed="True" result="Success" success="True" time="0.1846" asserts="0" description="Parameter Filters and Common Parameters">
            <results>
              <test-case description="Applies common parameters correctly when testing the parameter filter" name="Parameter Filters and Common Parameters.Applies common parameters correctly when testing the parameter filter" time="0.1846" asserts="0" success="True" result="Success" executed="True" />
            </results>
          </test-suite>
          <test-suite type="TestFixture" name="Mocking Get-ItemProperty" executed="True" result="Success" success="True" time="0.1783" asserts="0" description="Mocking Get-ItemProperty">
            <results>
              <test-case description="Does not fail with NotImplementedException" name="Mocking Get-ItemProperty.Does not fail with NotImplementedException" time="0.1783" asserts="0" success="True" result="Success" executed="True" />
            </results>
          </test-suite>
          <test-suite type="TestFixture" name="When mocking a command with parameters that match internal variable names" executed="True" result="Success" success="True" time="0.19" asserts="0" description="When mocking a command with parameters that match internal variable names">
            <results>
              <test-case description="Should execute the mocked command successfully" name="When mocking a command with parameters that match internal variable names.Should execute the mocked command successfully" time="0.19" asserts="0" success="True" result="Success" executed="True" />
            </results>
          </test-suite>
          <test-suite type="TestFixture" name="Mocking commands with potentially ambiguous parameter sets" executed="True" result="Success" success="True" time="0.1809" asserts="0" description="Mocking commands with potentially ambiguous parameter sets">
            <results>
              <test-case description="Should call the function successfully, even with delayed parameter binding" name="Mocking commands with potentially ambiguous parameter sets.Should call the function successfully, even with delayed parameter binding" time="0.1809" asserts="0" success="True" result="Success" executed="True" />
            </results>
          </test-suite>
          <test-suite type="TestFixture" name="When mocking a command that has an ArgumentList parameter with validation" executed="True" result="Success" success="True" time="0.1985" asserts="0" description="When mocking a command that has an ArgumentList parameter with validation">
            <results>
              <test-case description="Calls the mock properly" name="When mocking a command that has an ArgumentList parameter with validation.Calls the mock properly" time="0.1985" asserts="0" success="True" result="Success" executed="True" />
            </results>
          </test-suite>
          <test-suite type="TestFixture" name="Mocking New-Object" executed="True" result="Success" success="True" time="0.1397" asserts="0" description="Mocking New-Object">
            <results>
              <test-case description="Works properly" name="Mocking New-Object.Works properly" time="0.1397" asserts="0" success="True" result="Success" executed="True" />
            </results>
          </test-suite>
          <test-suite type="TestFixture" name="Mocking a function taking input from pipeline" executed="True" result="Success" success="True" time="1.1752" asserts="0" description="Mocking a function taking input from pipeline">
            <results>
              <test-suite type="TestFixture" name="when calling original function with an array" executed="True" result="Success" success="True" time="0.2778" asserts="0" description="when calling original function with an array">
                <results>
                  <test-case description="Returns actual implementation" name="Mocking a function taking input from pipeline.when calling original function with an array.Returns actual implementation" time="0.2778" asserts="0" success="True" result="Success" executed="True" />
                </results>
              </test-suite>
              <test-suite type="TestFixture" name="when calling original function with an int" executed="True" result="Success" success="True" time="0.1212" asserts="0" description="when calling original function with an int">
                <results>
                  <test-case description="Returns actual implementation" name="Mocking a function taking input from pipeline.when calling original function with an int.Returns actual implementation" time="0.1212" asserts="0" success="True" result="Success" executed="True" />
                </results>
              </test-suite>
              <test-suite type="TestFixture" name="when calling original function with a string" executed="True" result="Success" success="True" time="0.1464" asserts="0" description="when calling original function with a string">
                <results>
                  <test-case description="Returns actual implementation" name="Mocking a function taking input from pipeline.when calling original function with a string.Returns actual implementation" time="0.1464" asserts="0" success="True" result="Success" executed="True" />
                </results>
              </test-suite>
              <test-suite type="TestFixture" name="when calling original function and pipeline is bound by property name" executed="True" result="Success" success="True" time="0.1784" asserts="0" description="when calling original function and pipeline is bound by property name">
                <results>
                  <test-case description="Returns actual implementation" name="Mocking a function taking input from pipeline.when calling original function and pipeline is bound by property name.Returns actual implementation" time="0.1784" asserts="0" success="True" result="Success" executed="True" />
                </results>
              </test-suite>
              <test-suite type="TestFixture" name="when calling original function and forcing a parameter binding exception" executed="True" result="Success" success="True" time="0.1767" asserts="0" description="when calling original function and forcing a parameter binding exception">
                <results>
                  <test-case description="falls back to no pipeline input" name="Mocking a function taking input from pipeline.when calling original function and forcing a parameter binding exception.falls back to no pipeline input" time="0.1767" asserts="0" success="True" result="Success" executed="True" />
                </results>
              </test-suite>
              <test-suite type="TestFixture" name="when calling original function and pipeline is bound by property name with array values" executed="True" result="Success" success="True" time="0.1458" asserts="0" description="when calling original function and pipeline is bound by property name with array values">
                <results>
                  <test-case description="Returns actual implementation" name="Mocking a function taking input from pipeline.when calling original function and pipeline is bound by property name with array values.Returns actual implementation" time="0.1458" asserts="0" success="True" result="Success" executed="True" />
                </results>
              </test-suite>
              <test-suite type="TestFixture" name="when calling the mocked function" executed="True" result="Success" success="True" time="0.129" asserts="0" description="when calling the mocked function">
                <results>
                  <test-case description="Returns mocked implementation" name="Mocking a function taking input from pipeline.when calling the mocked function.Returns mocked implementation" time="0.129" asserts="0" success="True" result="Success" executed="True" />
                </results>
              </test-suite>
            </results>
          </test-suite>
          <test-suite type="TestFixture" name="Mocking module-qualified calls" executed="True" result="Success" success="True" time="0.3944" asserts="0" description="Mocking module-qualified calls">
            <results>
              <test-case description="Mock alias should not exist before the mock is defined" name="Mocking module-qualified calls.Mock alias should not exist before the mock is defined" time="0.1182" asserts="0" success="True" result="Success" executed="True" />
              <test-case description="Creates the alias while the mock is in effect" name="Mocking module-qualified calls.Creates the alias while the mock is in effect" time="0.1522" asserts="0" success="True" result="Success" executed="True" />
              <test-case description="Calls the mock properly even if the call is module-qualified" name="Mocking module-qualified calls.Calls the mock properly even if the call is module-qualified" time="0.1239" asserts="0" success="True" result="Success" executed="True" />
            </results>
          </test-suite>
          <test-suite type="TestFixture" name="After a mock goes out of scope" executed="True" result="Success" success="True" time="0.0931" asserts="0" description="After a mock goes out of scope">
            <results>
              <test-case description="Removes the alias after the mock goes out of scope" name="After a mock goes out of scope.Removes the alias after the mock goes out of scope" time="0.0931" asserts="0" success="True" result="Success" executed="True" />
            </results>
          </test-suite>
          <test-suite type="TestFixture" name="Assert-MockCalled with Aliases" executed="True" result="Success" success="True" time="0.2117" asserts="0" description="Assert-MockCalled with Aliases">
            <results>
              <test-case description="Allows calls to Assert-MockCalled to use both aliases and the original command name" name="Assert-MockCalled with Aliases.Allows calls to Assert-MockCalled to use both aliases and the original command name" time="0.2117" asserts="0" success="True" result="Success" executed="True" />
            </results>
          </test-suite>
          <test-suite type="TestFixture" name="Mocking Get-Command" executed="True" result="Success" success="True" time="0.1139" asserts="0" description="Mocking Get-Command">
            <results>
              <test-case description="Does not break when Get-Command is mocked" name="Mocking Get-Command.Does not break when Get-Command is mocked" time="0.1139" asserts="0" success="True" result="Success" executed="True" />
            </results>
          </test-suite>
          <test-suite type="TestFixture" name="Mocks with closures" executed="True" result="Success" success="True" time="0.2009" asserts="0" description="Mocks with closures">
            <results>
              <test-case description="Resolves variables in the closure rather than Pester's current scope" name="Mocks with closures.Resolves variables in the closure rather than Pester's current scope" time="0.2009" asserts="0" success="True" result="Success" executed="True" />
            </results>
          </test-suite>
          <test-suite type="TestFixture" name="$args handling" executed="True" result="Success" success="True" time="0.604" asserts="0" description="$args handling">
            <results>
              <test-case description="Advanced function mock should be callable with dot operator" name="$args handling.Advanced function mock should be callable with dot operator" time="0.4444" asserts="0" success="True" result="Success" executed="True" />
              <test-case description="Advanced function with Args parameter should be mockable" name="$args handling.Advanced function with Args parameter should be mockable" time="0.0931" asserts="0" success="True" result="Success" executed="True" />
              <test-case description="Cmdlet with Args parameter should be mockable" name="$args handling.Cmdlet with Args parameter should be mockable" time="0.0665" asserts="0" success="True" result="Success" executed="True" />
            </results>
          </test-suite>
          <test-suite type="TestFixture" name="Single quote in command/module name" executed="True" result="Success" success="True" time="0.297" asserts="0" description="Single quote in command/module name">
            <results>
              <test-case description="Command with single quote in module name should be mockable" name="Single quote in command/module name.Command with single quote in module name should be mockable" time="0.2052" asserts="0" success="True" result="Success" executed="True" />
              <test-case description="Command with single quote in name should be mockable" name="Single quote in command/module name.Command with single quote in name should be mockable" time="0.0918" asserts="0" success="True" result="Success" executed="True" />
            </results>
          </test-suite>
          <test-suite type="TestFixture" name="Mocking cmdlet without positional parameters" executed="True" result="Success" success="True" time="0.5457" asserts="0" description="Mocking cmdlet without positional parameters">
            <results>
              <test-case description="Original cmdlet does not have positional parameters" name="Mocking cmdlet without positional parameters.Original cmdlet does not have positional parameters" time="0.3476" asserts="0" success="True" result="Success" executed="True" />
              <test-case description="Mock of cmdlet should not make parameters to be positional" name="Mocking cmdlet without positional parameters.Mock of cmdlet should not make parameters to be positional" time="0.0561" asserts="0" success="True" result="Success" executed="True" />
              <test-case description="Original cmdlet bind all to Remainings" name="Mocking cmdlet without positional parameters.Original cmdlet bind all to Remainings" time="0.031" asserts="0" success="True" result="Success" executed="True" />
              <test-case description="Mock of cmdlet should bind all to Remainings" name="Mocking cmdlet without positional parameters.Mock of cmdlet should bind all to Remainings" time="0.1109" asserts="0" success="True" result="Success" executed="True" />
            </results>
          </test-suite>
          <test-suite type="TestFixture" name="Nested Mock calls" executed="True" result="Success" success="True" time="0.1846" asserts="0" description="Nested Mock calls">
            <results>
              <test-case description="Properly handles nested mocks" name="Nested Mock calls.Properly handles nested mocks" time="0.1846" asserts="0" success="True" result="Success" executed="True" />
            </results>
          </test-suite>
          <test-suite type="TestFixture" name="Globbing characters in command name" executed="True" result="Success" success="True" time="0.272" asserts="0" description="Globbing characters in command name">
            <results>
              <test-case description="Command with globbing characters in name should be mockable" name="Globbing characters in command name.Command with globbing characters in name should be mockable" time="0.272" asserts="0" success="True" result="Success" executed="True" />
            </results>
          </test-suite>
          <test-suite type="TestFixture" name="Naming conflicts in mocked functions" executed="True" result="Success" success="True" time="0.3571" asserts="0" description="Naming conflicts in mocked functions">
            <results>
              <test-suite type="TestFixture" name="parameter named Metadata" executed="True" result="Success" success="True" time="0.1934" asserts="0" description="parameter named Metadata">
                <results>
                  <test-case description="Works with commands with parameter named Metadata" name="Naming conflicts in mocked functions.parameter named Metadata.Works with commands with parameter named Metadata" time="0.1934" asserts="0" success="True" result="Success" executed="True" />
                </results>
              </test-suite>
              <test-suite type="TestFixture" name="parameter named Keys" executed="True" result="Success" success="True" time="0.1637" asserts="0" description="parameter named Keys">
                <results>
                  <test-case description="Works with command with parameter named Keys" name="Naming conflicts in mocked functions.parameter named Keys.Works with command with parameter named Keys" time="0.1637" asserts="0" success="True" result="Success" executed="True" />
                </results>
              </test-suite>
            </results>
          </test-suite>
          <test-suite type="TestFixture" name="Passing unbound script blocks as mocks" executed="True" result="Success" success="True" time="0.1982" asserts="0" description="Passing unbound script blocks as mocks">
            <results>
              <test-case description="Does not produce an error" name="Passing unbound script blocks as mocks.Does not produce an error" time="0.1982" asserts="0" success="True" result="Success" executed="True" />
            </results>
          </test-suite>
          <test-suite type="TestFixture" name="Assert-MockCalled when mock called outside of It block" executed="True" result="Success" success="True" time="0.195" asserts="0" description="Assert-MockCalled when mock called outside of It block">
            <results>
              <test-suite type="TestFixture" name="Context" executed="True" result="Success" success="True" time="0.195" asserts="0" description="Context">
                <results>
                  <test-case description="Should log the correct number of calls" name="Assert-MockCalled when mock called outside of It block.Context.Should log the correct number of calls" time="0.1398" asserts="0" success="True" result="Success" executed="True" />
                  <test-case description="Should log the correct number of calls (second test)" name="Assert-MockCalled when mock called outside of It block.Context.Should log the correct number of calls (second test)" time="0.0552" asserts="0" success="True" result="Success" executed="True" />
                </results>
              </test-suite>
            </results>
          </test-suite>
          <test-suite type="TestFixture" name="Restoring original commands when mock scopes exit" executed="True" result="Success" success="True" time="0.369" asserts="0" description="Restoring original commands when mock scopes exit">
            <results>
              <test-suite type="TestFixture" name="first context" executed="True" result="Success" success="True" time="0.2736" asserts="0" description="first context">
                <results>
                  <test-case description="original function exists" name="Restoring original commands when mock scopes exit.first context.original function exists" time="0.1698" asserts="0" success="True" result="Success" executed="True" />
                  <test-case description="passes in first context" name="Restoring original commands when mock scopes exit.first context.passes in first context" time="0.1038" asserts="0" success="True" result="Success" executed="True" />
                </results>
              </test-suite>
              <test-suite type="TestFixture" name="second context" executed="True" result="Success" success="True" time="0.0954" asserts="0" description="second context">
                <results>
                  <test-case description="original function exists" name="Restoring original commands when mock scopes exit.second context.original function exists" time="0.0735" asserts="0" success="True" result="Success" executed="True" />
                  <test-case description="passes in second context" name="Restoring original commands when mock scopes exit.second context.passes in second context" time="0.022" asserts="0" success="True" result="Success" executed="True" />
                </results>
              </test-suite>
            </results>
          </test-suite>
        </results>
      </test-suite>
      <test-suite type="TestFixture" name="D:\_Studium\zSemester5\SA\GitRepo\SourceCode\Pester\Functions\New-Fixture.Tests.ps1" executed="True" result="Success" success="True" time="1.0502" asserts="0" description="D:\_Studium\zSemester5\SA\GitRepo\SourceCode\Pester\Functions\New-Fixture.Tests.ps1">
        <results>
          <test-suite type="TestFixture" name="New-Fixture" executed="True" result="Success" success="True" time="1.0502" asserts="0" description="New-Fixture">
            <results>
              <test-suite type="TestFixture" name="Only Name parameter is specified:" executed="True" result="Success" success="True" time="0.1157" asserts="0" description="Only Name parameter is specified:">
                <results>
                  <test-case description="Creates fixture in current directory:" name="New-Fixture.Only Name parameter is specified:.Creates fixture in current directory:" time="0.1157" asserts="0" success="True" result="Success" executed="True" />
                </results>
              </test-suite>
              <test-suite type="TestFixture" name="Name and Path parameter is specified:" executed="True" result="Success" success="True" time="0.7455" asserts="0" description="Name and Path parameter is specified:">
                <results>
                  <test-case description="Creates fixture in full Path:" name="New-Fixture.Name and Path parameter is specified:.Creates fixture in full Path:" time="0.1334" asserts="0" success="True" result="Success" executed="True" />
                  <test-case description="Creates fixture in relative Path:" name="New-Fixture.Name and Path parameter is specified:.Creates fixture in relative Path:" time="0.0883" asserts="0" success="True" result="Success" executed="True" />
                  <test-case description="Creates fixture if Path is set to '.':" name="New-Fixture.Name and Path parameter is specified:.Creates fixture if Path is set to '.':" time="0.0951" asserts="0" success="True" result="Success" executed="True" />
                  <test-case description="Creates fixture if Path is set to '(pwd)':" name="New-Fixture.Name and Path parameter is specified:.Creates fixture if Path is set to '(pwd)':" time="0.105" asserts="0" success="True" result="Success" executed="True" />
                  <test-case description="Creates fixture if Path is set to '(pwd)' and Name contains the 'ps1' extension:" name="New-Fixture.Name and Path parameter is specified:.Creates fixture if Path is set to '(pwd)' and Name contains the 'ps1' extension:" time="0.1399" asserts="0" success="True" result="Success" executed="True" />
                  <test-case description="Writes warning if file exists" name="New-Fixture.Name and Path parameter is specified:.Writes warning if file exists" time="0.1838" asserts="0" success="True" result="Success" executed="True" />
                </results>
              </test-suite>
              <test-case description="Name parameter is mandatory:" name="New-Fixture.Name parameter is mandatory:" time="0.189" asserts="0" success="True" result="Success" executed="True" />
            </results>
          </test-suite>
        </results>
      </test-suite>
      <test-suite type="TestFixture" name="D:\_Studium\zSemester5\SA\GitRepo\SourceCode\Pester\Functions\New-MockObject.Tests.ps1" executed="True" result="Success" success="True" time="0.177" asserts="0" description="D:\_Studium\zSemester5\SA\GitRepo\SourceCode\Pester\Functions\New-MockObject.Tests.ps1">
        <results>
          <test-suite type="TestFixture" name="New-MockObject" executed="True" result="Success" success="True" time="0.177" asserts="0" description="New-MockObject">
            <results>
              <test-case description="instantiates an object from a class with no public constructors" name="New-MockObject.instantiates an object from a class with no public constructors" time="0.177" asserts="0" success="True" result="Success" executed="True" />
            </results>
          </test-suite>
        </results>
      </test-suite>
      <test-suite type="TestFixture" name="D:\_Studium\zSemester5\SA\GitRepo\SourceCode\Pester\Functions\Output.Tests.ps1" executed="True" result="Success" success="True" time="2.6699" asserts="0" description="D:\_Studium\zSemester5\SA\GitRepo\SourceCode\Pester\Functions\Output.Tests.ps1">
        <results>
          <test-suite type="TestFixture" name="Has-Flag" executed="True" result="Success" success="True" time="0.4485" asserts="0" description="Has-Flag">
            <results>
              <test-case description="Returns true when setting and value are the same" name="Has-Flag.Returns true when setting and value are the same" time="0.255" asserts="0" success="True" result="Success" executed="True" />
              <test-case description="Returns false when setting and value are the different" name="Has-Flag.Returns false when setting and value are the different" time="0.0394" asserts="0" success="True" result="Success" executed="True" />
              <test-case description="Returns true when setting contains value" name="Has-Flag.Returns true when setting contains value" time="0.0402" asserts="0" success="True" result="Success" executed="True" />
              <test-case description="Returns false when setting does not contain the value" name="Has-Flag.Returns false when setting does not contain the value" time="0.0347" asserts="0" success="True" result="Success" executed="True" />
              <test-case description="Returns true when at least one setting is contained in value" name="Has-Flag.Returns true when at least one setting is contained in value" time="0.038" asserts="0" success="True" result="Success" executed="True" />
              <test-case description="Returns false when none of settings is contained in value" name="Has-Flag.Returns false when none of settings is contained in value" time="0.0412" asserts="0" success="True" result="Success" executed="True" />
            </results>
          </test-suite>
          <test-suite type="TestFixture" name="Default OutputTypes" executed="True" result="Success" success="True" time="0.143" asserts="0" description="Default OutputTypes">
            <results>
              <test-case description="Fails output type contains all except passed" name="Default OutputTypes.Fails output type contains all except passed" time="0.1053" asserts="0" success="True" result="Success" executed="True" />
              <test-case description="All output type contains all flags" name="Default OutputTypes.All output type contains all flags" time="0.0377" asserts="0" success="True" result="Success" executed="True" />
            </results>
          </test-suite>
          <test-suite type="TestFixture" name="ConvertTo-PesterResult" executed="True" result="Success" success="True" time="0.4595" asserts="0" description="ConvertTo-PesterResult">
            <results>
              <test-suite type="TestFixture" name="failed tests in Tests file" executed="True" result="Success" success="True" time="0.228" asserts="0" description="failed tests in Tests file">
                <results>
                  <test-case description="records the correct stack line number" name="ConvertTo-PesterResult.failed tests in Tests file.records the correct stack line number" time="0.1888" asserts="0" success="True" result="Success" executed="True" />
                  <test-case description="records the correct error record" name="ConvertTo-PesterResult.failed tests in Tests file.records the correct error record" time="0.0392" asserts="0" success="True" result="Success" executed="True" />
                </results>
              </test-suite>
              <test-suite type="TestFixture" name="failed tests in another file" executed="True" result="Success" success="True" time="0.1526" asserts="0" description="failed tests in another file">
                <results>
                  <test-case description="records the correct stack line number" name="ConvertTo-PesterResult.failed tests in another file.records the correct stack line number" time="0.1187" asserts="0" success="True" result="Success" executed="True" />
                  <test-case description="records the correct error record" name="ConvertTo-PesterResult.failed tests in another file.records the correct error record" time="0.0339" asserts="0" success="True" result="Success" executed="True" />
                </results>
              </test-suite>
              <test-case description="Does not modify the error message from the original exception" name="ConvertTo-PesterResult.Does not modify the error message from the original exception" time="0.0789" asserts="0" success="True" result="Success" executed="True" />
            </results>
          </test-suite>
          <test-suite type="TestFixture" name="Format-PesterPath" executed="True" result="Success" success="True" time="0.3602" asserts="0" description="Format-PesterPath">
            <results>
              <test-case description="Writes path correctly when it is given $null" name="Format-PesterPath.Writes path correctly when it is given $null" time="0.2016" asserts="0" success="True" result="Success" executed="True" />
              <test-case description="Writes path correctly when it is provided as string" name="Format-PesterPath.Writes path correctly when it is provided as string" time="0.0332" asserts="0" success="True" result="Success" executed="True" />
              <test-case description="Writes path correctly when it is provided as string[]" name="Format-PesterPath.Writes path correctly when it is provided as string[]" time="0.0313" asserts="0" success="True" result="Success" executed="True" />
              <test-case description="Writes path correctly when provided through hashtable" name="Format-PesterPath.Writes path correctly when provided through hashtable" time="0.0365" asserts="0" success="True" result="Success" executed="True" />
              <test-case description="Writes path correctly when provided through array of hashtable" name="Format-PesterPath.Writes path correctly when provided through array of hashtable" time="0.0576" asserts="0" success="True" result="Success" executed="True" />
            </results>
          </test-suite>
          <test-suite type="TestFixture" name="Write-PesterStart" executed="True" result="Success" success="True" time="0.1929" asserts="0" description="Write-PesterStart">
            <results>
              <test-case description="uses Format-PesterPath with the provided path" name="Write-PesterStart.uses Format-PesterPath with the provided path" time="0.1929" asserts="0" success="True" result="Success" executed="True" />
            </results>
          </test-suite>
          <test-suite type="TestFixture" name="ConvertTo-FailureLines" executed="True" result="Success" success="True" time="1.0657" asserts="0" description="ConvertTo-FailureLines">
            <results>
              <test-suite type="TestFixture" name="exception thrown in nested functions in file" executed="True" result="Success" success="True" time="0.2258" asserts="0" description="exception thrown in nested functions in file">
                <results>
                  <test-case description="produces correct message lines." name="ConvertTo-FailureLines.exception thrown in nested functions in file.produces correct message lines." time="0.1538" asserts="0" success="True" result="Success" executed="True" />
                  <test-case description="produces correct trace lines." name="ConvertTo-FailureLines.exception thrown in nested functions in file.produces correct trace lines." time="0.072" asserts="0" success="True" result="Success" executed="True" />
                </results>
              </test-suite>
              <test-suite type="TestFixture" name="nested exceptions thrown in file" executed="True" result="Success" success="True" time="0.3458" asserts="0" description="nested exceptions thrown in file">
                <results>
                  <test-case description="produces correct message lines." name="ConvertTo-FailureLines.nested exceptions thrown in file.produces correct message lines." time="0.2788" asserts="0" success="True" result="Success" executed="True" />
                  <test-case description="produces correct trace line." name="ConvertTo-FailureLines.nested exceptions thrown in file.produces correct trace line." time="0.067" asserts="0" success="True" result="Success" executed="True" />
                </results>
              </test-suite>
              <test-case description="produces correct message lines." name="ConvertTo-FailureLines.produces correct message lines." time="0.4031" asserts="0" success="True" result="Success" executed="True" />
              <test-case description="failed should produces correct message lines." name="ConvertTo-FailureLines.failed should produces correct message lines." time="0.091" asserts="0" success="True" result="Success" executed="True" />
            </results>
          </test-suite>
        </results>
      </test-suite>
      <test-suite type="TestFixture" name="D:\_Studium\zSemester5\SA\GitRepo\SourceCode\Pester\Functions\PesterState.Tests.ps1" executed="True" result="Success" success="True" time="2.457" asserts="0" description="D:\_Studium\zSemester5\SA\GitRepo\SourceCode\Pester\Functions\PesterState.Tests.ps1">
        <results>
          <test-suite type="TestFixture" name="New-PesterState" executed="True" result="Success" success="True" time="1.467" asserts="0" description="New-PesterState">
            <results>
              <test-suite type="TestFixture" name="TestNameFilter parameter is set" executed="True" result="Success" success="True" time="0.536" asserts="0" description="TestNameFilter parameter is set">
                <results>
                  <test-case description="sets the TestNameFilter property" name="New-PesterState.TestNameFilter parameter is set.sets the TestNameFilter property" time="0.536" asserts="0" success="True" result="Success" executed="True" />
                </results>
              </test-suite>
              <test-suite type="TestFixture" name="TagFilter parameter is set" executed="True" result="Success" success="True" time="0.1941" asserts="0" description="TagFilter parameter is set">
                <results>
                  <test-case description="sets the TestNameFilter property" name="New-PesterState.TagFilter parameter is set.sets the TestNameFilter property" time="0.1941" asserts="0" success="True" result="Success" executed="True" />
                </results>
              </test-suite>
              <test-suite type="TestFixture" name="ExcludeTagFilter parameter is set" executed="True" result="Success" success="True" time="0.2207" asserts="0" description="ExcludeTagFilter parameter is set">
                <results>
                  <test-case description="sets the ExcludeTagFilter property" name="New-PesterState.ExcludeTagFilter parameter is set.sets the ExcludeTagFilter property" time="0.2207" asserts="0" success="True" result="Success" executed="True" />
                </results>
              </test-suite>
              <test-suite type="TestFixture" name="TagFilter and ExcludeTagFilter parameter are set" executed="True" result="Success" success="True" time="0.2922" asserts="0" description="TagFilter and ExcludeTagFilter parameter are set">
                <results>
                  <test-case description="sets the TestNameFilter property" name="New-PesterState.TagFilter and ExcludeTagFilter parameter are set.sets the TestNameFilter property" time="0.2387" asserts="0" success="True" result="Success" executed="True" />
                  <test-case description="sets the ExcludeTagFilter property" name="New-PesterState.TagFilter and ExcludeTagFilter parameter are set.sets the ExcludeTagFilter property" time="0.0535" asserts="0" success="True" result="Success" executed="True" />
                </results>
              </test-suite>
              <test-suite type="TestFixture" name="TestNameFilter and TagFilter parameter is set" executed="True" result="Success" success="True" time="0.2241" asserts="0" description="TestNameFilter and TagFilter parameter is set">
                <results>
                  <test-case description="sets the TestNameFilter property" name="New-PesterState.TestNameFilter and TagFilter parameter is set.sets the TestNameFilter property" time="0.1914" asserts="0" success="True" result="Success" executed="True" />
                  <test-case description="sets the TestNameFilter property" name="New-PesterState.TestNameFilter and TagFilter parameter is set.sets the TestNameFilter property" time="0.0326" asserts="0" success="True" result="Success" executed="True" />
                </results>
              </test-suite>
            </results>
          </test-suite>
          <test-suite type="TestFixture" name="Pester state object" executed="True" result="Success" success="True" time="0.99" asserts="0" description="Pester state object">
            <results>
              <test-suite type="TestFixture" name="entering describe" executed="True" result="Success" success="True" time="0.2135" asserts="0" description="entering describe">
                <results>
                  <test-case description="enters describe" name="Pester state object.entering describe.enters describe" time="0.2135" asserts="0" success="True" result="Success" executed="True" />
                </results>
              </test-suite>
              <test-suite type="TestFixture" name="leaving describe" executed="True" result="Success" success="True" time="0.0972" asserts="0" description="leaving describe">
                <results>
                  <test-case description="leaves describe" name="Pester state object.leaving describe.leaves describe" time="0.0972" asserts="0" success="True" result="Success" executed="True" />
                </results>
              </test-suite>
              <test-suite type="TestFixture" name="adding test result" executed="True" result="Success" success="True" time="0.3955" asserts="0" description="adding test result">
                <results>
                  <test-case description="adds passed test" name="Pester state object.adding test result.adds passed test" time="0.1399" asserts="0" success="True" result="Success" executed="True" />
                  <test-case description="adds failed test" name="Pester state object.adding test result.adds failed test" time="0.0948" asserts="0" success="True" result="Success" executed="True" />
                  <test-case description="adds skipped test" name="Pester state object.adding test result.adds skipped test" time="0.0724" asserts="0" success="True" result="Success" executed="True" />
                  <test-case description="adds Pending test" name="Pester state object.adding test result.adds Pending test" time="0.0884" asserts="0" success="True" result="Success" executed="True" />
                </results>
              </test-suite>
              <test-suite type="TestFixture" name="Path and TestNameFilter parameter is set" executed="True" result="Success" success="True" time="0.2838" asserts="0" description="Path and TestNameFilter parameter is set">
                <results>
                  <test-case description="Keeps Passed state" name="Pester state object.Path and TestNameFilter parameter is set.Keeps Passed state" time="0.1381" asserts="0" success="True" result="Success" executed="True" />
                  <test-case description="Keeps Failed state" name="Pester state object.Path and TestNameFilter parameter is set.Keeps Failed state" time="0.042" asserts="0" success="True" result="Success" executed="True" />
                  <test-case description="Changes Pending state to Failed" name="Pester state object.Path and TestNameFilter parameter is set.Changes Pending state to Failed" time="0.0554" asserts="0" success="True" result="Success" executed="True" />
                  <test-case description="Changes Skipped state to Failed" name="Pester state object.Path and TestNameFilter parameter is set.Changes Skipped state to Failed" time="0.0483" asserts="0" success="True" result="Success" executed="True" />
                </results>
              </test-suite>
            </results>
          </test-suite>
        </results>
      </test-suite>
      <test-suite type="TestFixture" name="D:\_Studium\zSemester5\SA\GitRepo\SourceCode\Pester\Functions\SetupTeardown.Tests.ps1" executed="True" result="Success" success="True" time="2.2088" asserts="0" description="D:\_Studium\zSemester5\SA\GitRepo\SourceCode\Pester\Functions\SetupTeardown.Tests.ps1">
        <results>
          <test-suite type="TestFixture" name="Describe-Scoped Test Case setup" executed="True" result="Success" success="True" time="0.2728" asserts="0" description="Describe-Scoped Test Case setup">
            <results>
              <test-case description="Assigns the correct value in first test" name="Describe-Scoped Test Case setup.Assigns the correct value in first test" time="0.2403" asserts="0" success="True" result="Success" executed="True" />
              <test-case description="Assigns the correct value in subsequent tests" name="Describe-Scoped Test Case setup.Assigns the correct value in subsequent tests" time="0.0325" asserts="0" success="True" result="Success" executed="True" />
            </results>
          </test-suite>
          <test-suite type="TestFixture" name="Context-scoped Test Case setup" executed="True" result="Success" success="True" time="0.2413" asserts="0" description="Context-scoped Test Case setup">
            <results>
              <test-suite type="TestFixture" name="The context" executed="True" result="Success" success="True" time="0.1823" asserts="0" description="The context">
                <results>
                  <test-case description="Assigns the correct value inside the context" name="Context-scoped Test Case setup.The context.Assigns the correct value inside the context" time="0.1823" asserts="0" success="True" result="Success" executed="True" />
                </results>
              </test-suite>
              <test-case description="Reports the original value after the Context" name="Context-scoped Test Case setup.Reports the original value after the Context" time="0.059" asserts="0" success="True" result="Success" executed="True" />
            </results>
          </test-suite>
          <test-suite type="TestFixture" name="Multiple Test Case setup blocks" executed="True" result="Success" success="True" time="0.3564" asserts="0" description="Multiple Test Case setup blocks">
            <results>
              <test-suite type="TestFixture" name="The context" executed="True" result="Success" success="True" time="0.2857" asserts="0" description="The context">
                <results>
                  <test-case description="Executes Describe setup blocks first, then Context blocks in the order they were defined (even if they are defined after the It block.)" name="Multiple Test Case setup blocks.The context.Executes Describe setup blocks first, then Context blocks in the order they were defined (even if they are defined after the It block.)" time="0.2857" asserts="0" success="True" result="Success" executed="True" />
                </results>
              </test-suite>
              <test-case description="Continues to execute Describe setup blocks after the Context" name="Multiple Test Case setup blocks.Continues to execute Describe setup blocks after the Context" time="0.0708" asserts="0" success="True" result="Success" executed="True" />
            </results>
          </test-suite>
          <test-suite type="TestFixture" name="Describe-scoped Test Case teardown" executed="True" result="Success" success="True" time="0.1781" asserts="0" description="Describe-scoped Test Case teardown">
            <results>
              <test-case description="Does not modify the variable before the first test" name="Describe-scoped Test Case teardown.Does not modify the variable before the first test" time="0.1225" asserts="0" success="True" result="Success" executed="True" />
              <test-case description="Modifies the variable after the first test" name="Describe-scoped Test Case teardown.Modifies the variable after the first test" time="0.0556" asserts="0" success="True" result="Success" executed="True" />
            </results>
          </test-suite>
          <test-suite type="TestFixture" name="Multiple Test Case teardown blocks" executed="True" result="Success" success="True" time="0.2813" asserts="0" description="Multiple Test Case teardown blocks">
            <results>
              <test-suite type="TestFixture" name="The context" executed="True" result="Success" success="True" time="0.2813" asserts="0" description="The context">
                <results>
                  <test-case description="Performs a test in Context" name="Multiple Test Case teardown blocks.The context.Performs a test in Context" time="0.2362" asserts="0" success="True" result="Success" executed="True" />
                  <test-case description="Executes Describe teardown blocks after Context teardown blocks" name="Multiple Test Case teardown blocks.The context.Executes Describe teardown blocks after Context teardown blocks" time="0.0451" asserts="0" success="True" result="Success" executed="True" />
                </results>
              </test-suite>
            </results>
          </test-suite>
          <test-suite type="TestFixture" name="Test Group Setup and Teardown" executed="True" result="Success" success="True" time="0.4914" asserts="0" description="Test Group Setup and Teardown">
            <results>
              <test-suite type="TestFixture" name="Context scoped setup and teardown" executed="True" result="Success" success="True" time="0.1455" asserts="0" description="Context scoped setup and teardown">
                <results>
                  <test-case description="Executed the Context BeforeAll block" name="Test Group Setup and Teardown.Context scoped setup and teardown.Executed the Context BeforeAll block" time="0.1001" asserts="0" success="True" result="Success" executed="True" />
                  <test-case description="Has not executed any other blocks yet" name="Test Group Setup and Teardown.Context scoped setup and teardown.Has not executed any other blocks yet" time="0.0454" asserts="0" success="True" result="Success" executed="True" />
                </results>
              </test-suite>
              <test-case description="Executed the Describe BeforeAll regardless of definition order" name="Test Group Setup and Teardown.Executed the Describe BeforeAll regardless of definition order" time="0.2365" asserts="0" success="True" result="Success" executed="True" />
              <test-case description="Did not execute any other block yet" name="Test Group Setup and Teardown.Did not execute any other block yet" time="0.0444" asserts="0" success="True" result="Success" executed="True" />
              <test-case description="Executed the Context AfterAll block" name="Test Group Setup and Teardown.Executed the Context AfterAll block" time="0.065" asserts="0" success="True" result="Success" executed="True" />
            </results>
          </test-suite>
          <test-suite type="TestFixture" name="Finishing TestGroup Setup and Teardown tests" executed="True" result="Success" success="True" time="0.1521" asserts="0" description="Finishing TestGroup Setup and Teardown tests">
            <results>
              <test-case description="Executed each Describe and Context group block once" name="Finishing TestGroup Setup and Teardown tests.Executed each Describe and Context group block once" time="0.1521" asserts="0" success="True" result="Success" executed="True" />
            </results>
          </test-suite>
          <test-suite type="TestFixture" name="Script Blocks and file association (testing automatic variables)" executed="True" result="Success" success="True" time="0.2354" asserts="0" description="Script Blocks and file association (testing automatic variables)">
            <results>
              <test-case description="Creates script block objects associated with the proper file" name="Script Blocks and file association (testing automatic variables).Creates script block objects associated with the proper file" time="0.1915" asserts="0" success="True" result="Success" executed="True" />
              <test-case description="Has the correct automatic variable values inside the BeforeEach block" name="Script Blocks and file association (testing automatic variables).Has the correct automatic variable values inside the BeforeEach block" time="0.0438" asserts="0" success="True" result="Success" executed="True" />
            </results>
          </test-suite>
        </results>
      </test-suite>
      <test-suite type="TestFixture" name="D:\_Studium\zSemester5\SA\GitRepo\SourceCode\Pester\Functions\TestDrive.Tests.ps1" executed="True" result="Success" success="True" time="2.4243" asserts="0" description="D:\_Studium\zSemester5\SA\GitRepo\SourceCode\Pester\Functions\TestDrive.Tests.ps1">
        <results>
          <test-suite type="TestFixture" name="Setup" executed="True" result="Success" success="True" time="0.2613" asserts="0" description="Setup">
            <results>
              <test-case description="returns a location that is in a temp area" name="Setup.returns a location that is in a temp area" time="0.2137" asserts="0" success="True" result="Success" executed="True" />
              <test-case description="creates a drive location called TestDrive:" name="Setup.creates a drive location called TestDrive:" time="0.0475" asserts="0" success="True" result="Success" executed="True" />
            </results>
          </test-suite>
          <test-suite type="TestFixture" name="TestDrive" executed="True" result="Success" success="True" time="0.1788" asserts="0" description="TestDrive">
            <results>
              <test-case description="handles creation of a drive with . characters in the path" name="TestDrive.handles creation of a drive with . characters in the path" time="0.1788" asserts="0" success="True" result="Success" executed="True" />
            </results>
          </test-suite>
          <test-suite type="TestFixture" name="Create filesystem with directories" executed="True" result="Success" success="True" time="0.2674" asserts="0" description="Create filesystem with directories">
            <results>
              <test-case description="creates directory when called with no file content" name="Create filesystem with directories.creates directory when called with no file content" time="0.191" asserts="0" success="True" result="Success" executed="True" />
              <test-case description="creates another directory when called with no file content and doesn't remove first directory" name="Create filesystem with directories.creates another directory when called with no file content and doesn't remove first directory" time="0.0763" asserts="0" success="True" result="Success" executed="True" />
            </results>
          </test-suite>
          <test-suite type="TestFixture" name="Create nested directory structure" executed="True" result="Success" success="True" time="0.1689" asserts="0" description="Create nested directory structure">
            <results>
              <test-case description="creates parent directory" name="Create nested directory structure.creates parent directory" time="0.13" asserts="0" success="True" result="Success" executed="True" />
              <test-case description="creates child directory underneath parent" name="Create nested directory structure.creates child directory underneath parent" time="0.0388" asserts="0" success="True" result="Success" executed="True" />
            </results>
          </test-suite>
          <test-suite type="TestFixture" name="Create a file with no content" executed="True" result="Success" success="True" time="0.1371" asserts="0" description="Create a file with no content">
            <results>
              <test-case description="creates file" name="Create a file with no content.creates file" time="0.1022" asserts="0" success="True" result="Success" executed="True" />
              <test-case description="also has no content" name="Create a file with no content.also has no content" time="0.0349" asserts="0" success="True" result="Success" executed="True" />
            </results>
          </test-suite>
          <test-suite type="TestFixture" name="Create a file with content" executed="True" result="Success" success="True" time="0.1841" asserts="0" description="Create a file with content">
            <results>
              <test-case description="creates file" name="Create a file with content.creates file" time="0.1449" asserts="0" success="True" result="Success" executed="True" />
              <test-case description="adds content to the file" name="Create a file with content.adds content to the file" time="0.0391" asserts="0" success="True" result="Success" executed="True" />
            </results>
          </test-suite>
          <test-suite type="TestFixture" name="Create file with passthru" executed="True" result="Success" success="True" time="0.1191" asserts="0" description="Create file with passthru">
            <results>
              <test-case description="returns the file from the temp location" name="Create file with passthru.returns the file from the temp location" time="0.1191" asserts="0" success="True" result="Success" executed="True" />
            </results>
          </test-suite>
          <test-suite type="TestFixture" name="Create directory with passthru" executed="True" result="Success" success="True" time="0.1302" asserts="0" description="Create directory with passthru">
            <results>
              <test-case description="returns the directory from the temp location" name="Create directory with passthru.returns the directory from the temp location" time="0.1302" asserts="0" success="True" result="Success" executed="True" />
            </results>
          </test-suite>
          <test-suite type="TestFixture" name="TestDrive scoping" executed="True" result="Success" success="True" time="0.3806" asserts="0" description="TestDrive scoping">
            <results>
              <test-suite type="TestFixture" name="Describe file is available in context" executed="True" result="Success" success="True" time="0.2807" asserts="0" description="Describe file is available in context">
                <results>
                  <test-case description="Finds the file" name="TestDrive scoping.Describe file is available in context.Finds the file" time="0.1786" asserts="0" success="True" result="Success" executed="True" />
                  <test-case description="Creates It-scoped contents" name="TestDrive scoping.Describe file is available in context.Creates It-scoped contents" time="0.0681" asserts="0" success="True" result="Success" executed="True" />
                  <test-case description="Does not clear It-scoped contents on exit" name="TestDrive scoping.Describe file is available in context.Does not clear It-scoped contents on exit" time="0.034" asserts="0" success="True" result="Success" executed="True" />
                </results>
              </test-suite>
              <test-case description="Context file are removed when returning to Describe" name="TestDrive scoping.Context file are removed when returning to Describe" time="0.0609" asserts="0" success="True" result="Success" executed="True" />
              <test-case description="Describe file is still available in Describe" name="TestDrive scoping.Describe file is still available in Describe" time="0.0389" asserts="0" success="True" result="Success" executed="True" />
            </results>
          </test-suite>
          <test-suite type="TestFixture" name="Cleanup" executed="True" result="Success" success="True" time="0" asserts="0" description="Cleanup">
            <results />
          </test-suite>
          <test-suite type="TestFixture" name="Cleanup" executed="True" result="Success" success="True" time="0.2191" asserts="0" description="Cleanup">
            <results>
              <test-case description="should have removed the temp folder from the previous fixture" name="Cleanup.should have removed the temp folder from the previous fixture" time="0.1801" asserts="0" success="True" result="Success" executed="True" />
              <test-case description="should also remove the TestDrive:" name="Cleanup.should also remove the TestDrive:" time="0.039" asserts="0" success="True" result="Success" executed="True" />
            </results>
          </test-suite>
          <test-suite type="TestFixture" name="Cleanup when Remove-Item is mocked" executed="True" result="Success" success="True" time="0.2299" asserts="0" description="Cleanup when Remove-Item is mocked">
            <results>
              <test-suite type="TestFixture" name="add a temp directory" executed="True" result="Success" success="True" time="0" asserts="0" description="add a temp directory">
                <results />
              </test-suite>
              <test-suite type="TestFixture" name="next context" executed="True" result="Success" success="True" time="0.2299" asserts="0" description="next context">
                <results>
                  <test-case description="should have removed the temp folder" name="Cleanup when Remove-Item is mocked.next context.should have removed the temp folder" time="0.2299" asserts="0" success="True" result="Success" executed="True" />
                </results>
              </test-suite>
            </results>
          </test-suite>
          <test-suite type="TestFixture" name="New-RandomTempDirectory" executed="True" result="Success" success="True" time="0.1479" asserts="0" description="New-RandomTempDirectory">
            <results>
              <test-case description="creates randomly named directory" name="New-RandomTempDirectory.creates randomly named directory" time="0.1479" asserts="0" success="True" result="Success" executed="True" />
            </results>
          </test-suite>
        </results>
      </test-suite>
      <test-suite type="TestFixture" name="D:\_Studium\zSemester5\SA\GitRepo\SourceCode\Pester\Functions\TestResults.Tests.ps1" executed="True" result="Success" success="True" time="3.1441" asserts="0" description="D:\_Studium\zSemester5\SA\GitRepo\SourceCode\Pester\Functions\TestResults.Tests.ps1">
        <results>
          <test-suite type="TestFixture" name="Write nunit test results" executed="True" result="Success" success="True" time="2.7161" asserts="0" description="Write nunit test results">
            <results>
              <test-suite type="TestFixture" name="Exporting Parameterized Tests (Newer format)" executed="True" result="Success" success="True" time="0.3429" asserts="0" description="Exporting Parameterized Tests (Newer format)">
                <results>
                  <test-case description="should write parameterized test results correctly" name="Write nunit test results.Exporting Parameterized Tests (Newer format).should write parameterized test results correctly" time="0.2857" asserts="0" success="True" result="Success" executed="True" />
                  <test-case description="Should validate test results against the nunit 2.5 schema" name="Write nunit test results.Exporting Parameterized Tests (Newer format).Should validate test results against the nunit 2.5 schema" time="0.0572" asserts="0" success="True" result="Success" executed="True" />
                </results>
              </test-suite>
              <test-case description="should write a successful test result" name="Write nunit test results.should write a successful test result" time="0.7797" asserts="0" success="True" result="Success" executed="True" />
              <test-case description="should write a failed test result" name="Write nunit test results.should write a failed test result" time="0.2457" asserts="0" success="True" result="Success" executed="True" />
              <test-case description="should write the test summary" name="Write nunit test results.should write the test summary" time="0.2127" asserts="0" success="True" result="Success" executed="True" />
              <test-case description="should write the test-suite information" name="Write nunit test results.should write the test-suite information" time="0.2698" asserts="0" success="True" result="Success" executed="True" />
              <test-case description="should write two test-suite elements for two describes" name="Write nunit test results.should write two test-suite elements for two describes" time="0.2175" asserts="0" success="True" result="Success" executed="True" />
              <test-case description="should write the environment information" name="Write nunit test results.should write the environment information" time="0.1903" asserts="0" success="True" result="Success" executed="True" />
              <test-case description="Should validate test results against the nunit 2.5 schema" name="Write nunit test results.Should validate test results against the nunit 2.5 schema" time="0.258" asserts="0" success="True" result="Success" executed="True" />
              <test-case description="handles special characters in block descriptions well -!@#$%^&amp;*()_+1234567890[];'',./&quot;- " name="Write nunit test results.handles special characters in block descriptions well -!@#$%^&amp;*()_+1234567890[];'',./&quot;- " time="0.1996" asserts="0" success="True" result="Success" executed="True" />
            </results>
          </test-suite>
          <test-suite type="TestFixture" name="Get-TestTime" executed="True" result="Success" success="True" time="0.2084" asserts="0" description="Get-TestTime">
            <results>
              <test-case description="output is culture agnostic" name="Get-TestTime.output is culture agnostic" time="0.1656" asserts="0" success="True" result="Success" executed="True" />
              <test-case description="Time is measured in seconds with 0,1 millisecond as lowest value" name="Get-TestTime.Time is measured in seconds with 0,1 millisecond as lowest value" time="0.0428" asserts="0" success="True" result="Success" executed="True" />
            </results>
          </test-suite>
          <test-suite type="TestFixture" name="GetFullPath" executed="True" result="Success" success="True" time="0.2196" asserts="0" description="GetFullPath">
            <results>
              <test-case description="Resolves non existing path correctly" name="GetFullPath.Resolves non existing path correctly" time="0.0915" asserts="0" success="True" result="Success" executed="True" />
              <test-case description="Resolves non existing path correctly - PSDrive" name="GetFullPath.Resolves non existing path correctly - PSDrive" time="0.0269" asserts="0" success="True" result="Success" executed="True" />
              <test-case description="Resolves existing path correctly" name="GetFullPath.Resolves existing path correctly" time="0.0339" asserts="0" success="True" result="Success" executed="True" />
              <test-case description="Resolves existing path correctly - PSDrive" name="GetFullPath.Resolves existing path correctly - PSDrive" time="0.027" asserts="0" success="True" result="Success" executed="True" />
              <test-case description="Resolves full path correctly" name="GetFullPath.Resolves full path correctly" time="0.0403" asserts="0" success="True" result="Success" executed="True" />
            </results>
          </test-suite>
        </results>
      </test-suite>
      <test-suite type="TestFixture" name="D:\_Studium\zSemester5\SA\GitRepo\SourceCode\Pester\Functions\TestsRunningInCleanRunspace.Tests.ps1" executed="True" result="Success" success="True" time="44.6639" asserts="0" description="D:\_Studium\zSemester5\SA\GitRepo\SourceCode\Pester\Functions\TestsRunningInCleanRunspace.Tests.ps1">
        <results>
          <test-suite type="TestFixture" name="Tests running in clean runspace" executed="True" result="Success" success="True" time="28.7742" asserts="0" description="Tests running in clean runspace">
            <results>
              <test-case description="It - Skip and Pending tests" name="Tests running in clean runspace.It - Skip and Pending tests" time="6.3214" asserts="0" success="True" result="Success" executed="True" />
              <test-case description="It - It without ScriptBlock fails" name="Tests running in clean runspace.It - It without ScriptBlock fails" time="6.4268" asserts="0" success="True" result="Success" executed="True" />
              <test-case description="Invoke-Pester - PassThru output" name="Tests running in clean runspace.Invoke-Pester - PassThru output" time="6.3307" asserts="0" success="True" result="Success" executed="True" />
              <test-case description="Produces valid NUnit output when syntax errors occur in test scripts" name="Tests running in clean runspace.Produces valid NUnit output when syntax errors occur in test scripts" time="5.2425" asserts="0" success="True" result="Success" executed="True" />
              <test-case description="Invoke-Pester - Strict mode" name="Tests running in clean runspace.Invoke-Pester - Strict mode" time="4.4529" asserts="0" success="True" result="Success" executed="True" />
            </results>
          </test-suite>
          <test-suite type="TestFixture" name="Guarantee It fail on setup or teardown fail (running in clean runspace)" executed="True" result="Success" success="True" time="15.8897" asserts="0" description="Guarantee It fail on setup or teardown fail (running in clean runspace)">
            <results>
              <test-suite type="TestFixture" name="Teardown fails" executed="True" result="Success" success="True" time="5.3812" asserts="0" description="Teardown fails">
                <results>
                  <test-case description="Failed teardown does not let exception propagate outside of the scope of Describe/Context in which it failed" name="Guarantee It fail on setup or teardown fail (running in clean runspace).Teardown fails.Failed teardown does not let exception propagate outside of the scope of Describe/Context in which it failed" time="5.3812" asserts="0" success="True" result="Success" executed="True" />
                </results>
              </test-suite>
              <test-case description="It fails if BeforeEach fails" name="Guarantee It fail on setup or teardown fail (running in clean runspace).It fails if BeforeEach fails" time="4.847" asserts="0" success="True" result="Success" executed="True" />
              <test-case description="It fails if AfterEach fails" name="Guarantee It fail on setup or teardown fail (running in clean runspace).It fails if AfterEach fails" time="5.6615" asserts="0" success="True" result="Success" executed="True" />
            </results>
          </test-suite>
        </results>
      </test-suite>
      <test-suite type="TestFixture" name="D:\_Studium\zSemester5\SA\GitRepo\SourceCode\Pester\Pester.Tests.ps1" executed="True" result="Failure" success="False" time="14.1184" asserts="0" description="D:\_Studium\zSemester5\SA\GitRepo\SourceCode\Pester\Pester.Tests.ps1">
        <results>
          <test-suite type="TestFixture" name="Pester manifest and changelog" executed="True" result="Failure" success="False" time="0.6827" asserts="0" description="Pester manifest and changelog">
            <results>
              <test-case description="has a valid manifest" name="Pester manifest and changelog.has a valid manifest" time="0.2873" asserts="0" success="True" result="Success" executed="True" />
              <test-case description="has a valid name in the manifest" name="Pester manifest and changelog.has a valid name in the manifest" time="0.0263" asserts="0" success="True" result="Success" executed="True" />
              <test-case description="has a valid guid in the manifest" name="Pester manifest and changelog.has a valid guid in the manifest" time="0.0453" asserts="0" success="True" result="Success" executed="True" />
              <test-case description="is tagged with a valid version" name="Pester manifest and changelog.is tagged with a valid version" time="0.0677" asserts="0" success="True" result="Ignored" executed="False" />
              <test-case description="has valid release notes in the manifest" name="Pester manifest and changelog.has valid release notes in the manifest" time="0.047" asserts="0" success="False" result="Failure" executed="True">
                <failure>
                  <message>Expected strings to be the same, but they were different.
Expected length: 46
Actual length:   51
Strings differ at index 46.
Expected: 'https://github.com/pester/Pester/releases/tag/'
But was:  'https://github.com/pester/Pester/releases/tag/4.4.2'
---------------------------------------------------------^</message>
                  <stack-trace>at &lt;ScriptBlock&gt;, D:\_Studium\zSemester5\SA\GitRepo\SourceCode\Pester\Pester.Tests.ps1: line 50
50:         $script:manifest.PrivateData.PSData.ReleaseNotes | Should -Be "https://github.com/pester/Pester/releases/tag/$script:tagVersion"</stack-trace>
                </failure>
              </test-case>
              <test-case description="has valid pre-release suffix in manifest (empty for stable version)" name="Pester manifest and changelog.has valid pre-release suffix in manifest (empty for stable version)" time="0.1006" asserts="0" success="True" result="Success" executed="True" />
              <test-case description="tag and changelog versions are the same" name="Pester manifest and changelog.tag and changelog versions are the same" time="0.0472" asserts="0" success="False" result="Failure" executed="True">
                <failure>
                  <message>Expected $null, but got '4.4.2'.</message>
                  <stack-trace>at &lt;ScriptBlock&gt;, D:\_Studium\zSemester5\SA\GitRepo\SourceCode\Pester\Pester.Tests.ps1: line 71
71:         $script:changelogVersion      | Should -Be $script:tagVersion</stack-trace>
                </failure>
              </test-case>
              <test-case description="tag and changelog versions are the same" name="Pester manifest and changelog.tag and changelog versions are the same" time="0.0387" asserts="0" success="False" result="Failure" executed="True">
                <failure>
                  <message>Expected $null, but got '4.4.2'.</message>
                  <stack-trace>at &lt;ScriptBlock&gt;, D:\_Studium\zSemester5\SA\GitRepo\SourceCode\Pester\Pester.Tests.ps1: line 76
76:         $script:changelogVersion | Should -Be $script:tagVersion</stack-trace>
                </failure>
              </test-case>
              <test-case description="all short versions are the same" name="Pester manifest and changelog.all short versions are the same" time="0.0226" asserts="0" success="True" result="Ignored" executed="False" />
            </results>
          </test-suite>
          <test-suite type="TestFixture" name="Clean treatment of the $error variable" executed="True" result="Success" success="True" time="0.1497" asserts="0" description="Clean treatment of the $error variable">
            <results>
              <test-suite type="TestFixture" name="A Context" executed="True" result="Success" success="True" time="0.1057" asserts="0" description="A Context">
                <results>
                  <test-case description="Performs a successful test" name="Clean treatment of the $error variable.A Context.Performs a successful test" time="0.1057" asserts="0" success="True" result="Success" executed="True" />
                </results>
              </test-suite>
              <test-case description="Did not add anything to the $error variable" name="Clean treatment of the $error variable.Did not add anything to the $error variable" time="0.044" asserts="0" success="True" result="Success" executed="True" />
            </results>
          </test-suite>
          <test-suite type="TestFixture" name="SafeCommands table" executed="True" result="Success" success="True" time="1.271" asserts="0" description="SafeCommands table">
            <results>
              <test-case description="The SafeCommands table contains all commands that are called from the module" name="SafeCommands table.The SafeCommands table contains all commands that are called from the module" time="1.271" asserts="0" success="True" result="Success" executed="True" />
            </results>
          </test-suite>
          <test-suite type="TestFixture" name="Public API" executed="True" result="Success" success="True" time="0.1826" asserts="0" description="Public API">
            <results>
              <test-case description="all non-deprecated, non-internal public commands use CmdletBinding" name="Public API.all non-deprecated, non-internal public commands use CmdletBinding" time="0.1826" asserts="0" success="True" result="Success" executed="True" />
            </results>
          </test-suite>
          <test-suite type="TestFixture" name="Style rules" executed="True" result="Failure" success="False" time="0.7816" asserts="0" description="Style rules">
            <results>
              <test-case description="Pester source files contain no trailing whitespace" name="Style rules.Pester source files contain no trailing whitespace" time="0.5739" asserts="0" success="False" result="Failure" executed="True">
                <failure>
                  <message>The following 1 lines contain trailing whitespace: 

File: D:\_Studium\zSemester5\SA\GitRepo\SourceCode\Pester\Pester.Tests.ps1, Line: 359</message>
                  <stack-trace>at &lt;ScriptBlock&gt;, D:\_Studium\zSemester5\SA\GitRepo\SourceCode\Pester\Pester.Tests.ps1: line 182
182:             throw "The following $($badLines.Count) lines contain trailing whitespace: $([System.Environment]::NewLine)$([System.Environment]::NewLine)$($badLines -join "$([System.Environment]::NewLine)")"
</stack-trace>
                </failure>
              </test-case>
              <test-case description="Spaces are used for indentation in all code files, not tabs" name="Style rules.Spaces are used for indentation in all code files, not tabs" time="0.1638" asserts="0" success="True" result="Success" executed="True" />
              <test-case description="Pester Source Files all end with a newline" name="Style rules.Pester Source Files all end with a newline" time="0.0439" asserts="0" success="True" result="Success" executed="True" />
            </results>
          </test-suite>
          <test-suite type="TestFixture" name="ResolveTestScripts" executed="True" result="Success" success="True" time="0.9673" asserts="0" description="ResolveTestScripts">
            <results>
              <test-suite type="TestFixture" name="Passing in Dictionaries instead of Strings" executed="True" result="Success" success="True" time="0.6055" asserts="0" description="Passing in Dictionaries instead of Strings">
                <results>
                  <test-case description="Allows the use of a &quot;P&quot; key instead of &quot;Path&quot;" name="ResolveTestScripts.Passing in Dictionaries instead of Strings.Allows the use of a &quot;P&quot; key instead of &quot;Path&quot;" time="0.0792" asserts="0" success="True" result="Success" executed="True" />
                  <test-case description="Allows the use of an &quot;Arguments&quot; key in the dictionary" name="ResolveTestScripts.Passing in Dictionaries instead of Strings.Allows the use of an &quot;Arguments&quot; key in the dictionary" time="0.0404" asserts="0" success="True" result="Success" executed="True" />
                  <test-case description="Allows the use of an &quot;Args&quot; key in the dictionary" name="ResolveTestScripts.Passing in Dictionaries instead of Strings.Allows the use of an &quot;Args&quot; key in the dictionary" time="0.0438" asserts="0" success="True" result="Success" executed="True" />
                  <test-case description="Allows the use of an &quot;A&quot; key in the dictionary" name="ResolveTestScripts.Passing in Dictionaries instead of Strings.Allows the use of an &quot;A&quot; key in the dictionary" time="0.0611" asserts="0" success="True" result="Success" executed="True" />
                  <test-case description="Allows the use of a &quot;Parameters&quot; key in the dictionary" name="ResolveTestScripts.Passing in Dictionaries instead of Strings.Allows the use of a &quot;Parameters&quot; key in the dictionary" time="0.1034" asserts="0" success="True" result="Success" executed="True" />
                  <test-case description="Allows the use of a &quot;Params&quot; key in the dictionary" name="ResolveTestScripts.Passing in Dictionaries instead of Strings.Allows the use of a &quot;Params&quot; key in the dictionary" time="0.1184" asserts="0" success="True" result="Success" executed="True" />
                  <test-case description="Throws an error if no Path is specified" name="ResolveTestScripts.Passing in Dictionaries instead of Strings.Throws an error if no Path is specified" time="0.1109" asserts="0" success="True" result="Success" executed="True" />
                  <test-case description="Throws an error if a Parameters key is used, but does not contain an IDictionary object" name="ResolveTestScripts.Passing in Dictionaries instead of Strings.Throws an error if a Parameters key is used, but does not contain an IDictionary object" time="0.0484" asserts="0" success="True" result="Success" executed="True" />
                </results>
              </test-suite>
              <test-case description="Resolves non-wildcarded file paths regardless of whether the file ends with Tests.ps1" name="ResolveTestScripts.Resolves non-wildcarded file paths regardless of whether the file ends with Tests.ps1" time="0.1912" asserts="0" success="True" result="Success" executed="True" />
              <test-case description="Finds only *.Tests.ps1 files when the path contains wildcards" name="ResolveTestScripts.Finds only *.Tests.ps1 files when the path contains wildcards" time="0.0475" asserts="0" success="True" result="Success" executed="True" />
              <test-case description="Finds only *.Tests.ps1 files when the path refers to a directory and does not contain wildcards" name="ResolveTestScripts.Finds only *.Tests.ps1 files when the path refers to a directory and does not contain wildcards" time="0.0437" asserts="0" success="True" result="Success" executed="True" />
              <test-case description="Assigns empty array and hashtable to the Arguments and Parameters properties when none are specified by the caller" name="ResolveTestScripts.Assigns empty array and hashtable to the Arguments and Parameters properties when none are specified by the caller" time="0.0793" asserts="0" success="True" result="Success" executed="True" />
            </results>
          </test-suite>
          <test-suite type="TestFixture" name="Assertion operators" executed="True" result="Success" success="True" time="0.4582" asserts="0" description="Assertion operators">
            <results>
              <test-case description="Allows an operator with an identical name and test to be re-registered" name="Assertion operators.Allows an operator with an identical name and test to be re-registered" time="0.1529" asserts="0" success="True" result="Success" executed="True" />
              <test-case description="Allows an operator with an identical name, test, and alias to be re-registered" name="Assertion operators.Allows an operator with an identical name, test, and alias to be re-registered" time="0.0755" asserts="0" success="True" result="Success" executed="True" />
              <test-case description="Allows an operator to be registered with multiple aliases" name="Assertion operators.Allows an operator to be registered with multiple aliases" time="0.0702" asserts="0" success="True" result="Success" executed="True" />
              <test-case description="Does not allow an operator with a different test to be registered using an existing name" name="Assertion operators.Does not allow an operator with a different test to be registered using an existing name" time="0.0682" asserts="0" success="True" result="Success" executed="True" />
              <test-case description="Does not allow an operator with a different test to be registered using an existing alias" name="Assertion operators.Does not allow an operator with a different test to be registered using an existing alias" time="0.0912" asserts="0" success="True" result="Success" executed="True" />
            </results>
          </test-suite>
          <test-suite type="TestFixture" name="Set-StrictMode for all tests files" executed="True" result="Success" success="True" time="0.192" asserts="0" description="Set-StrictMode for all tests files">
            <results>
              <test-case description="Pester tests files start with explicit declaration of StrictMode set to Latest" name="Set-StrictMode for all tests files.Pester tests files start with explicit declaration of StrictMode set to Latest" time="0.192" asserts="0" success="True" result="Success" executed="True" />
            </results>
          </test-suite>
          <test-suite type="TestFixture" name="Module Pester functions help" executed="True" result="Success" success="True" time="7.1093" asserts="0" description="Module Pester functions help">
            <results>
              <test-suite type="TestFixture" name="The function [Add-AssertionOperator] - Help" executed="True" result="Success" success="True" time="0.7906" asserts="0" description="The function [Add-AssertionOperator] - Help">
                <results>
                  <test-case description="Synopsis for the function is filled up" name="Module Pester functions help.The function [Add-AssertionOperator] - Help.Synopsis for the function is filled up" time="0.5904" asserts="0" success="True" result="Success" executed="True" />
                  <test-case description="Description for the function is filled up" name="Module Pester functions help.The function [Add-AssertionOperator] - Help.Description for the function is filled up" time="0.03" asserts="0" success="True" result="Success" executed="True" />
                  <test-case description="The parameter [Name] contains description" name="Module Pester functions help.The function [Add-AssertionOperator] - Help.The parameter [Name] contains description" time="0.0677" asserts="0" success="True" result="Success" executed="True" />
                  <test-case description="The parameter [Test] contains description" name="Module Pester functions help.The function [Add-AssertionOperator] - Help.The parameter [Test] contains description" time="0.0131" asserts="0" success="True" result="Success" executed="True" />
                  <test-case description="The parameter [Alias] contains description" name="Module Pester functions help.The function [Add-AssertionOperator] - Help.The parameter [Alias] contains description" time="0.0119" asserts="0" success="True" result="Success" executed="True" />
                  <test-case description="The parameter [SupportsArrayInput] contains description" name="Module Pester functions help.The function [Add-AssertionOperator] - Help.The parameter [SupportsArrayInput] contains description" time="0.0108" asserts="0" success="True" result="Success" executed="True" />
                  <test-case description="Example - At least one example exist" name="Module Pester functions help.The function [Add-AssertionOperator] - Help.Example - At least one example exist" time="0.0297" asserts="0" success="True" result="Success" executed="True" />
                  <test-case description="Example - remarks on [ EXAMPLE 1 ] are filled up" name="Module Pester functions help.The function [Add-AssertionOperator] - Help.Example - remarks on [ EXAMPLE 1 ] are filled up" time="0.0369" asserts="0" success="True" result="Success" executed="True" />
                </results>
              </test-suite>
              <test-suite type="TestFixture" name="The function [AfterAll] - Help" executed="True" result="Success" success="True" time="0.1219" asserts="0" description="The function [AfterAll] - Help">
                <results>
                  <test-case description="Synopsis for the function is filled up" name="Module Pester functions help.The function [AfterAll] - Help.Synopsis for the function is filled up" time="0.0983" asserts="0" success="True" result="Success" executed="True" />
                  <test-case description="The parameter [Scriptblock] contains description" name="Module Pester functions help.The function [AfterAll] - Help.The parameter [Scriptblock] contains description" time="0.0236" asserts="0" success="True" result="Success" executed="True" />
                </results>
              </test-suite>
              <test-suite type="TestFixture" name="The function [AfterEach] - Help" executed="True" result="Success" success="True" time="0.094" asserts="0" description="The function [AfterEach] - Help">
                <results>
                  <test-case description="Synopsis for the function is filled up" name="Module Pester functions help.The function [AfterEach] - Help.Synopsis for the function is filled up" time="0.0806" asserts="0" success="True" result="Success" executed="True" />
                  <test-case description="The parameter [Scriptblock] contains description" name="Module Pester functions help.The function [AfterEach] - Help.The parameter [Scriptblock] contains description" time="0.0134" asserts="0" success="True" result="Success" executed="True" />
                </results>
              </test-suite>
              <test-suite type="TestFixture" name="The function [AfterEachFeature] - Help" executed="True" result="Success" success="True" time="0.1794" asserts="0" description="The function [AfterEachFeature] - Help">
                <results>
                  <test-case description="Synopsis for the function is filled up" name="Module Pester functions help.The function [AfterEachFeature] - Help.Synopsis for the function is filled up" time="0.096" asserts="0" success="True" result="Success" executed="True" />
                  <test-case description="Description for the function is filled up" name="Module Pester functions help.The function [AfterEachFeature] - Help.Description for the function is filled up" time="0.0241" asserts="0" success="True" result="Success" executed="True" />
                  <test-case description="The parameter [Tags] contains description" name="Module Pester functions help.The function [AfterEachFeature] - Help.The parameter [Tags] contains description" time="0.0283" asserts="0" success="True" result="Success" executed="True" />
                  <test-case description="The parameter [Script] contains description" name="Module Pester functions help.The function [AfterEachFeature] - Help.The parameter [Script] contains description" time="0.031" asserts="0" success="True" result="Success" executed="True" />
                </results>
              </test-suite>
              <test-suite type="TestFixture" name="The function [AfterEachScenario] - Help" executed="True" result="Success" success="True" time="0.1753" asserts="0" description="The function [AfterEachScenario] - Help">
                <results>
                  <test-case description="Synopsis for the function is filled up" name="Module Pester functions help.The function [AfterEachScenario] - Help.Synopsis for the function is filled up" time="0.1339" asserts="0" success="True" result="Success" executed="True" />
                  <test-case description="Description for the function is filled up" name="Module Pester functions help.The function [AfterEachScenario] - Help.Description for the function is filled up" time="0.0115" asserts="0" success="True" result="Success" executed="True" />
                  <test-case description="The parameter [Tags] contains description" name="Module Pester functions help.The function [AfterEachScenario] - Help.The parameter [Tags] contains description" time="0.0113" asserts="0" success="True" result="Success" executed="True" />
                  <test-case description="The parameter [Script] contains description" name="Module Pester functions help.The function [AfterEachScenario] - Help.The parameter [Script] contains description" time="0.0187" asserts="0" success="True" result="Success" executed="True" />
                </results>
              </test-suite>
              <test-suite type="TestFixture" name="The function [Assert-MockCalled] - Help" executed="True" result="Success" success="True" time="0.3897" asserts="0" description="The function [Assert-MockCalled] - Help">
                <results>
                  <test-case description="Synopsis for the function is filled up" name="Module Pester functions help.The function [Assert-MockCalled] - Help.Synopsis for the function is filled up" time="0.1396" asserts="0" success="True" result="Success" executed="True" />
                  <test-case description="Description for the function is filled up" name="Module Pester functions help.The function [Assert-MockCalled] - Help.Description for the function is filled up" time="0.0162" asserts="0" success="True" result="Success" executed="True" />
                  <test-case description="The parameter [CommandName] contains description" name="Module Pester functions help.The function [Assert-MockCalled] - Help.The parameter [CommandName] contains description" time="0.0177" asserts="0" success="True" result="Success" executed="True" />
                  <test-case description="The parameter [Times] contains description" name="Module Pester functions help.The function [Assert-MockCalled] - Help.The parameter [Times] contains description" time="0.0158" asserts="0" success="True" result="Success" executed="True" />
                  <test-case description="The parameter [ParameterFilter] contains description" name="Module Pester functions help.The function [Assert-MockCalled] - Help.The parameter [ParameterFilter] contains description" time="0.0181" asserts="0" success="True" result="Success" executed="True" />
                  <test-case description="The parameter [ExclusiveFilter] contains description" name="Module Pester functions help.The function [Assert-MockCalled] - Help.The parameter [ExclusiveFilter] contains description" time="0.0188" asserts="0" success="True" result="Success" executed="True" />
                  <test-case description="The parameter [ModuleName] contains description" name="Module Pester functions help.The function [Assert-MockCalled] - Help.The parameter [ModuleName] contains description" time="0.0169" asserts="0" success="True" result="Success" executed="True" />
                  <test-case description="The parameter [Scope] contains description" name="Module Pester functions help.The function [Assert-MockCalled] - Help.The parameter [Scope] contains description" time="0.0167" asserts="0" success="True" result="Success" executed="True" />
                  <test-case description="The parameter [Exactly] contains description" name="Module Pester functions help.The function [Assert-MockCalled] - Help.The parameter [Exactly] contains description" time="0.017" asserts="0" success="True" result="Success" executed="True" />
                  <test-case description="Example - At least one example exist" name="Module Pester functions help.The function [Assert-MockCalled] - Help.Example - At least one example exist" time="0.0166" asserts="0" success="True" result="Success" executed="True" />
                  <test-case description="Example - remarks on [ EXAMPLE 1 ] are filled up" name="Module Pester functions help.The function [Assert-MockCalled] - Help.Example - remarks on [ EXAMPLE 1 ] are filled up" time="0.0154" asserts="0" success="True" result="Success" executed="True" />
                  <test-case description="Example - remarks on [ EXAMPLE 2 ] are filled up" name="Module Pester functions help.The function [Assert-MockCalled] - Help.Example - remarks on [ EXAMPLE 2 ] are filled up" time="0.0151" asserts="0" success="True" result="Success" executed="True" />
                  <test-case description="Example - remarks on [ EXAMPLE 3 ] are filled up" name="Module Pester functions help.The function [Assert-MockCalled] - Help.Example - remarks on [ EXAMPLE 3 ] are filled up" time="0.0156" asserts="0" success="True" result="Success" executed="True" />
                  <test-case description="Example - remarks on [ EXAMPLE 4 ] are filled up" name="Module Pester functions help.The function [Assert-MockCalled] - Help.Example - remarks on [ EXAMPLE 4 ] are filled up" time="0.0124" asserts="0" success="True" result="Success" executed="True" />
                  <test-case description="Example - remarks on [ EXAMPLE 5 ] are filled up" name="Module Pester functions help.The function [Assert-MockCalled] - Help.Example - remarks on [ EXAMPLE 5 ] are filled up" time="0.0122" asserts="0" success="True" result="Success" executed="True" />
                  <test-case description="Example - remarks on [ EXAMPLE 6 ] are filled up" name="Module Pester functions help.The function [Assert-MockCalled] - Help.Example - remarks on [ EXAMPLE 6 ] are filled up" time="0.0127" asserts="0" success="True" result="Success" executed="True" />
                  <test-case description="Example - remarks on [ EXAMPLE 7 ] are filled up" name="Module Pester functions help.The function [Assert-MockCalled] - Help.Example - remarks on [ EXAMPLE 7 ] are filled up" time="0.0128" asserts="0" success="True" result="Success" executed="True" />
                </results>
              </test-suite>
              <test-suite type="TestFixture" name="The function [Assert-VerifiableMock] - Help" executed="True" result="Success" success="True" time="0.2698" asserts="0" description="The function [Assert-VerifiableMock] - Help">
                <results>
                  <test-case description="Synopsis for the function is filled up" name="Module Pester functions help.The function [Assert-VerifiableMock] - Help.Synopsis for the function is filled up" time="0.1824" asserts="0" success="True" result="Success" executed="True" />
                  <test-case description="Description for the function is filled up" name="Module Pester functions help.The function [Assert-VerifiableMock] - Help.Description for the function is filled up" time="0.02" asserts="0" success="True" result="Success" executed="True" />
                  <test-case description="Example - At least one example exist" name="Module Pester functions help.The function [Assert-VerifiableMock] - Help.Example - At least one example exist" time="0.0289" asserts="0" success="True" result="Success" executed="True" />
                  <test-case description="Example - remarks on [ EXAMPLE 1 ] are filled up" name="Module Pester functions help.The function [Assert-VerifiableMock] - Help.Example - remarks on [ EXAMPLE 1 ] are filled up" time="0.0206" asserts="0" success="True" result="Success" executed="True" />
                  <test-case description="Example - remarks on [ EXAMPLE 2 ] are filled up" name="Module Pester functions help.The function [Assert-VerifiableMock] - Help.Example - remarks on [ EXAMPLE 2 ] are filled up" time="0.0179" asserts="0" success="True" result="Success" executed="True" />
                </results>
              </test-suite>
              <test-suite type="TestFixture" name="The function [Assert-VerifiableMocks] - Help" executed="True" result="Success" success="True" time="0.1323" asserts="0" description="The function [Assert-VerifiableMocks] - Help">
                <results>
                  <test-case description="Synopsis for the function is filled up" name="Module Pester functions help.The function [Assert-VerifiableMocks] - Help.Synopsis for the function is filled up" time="0.1185" asserts="0" success="True" result="Success" executed="True" />
                  <test-case description="Description for the function is filled up" name="Module Pester functions help.The function [Assert-VerifiableMocks] - Help.Description for the function is filled up" time="0.0137" asserts="0" success="True" result="Success" executed="True" />
                </results>
              </test-suite>
              <test-suite type="TestFixture" name="The function [BeforeAll] - Help" executed="True" result="Success" success="True" time="0.0735" asserts="0" description="The function [BeforeAll] - Help">
                <results>
                  <test-case description="Synopsis for the function is filled up" name="Module Pester functions help.The function [BeforeAll] - Help.Synopsis for the function is filled up" time="0.0623" asserts="0" success="True" result="Success" executed="True" />
                  <test-case description="The parameter [Scriptblock] contains description" name="Module Pester functions help.The function [BeforeAll] - Help.The parameter [Scriptblock] contains description" time="0.0112" asserts="0" success="True" result="Success" executed="True" />
                </results>
              </test-suite>
              <test-suite type="TestFixture" name="The function [BeforeEach] - Help" executed="True" result="Success" success="True" time="0.08" asserts="0" description="The function [BeforeEach] - Help">
                <results>
                  <test-case description="Synopsis for the function is filled up" name="Module Pester functions help.The function [BeforeEach] - Help.Synopsis for the function is filled up" time="0.0657" asserts="0" success="True" result="Success" executed="True" />
                  <test-case description="The parameter [Scriptblock] contains description" name="Module Pester functions help.The function [BeforeEach] - Help.The parameter [Scriptblock] contains description" time="0.0143" asserts="0" success="True" result="Success" executed="True" />
                </results>
              </test-suite>
              <test-suite type="TestFixture" name="The function [BeforeEachFeature] - Help" executed="True" result="Success" success="True" time="0.1324" asserts="0" description="The function [BeforeEachFeature] - Help">
                <results>
                  <test-case description="Synopsis for the function is filled up" name="Module Pester functions help.The function [BeforeEachFeature] - Help.Synopsis for the function is filled up" time="0.0652" asserts="0" success="True" result="Success" executed="True" />
                  <test-case description="Description for the function is filled up" name="Module Pester functions help.The function [BeforeEachFeature] - Help.Description for the function is filled up" time="0.0145" asserts="0" success="True" result="Success" executed="True" />
                  <test-case description="The parameter [Tags] contains description" name="Module Pester functions help.The function [BeforeEachFeature] - Help.The parameter [Tags] contains description" time="0.015" asserts="0" success="True" result="Success" executed="True" />
                  <test-case description="The parameter [Script] contains description" name="Module Pester functions help.The function [BeforeEachFeature] - Help.The parameter [Script] contains description" time="0.0378" asserts="0" success="True" result="Success" executed="True" />
                </results>
              </test-suite>
              <test-suite type="TestFixture" name="The function [BeforeEachScenario] - Help" executed="True" result="Success" success="True" time="0.1288" asserts="0" description="The function [BeforeEachScenario] - Help">
                <results>
                  <test-case description="Synopsis for the function is filled up" name="Module Pester functions help.The function [BeforeEachScenario] - Help.Synopsis for the function is filled up" time="0.0737" asserts="0" success="True" result="Success" executed="True" />
                  <test-case description="Description for the function is filled up" name="Module Pester functions help.The function [BeforeEachScenario] - Help.Description for the function is filled up" time="0.0144" asserts="0" success="True" result="Success" executed="True" />
                  <test-case description="The parameter [Tags] contains description" name="Module Pester functions help.The function [BeforeEachScenario] - Help.The parameter [Tags] contains description" time="0.0226" asserts="0" success="True" result="Success" executed="True" />
                  <test-case description="The parameter [Script] contains description" name="Module Pester functions help.The function [BeforeEachScenario] - Help.The parameter [Script] contains description" time="0.0181" asserts="0" success="True" result="Success" executed="True" />
                </results>
              </test-suite>
              <test-suite type="TestFixture" name="The function [Context] - Help" executed="True" result="Success" success="True" time="0.1723" asserts="0" description="The function [Context] - Help">
                <results>
                  <test-case description="Synopsis for the function is filled up" name="Module Pester functions help.The function [Context] - Help.Synopsis for the function is filled up" time="0.0738" asserts="0" success="True" result="Success" executed="True" />
                  <test-case description="Description for the function is filled up" name="Module Pester functions help.The function [Context] - Help.Description for the function is filled up" time="0.0156" asserts="0" success="True" result="Success" executed="True" />
                  <test-case description="The parameter [Name] contains description" name="Module Pester functions help.The function [Context] - Help.The parameter [Name] contains description" time="0.017" asserts="0" success="True" result="Success" executed="True" />
                  <test-case description="The parameter [Tag] contains description" name="Module Pester functions help.The function [Context] - Help.The parameter [Tag] contains description" time="0.0142" asserts="0" success="True" result="Success" executed="True" />
                  <test-case description="The parameter [Fixture] contains description" name="Module Pester functions help.The function [Context] - Help.The parameter [Fixture] contains description" time="0.0164" asserts="0" success="True" result="Success" executed="True" />
                  <test-case description="Example - At least one example exist" name="Module Pester functions help.The function [Context] - Help.Example - At least one example exist" time="0.017" asserts="0" success="True" result="Success" executed="True" />
                  <test-case description="Example - remarks on [ EXAMPLE 1 ] are filled up" name="Module Pester functions help.The function [Context] - Help.Example - remarks on [ EXAMPLE 1 ] are filled up" time="0.0183" asserts="0" success="True" result="Success" executed="True" />
                </results>
              </test-suite>
              <test-suite type="TestFixture" name="The function [Describe] - Help" executed="True" result="Success" success="True" time="0.1683" asserts="0" description="The function [Describe] - Help">
                <results>
                  <test-case description="Synopsis for the function is filled up" name="Module Pester functions help.The function [Describe] - Help.Synopsis for the function is filled up" time="0.077" asserts="0" success="True" result="Success" executed="True" />
                  <test-case description="Description for the function is filled up" name="Module Pester functions help.The function [Describe] - Help.Description for the function is filled up" time="0.017" asserts="0" success="True" result="Success" executed="True" />
                  <test-case description="The parameter [Name] contains description" name="Module Pester functions help.The function [Describe] - Help.The parameter [Name] contains description" time="0.0152" asserts="0" success="True" result="Success" executed="True" />
                  <test-case description="The parameter [Tag] contains description" name="Module Pester functions help.The function [Describe] - Help.The parameter [Tag] contains description" time="0.0166" asserts="0" success="True" result="Success" executed="True" />
                  <test-case description="The parameter [Fixture] contains description" name="Module Pester functions help.The function [Describe] - Help.The parameter [Fixture] contains description" time="0.0137" asserts="0" success="True" result="Success" executed="True" />
                  <test-case description="Example - At least one example exist" name="Module Pester functions help.The function [Describe] - Help.Example - At least one example exist" time="0.0128" asserts="0" success="True" result="Success" executed="True" />
                  <test-case description="Example - remarks on [ EXAMPLE 1 ] are filled up" name="Module Pester functions help.The function [Describe] - Help.Example - remarks on [ EXAMPLE 1 ] are filled up" time="0.016" asserts="0" success="True" result="Success" executed="True" />
                </results>
              </test-suite>
              <test-suite type="TestFixture" name="The function [Find-GherkinStep] - Help" executed="True" result="Success" success="True" time="0.1875" asserts="0" description="The function [Find-GherkinStep] - Help">
                <results>
                  <test-case description="Synopsis for the function is filled up" name="Module Pester functions help.The function [Find-GherkinStep] - Help.Synopsis for the function is filled up" time="0.1122" asserts="0" success="True" result="Success" executed="True" />
                  <test-case description="Description for the function is filled up" name="Module Pester functions help.The function [Find-GherkinStep] - Help.Description for the function is filled up" time="0.0147" asserts="0" success="True" result="Success" executed="True" />
                  <test-case description="The parameter [Step] contains description" name="Module Pester functions help.The function [Find-GherkinStep] - Help.The parameter [Step] contains description" time="0.0155" asserts="0" success="True" result="Success" executed="True" />
                  <test-case description="The parameter [BasePath] contains description" name="Module Pester functions help.The function [Find-GherkinStep] - Help.The parameter [BasePath] contains description" time="0.0146" asserts="0" success="True" result="Success" executed="True" />
                  <test-case description="Example - At least one example exist" name="Module Pester functions help.The function [Find-GherkinStep] - Help.Example - At least one example exist" time="0.015" asserts="0" success="True" result="Success" executed="True" />
                  <test-case description="Example - remarks on [ EXAMPLE 1 ] are filled up" name="Module Pester functions help.The function [Find-GherkinStep] - Help.Example - remarks on [ EXAMPLE 1 ] are filled up" time="0.0155" asserts="0" success="True" result="Success" executed="True" />
                </results>
              </test-suite>
              <test-suite type="TestFixture" name="The function [Get-MockDynamicParameter] - Help" executed="True" result="Success" success="True" time="0.1525" asserts="0" description="The function [Get-MockDynamicParameter] - Help">
                <results>
                  <test-case description="Synopsis for the function is filled up" name="Module Pester functions help.The function [Get-MockDynamicParameter] - Help.Synopsis for the function is filled up" time="0.1525" asserts="0" success="True" result="Success" executed="True" />
                </results>
              </test-suite>
              <test-suite type="TestFixture" name="The function [Get-TestDriveItem] - Help" executed="True" result="Success" success="True" time="0.2033" asserts="0" description="The function [Get-TestDriveItem] - Help">
                <results>
                  <test-case description="Synopsis for the function is filled up" name="Module Pester functions help.The function [Get-TestDriveItem] - Help.Synopsis for the function is filled up" time="0.136" asserts="0" success="True" result="Success" executed="True" />
                  <test-case description="Description for the function is filled up" name="Module Pester functions help.The function [Get-TestDriveItem] - Help.Description for the function is filled up" time="0.0168" asserts="0" success="True" result="Success" executed="True" />
                  <test-case description="The parameter [Path] contains description" name="Module Pester functions help.The function [Get-TestDriveItem] - Help.The parameter [Path] contains description" time="0.0176" asserts="0" success="True" result="Success" executed="True" />
                  <test-case description="Example - At least one example exist" name="Module Pester functions help.The function [Get-TestDriveItem] - Help.Example - At least one example exist" time="0.0169" asserts="0" success="True" result="Success" executed="True" />
                  <test-case description="Example - remarks on [ EXAMPLE 1 ] are filled up" name="Module Pester functions help.The function [Get-TestDriveItem] - Help.Example - remarks on [ EXAMPLE 1 ] are filled up" time="0.016" asserts="0" success="True" result="Success" executed="True" />
                </results>
              </test-suite>
              <test-suite type="TestFixture" name="The function [GherkinStep] - Help" executed="True" result="Success" success="True" time="0.1977" asserts="0" description="The function [GherkinStep] - Help">
                <results>
                  <test-case description="Synopsis for the function is filled up" name="Module Pester functions help.The function [GherkinStep] - Help.Synopsis for the function is filled up" time="0.0815" asserts="0" success="True" result="Success" executed="True" />
                  <test-case description="Description for the function is filled up" name="Module Pester functions help.The function [GherkinStep] - Help.Description for the function is filled up" time="0.0203" asserts="0" success="True" result="Success" executed="True" />
                  <test-case description="The parameter [Name] contains description" name="Module Pester functions help.The function [GherkinStep] - Help.The parameter [Name] contains description" time="0.0231" asserts="0" success="True" result="Success" executed="True" />
                  <test-case description="The parameter [Test] contains description" name="Module Pester functions help.The function [GherkinStep] - Help.The parameter [Test] contains description" time="0.0214" asserts="0" success="True" result="Success" executed="True" />
                  <test-case description="Example - At least one example exist" name="Module Pester functions help.The function [GherkinStep] - Help.Example - At least one example exist" time="0.0176" asserts="0" success="True" result="Success" executed="True" />
                  <test-case description="Example - remarks on [ EXAMPLE 1 ] are filled up" name="Module Pester functions help.The function [GherkinStep] - Help.Example - remarks on [ EXAMPLE 1 ] are filled up" time="0.0167" asserts="0" success="True" result="Success" executed="True" />
                  <test-case description="Example - remarks on [ EXAMPLE 2 ] are filled up" name="Module Pester functions help.The function [GherkinStep] - Help.Example - remarks on [ EXAMPLE 2 ] are filled up" time="0.0171" asserts="0" success="True" result="Success" executed="True" />
                </results>
              </test-suite>
              <test-suite type="TestFixture" name="The function [In] - Help" executed="True" result="Success" success="True" time="0.1369" asserts="0" description="The function [In] - Help">
                <results>
                  <test-case description="Synopsis for the function is filled up" name="Module Pester functions help.The function [In] - Help.Synopsis for the function is filled up" time="0.0827" asserts="0" success="True" result="Success" executed="True" />
                  <test-case description="Description for the function is filled up" name="Module Pester functions help.The function [In] - Help.Description for the function is filled up" time="0.018" asserts="0" success="True" result="Success" executed="True" />
                  <test-case description="The parameter [path] contains description" name="Module Pester functions help.The function [In] - Help.The parameter [path] contains description" time="0.0181" asserts="0" success="True" result="Success" executed="True" />
                  <test-case description="The parameter [execute] contains description" name="Module Pester functions help.The function [In] - Help.The parameter [execute] contains description" time="0.0181" asserts="0" success="True" result="Success" executed="True" />
                </results>
              </test-suite>
              <test-suite type="TestFixture" name="The function [InModuleScope] - Help" executed="True" result="Success" success="True" time="0.1708" asserts="0" description="The function [InModuleScope] - Help">
                <results>
                  <test-case description="Synopsis for the function is filled up" name="Module Pester functions help.The function [InModuleScope] - Help.Synopsis for the function is filled up" time="0.0834" asserts="0" success="True" result="Success" executed="True" />
                  <test-case description="Description for the function is filled up" name="Module Pester functions help.The function [InModuleScope] - Help.Description for the function is filled up" time="0.0197" asserts="0" success="True" result="Success" executed="True" />
                  <test-case description="The parameter [ModuleName] contains description" name="Module Pester functions help.The function [InModuleScope] - Help.The parameter [ModuleName] contains description" time="0.0172" asserts="0" success="True" result="Success" executed="True" />
                  <test-case description="The parameter [ScriptBlock] contains description" name="Module Pester functions help.The function [InModuleScope] - Help.The parameter [ScriptBlock] contains description" time="0.0169" asserts="0" success="True" result="Success" executed="True" />
                  <test-case description="Example - At least one example exist" name="Module Pester functions help.The function [InModuleScope] - Help.Example - At least one example exist" time="0.0169" asserts="0" success="True" result="Success" executed="True" />
                  <test-case description="Example - remarks on [ EXAMPLE 1 ] are filled up" name="Module Pester functions help.The function [InModuleScope] - Help.Example - remarks on [ EXAMPLE 1 ] are filled up" time="0.0166" asserts="0" success="True" result="Success" executed="True" />
                </results>
              </test-suite>
              <test-suite type="TestFixture" name="The function [Invoke-Gherkin] - Help" executed="True" result="Success" success="True" time="0.634" asserts="0" description="The function [Invoke-Gherkin] - Help">
                <results>
                  <test-case description="Synopsis for the function is filled up" name="Module Pester functions help.The function [Invoke-Gherkin] - Help.Synopsis for the function is filled up" time="0.1651" asserts="0" success="True" result="Success" executed="True" />
                  <test-case description="Description for the function is filled up" name="Module Pester functions help.The function [Invoke-Gherkin] - Help.Description for the function is filled up" time="0.0194" asserts="0" success="True" result="Success" executed="True" />
                  <test-case description="The parameter [FailedLast] contains description" name="Module Pester functions help.The function [Invoke-Gherkin] - Help.The parameter [FailedLast] contains description" time="0.0275" asserts="0" success="True" result="Success" executed="True" />
                  <test-case description="The parameter [Path] contains description" name="Module Pester functions help.The function [Invoke-Gherkin] - Help.The parameter [Path] contains description" time="0.0193" asserts="0" success="True" result="Success" executed="True" />
                  <test-case description="The parameter [ScenarioName] contains description" name="Module Pester functions help.The function [Invoke-Gherkin] - Help.The parameter [ScenarioName] contains description" time="0.0484" asserts="0" success="True" result="Success" executed="True" />
                  <test-case description="The parameter [EnableExit] contains description" name="Module Pester functions help.The function [Invoke-Gherkin] - Help.The parameter [EnableExit] contains description" time="0.0177" asserts="0" success="True" result="Success" executed="True" />
                  <test-case description="The parameter [Tag] contains description" name="Module Pester functions help.The function [Invoke-Gherkin] - Help.The parameter [Tag] contains description" time="0.0187" asserts="0" success="True" result="Success" executed="True" />
                  <test-case description="The parameter [ExcludeTag] contains description" name="Module Pester functions help.The function [Invoke-Gherkin] - Help.The parameter [ExcludeTag] contains description" time="0.0179" asserts="0" success="True" result="Success" executed="True" />
                  <test-case description="The parameter [CodeCoverage] contains description" name="Module Pester functions help.The function [Invoke-Gherkin] - Help.The parameter [CodeCoverage] contains description" time="0.0182" asserts="0" success="True" result="Success" executed="True" />
                  <test-case description="The parameter [Strict] contains description" name="Module Pester functions help.The function [Invoke-Gherkin] - Help.The parameter [Strict] contains description" time="0.0185" asserts="0" success="True" result="Success" executed="True" />
                  <test-case description="The parameter [OutputFile] contains description" name="Module Pester functions help.The function [Invoke-Gherkin] - Help.The parameter [OutputFile] contains description" time="0.02" asserts="0" success="True" result="Success" executed="True" />
                  <test-case description="The parameter [OutputFormat] contains description" name="Module Pester functions help.The function [Invoke-Gherkin] - Help.The parameter [OutputFormat] contains description" time="0.018" asserts="0" success="True" result="Success" executed="True" />
                  <test-case description="The parameter [Quiet] contains description" name="Module Pester functions help.The function [Invoke-Gherkin] - Help.The parameter [Quiet] contains description" time="0.0186" asserts="0" success="True" result="Success" executed="True" />
                  <test-case description="The parameter [PesterOption] contains description" name="Module Pester functions help.The function [Invoke-Gherkin] - Help.The parameter [PesterOption] contains description" time="0.0182" asserts="0" success="True" result="Success" executed="True" />
                  <test-case description="The parameter [Show] contains description" name="Module Pester functions help.The function [Invoke-Gherkin] - Help.The parameter [Show] contains description" time="0.0184" asserts="0" success="True" result="Success" executed="True" />
                  <test-case description="The parameter [PassThru] contains description" name="Module Pester functions help.The function [Invoke-Gherkin] - Help.The parameter [PassThru] contains description" time="0.0189" asserts="0" success="True" result="Success" executed="True" />
                  <test-case description="Example - At least one example exist" name="Module Pester functions help.The function [Invoke-Gherkin] - Help.Example - At least one example exist" time="0.0179" asserts="0" success="True" result="Success" executed="True" />
                  <test-case description="Example - remarks on [ EXAMPLE 1 ] are filled up" name="Module Pester functions help.The function [Invoke-Gherkin] - Help.Example - remarks on [ EXAMPLE 1 ] are filled up" time="0.0191" asserts="0" success="True" result="Success" executed="True" />
                  <test-case description="Example - remarks on [ EXAMPLE 2 ] are filled up" name="Module Pester functions help.The function [Invoke-Gherkin] - Help.Example - remarks on [ EXAMPLE 2 ] are filled up" time="0.0203" asserts="0" success="True" result="Success" executed="True" />
                  <test-case description="Example - remarks on [ EXAMPLE 3 ] are filled up" name="Module Pester functions help.The function [Invoke-Gherkin] - Help.Example - remarks on [ EXAMPLE 3 ] are filled up" time="0.0182" asserts="0" success="True" result="Success" executed="True" />
                  <test-case description="Example - remarks on [ EXAMPLE 4 ] are filled up" name="Module Pester functions help.The function [Invoke-Gherkin] - Help.Example - remarks on [ EXAMPLE 4 ] are filled up" time="0.0195" asserts="0" success="True" result="Success" executed="True" />
                  <test-case description="Example - remarks on [ EXAMPLE 5 ] are filled up" name="Module Pester functions help.The function [Invoke-Gherkin] - Help.Example - remarks on [ EXAMPLE 5 ] are filled up" time="0.021" asserts="0" success="True" result="Success" executed="True" />
                  <test-case description="Example - remarks on [ EXAMPLE 6 ] are filled up" name="Module Pester functions help.The function [Invoke-Gherkin] - Help.Example - remarks on [ EXAMPLE 6 ] are filled up" time="0.0183" asserts="0" success="True" result="Success" executed="True" />
                  <test-case description="Example - remarks on [ EXAMPLE 7 ] are filled up" name="Module Pester functions help.The function [Invoke-Gherkin] - Help.Example - remarks on [ EXAMPLE 7 ] are filled up" time="0.0168" asserts="0" success="True" result="Success" executed="True" />
                </results>
              </test-suite>
              <test-suite type="TestFixture" name="The function [Invoke-Mock] - Help" executed="True" result="Success" success="True" time="0.1435" asserts="0" description="The function [Invoke-Mock] - Help">
                <results>
                  <test-case description="Synopsis for the function is filled up" name="Module Pester functions help.The function [Invoke-Mock] - Help.Synopsis for the function is filled up" time="0.1435" asserts="0" success="True" result="Success" executed="True" />
                </results>
              </test-suite>
              <test-suite type="TestFixture" name="The function [Invoke-Pester] - Help" executed="True" result="Success" success="True" time="0.5703" asserts="0" description="The function [Invoke-Pester] - Help">
                <results>
                  <test-case description="Synopsis for the function is filled up" name="Module Pester functions help.The function [Invoke-Pester] - Help.Synopsis for the function is filled up" time="0.1601" asserts="0" success="True" result="Success" executed="True" />
                  <test-case description="Description for the function is filled up" name="Module Pester functions help.The function [Invoke-Pester] - Help.Description for the function is filled up" time="0.019" asserts="0" success="True" result="Success" executed="True" />
                  <test-case description="The parameter [Script] contains description" name="Module Pester functions help.The function [Invoke-Pester] - Help.The parameter [Script] contains description" time="0.0197" asserts="0" success="True" result="Success" executed="True" />
                  <test-case description="The parameter [TestName] contains description" name="Module Pester functions help.The function [Invoke-Pester] - Help.The parameter [TestName] contains description" time="0.0175" asserts="0" success="True" result="Success" executed="True" />
                  <test-case description="The parameter [EnableExit] contains description" name="Module Pester functions help.The function [Invoke-Pester] - Help.The parameter [EnableExit] contains description" time="0.0182" asserts="0" success="True" result="Success" executed="True" />
                  <test-case description="The parameter [Tag] contains description" name="Module Pester functions help.The function [Invoke-Pester] - Help.The parameter [Tag] contains description" time="0.0141" asserts="0" success="True" result="Success" executed="True" />
                  <test-case description="The parameter [ExcludeTag] contains description" name="Module Pester functions help.The function [Invoke-Pester] - Help.The parameter [ExcludeTag] contains description" time="0.0124" asserts="0" success="True" result="Success" executed="True" />
                  <test-case description="The parameter [PassThru] contains description" name="Module Pester functions help.The function [Invoke-Pester] - Help.The parameter [PassThru] contains description" time="0.0114" asserts="0" success="True" result="Success" executed="True" />
                  <test-case description="The parameter [CodeCoverage] contains description" name="Module Pester functions help.The function [Invoke-Pester] - Help.The parameter [CodeCoverage] contains description" time="0.0123" asserts="0" success="True" result="Success" executed="True" />
                  <test-case description="The parameter [CodeCoverageOutputFile] contains description" name="Module Pester functions help.The function [Invoke-Pester] - Help.The parameter [CodeCoverageOutputFile] contains description" time="0.0123" asserts="0" success="True" result="Success" executed="True" />
                  <test-case description="The parameter [CodeCoverageOutputFileFormat] contains description" name="Module Pester functions help.The function [Invoke-Pester] - Help.The parameter [CodeCoverageOutputFileFormat] contains description" time="0.0113" asserts="0" success="True" result="Success" executed="True" />
                  <test-case description="The parameter [Strict] contains description" name="Module Pester functions help.The function [Invoke-Pester] - Help.The parameter [Strict] contains description" time="0.0146" asserts="0" success="True" result="Success" executed="True" />
                  <test-case description="The parameter [OutputFile] contains description" name="Module Pester functions help.The function [Invoke-Pester] - Help.The parameter [OutputFile] contains description" time="0.0129" asserts="0" success="True" result="Success" executed="True" />
                  <test-case description="The parameter [OutputFormat] contains description" name="Module Pester functions help.The function [Invoke-Pester] - Help.The parameter [OutputFormat] contains description" time="0.0126" asserts="0" success="True" result="Success" executed="True" />
                  <test-case description="The parameter [Quiet] contains description" name="Module Pester functions help.The function [Invoke-Pester] - Help.The parameter [Quiet] contains description" time="0.013" asserts="0" success="True" result="Success" executed="True" />
                  <test-case description="The parameter [PesterOption] contains description" name="Module Pester functions help.The function [Invoke-Pester] - Help.The parameter [PesterOption] contains description" time="0.0123" asserts="0" success="True" result="Success" executed="True" />
                  <test-case description="The parameter [Show] contains description" name="Module Pester functions help.The function [Invoke-Pester] - Help.The parameter [Show] contains description" time="0.0135" asserts="0" success="True" result="Success" executed="True" />
                  <test-case description="Example - At least one example exist" name="Module Pester functions help.The function [Invoke-Pester] - Help.Example - At least one example exist" time="0.0129" asserts="0" success="True" result="Success" executed="True" />
                  <test-case description="Example - remarks on [ EXAMPLE 1 ] are filled up" name="Module Pester functions help.The function [Invoke-Pester] - Help.Example - remarks on [ EXAMPLE 1 ] are filled up" time="0.0127" asserts="0" success="True" result="Success" executed="True" />
                  <test-case description="Example - remarks on [ EXAMPLE 2 ] are filled up" name="Module Pester functions help.The function [Invoke-Pester] - Help.Example - remarks on [ EXAMPLE 2 ] are filled up" time="0.0117" asserts="0" success="True" result="Success" executed="True" />
                  <test-case description="Example - remarks on [ EXAMPLE 3 ] are filled up" name="Module Pester functions help.The function [Invoke-Pester] - Help.Example - remarks on [ EXAMPLE 3 ] are filled up" time="0.0148" asserts="0" success="True" result="Success" executed="True" />
                  <test-case description="Example - remarks on [ EXAMPLE 4 ] are filled up" name="Module Pester functions help.The function [Invoke-Pester] - Help.Example - remarks on [ EXAMPLE 4 ] are filled up" time="0.0138" asserts="0" success="True" result="Success" executed="True" />
                  <test-case description="Example - remarks on [ EXAMPLE 5 ] are filled up" name="Module Pester functions help.The function [Invoke-Pester] - Help.Example - remarks on [ EXAMPLE 5 ] are filled up" time="0.013" asserts="0" success="True" result="Success" executed="True" />
                  <test-case description="Example - remarks on [ EXAMPLE 6 ] are filled up" name="Module Pester functions help.The function [Invoke-Pester] - Help.Example - remarks on [ EXAMPLE 6 ] are filled up" time="0.0137" asserts="0" success="True" result="Success" executed="True" />
                  <test-case description="Example - remarks on [ EXAMPLE 7 ] are filled up" name="Module Pester functions help.The function [Invoke-Pester] - Help.Example - remarks on [ EXAMPLE 7 ] are filled up" time="0.0141" asserts="0" success="True" result="Success" executed="True" />
                  <test-case description="Example - remarks on [ EXAMPLE 8 ] are filled up" name="Module Pester functions help.The function [Invoke-Pester] - Help.Example - remarks on [ EXAMPLE 8 ] are filled up" time="0.0156" asserts="0" success="True" result="Success" executed="True" />
                  <test-case description="Example - remarks on [ EXAMPLE 9 ] are filled up" name="Module Pester functions help.The function [Invoke-Pester] - Help.Example - remarks on [ EXAMPLE 9 ] are filled up" time="0.037" asserts="0" success="True" result="Success" executed="True" />
                  <test-case description="Example - remarks on [ EXAMPLE 10 ] are filled up" name="Module Pester functions help.The function [Invoke-Pester] - Help.Example - remarks on [ EXAMPLE 10 ] are filled up" time="0.0119" asserts="0" success="True" result="Success" executed="True" />
                  <test-case description="Example - remarks on [ EXAMPLE 11 ] are filled up" name="Module Pester functions help.The function [Invoke-Pester] - Help.Example - remarks on [ EXAMPLE 11 ] are filled up" time="0.0121" asserts="0" success="True" result="Success" executed="True" />
                </results>
              </test-suite>
              <test-suite type="TestFixture" name="The function [It] - Help" executed="True" result="Success" success="True" time="0.2191" asserts="0" description="The function [It] - Help">
                <results>
                  <test-case description="Synopsis for the function is filled up" name="Module Pester functions help.The function [It] - Help.Synopsis for the function is filled up" time="0.0624" asserts="0" success="True" result="Success" executed="True" />
                  <test-case description="Description for the function is filled up" name="Module Pester functions help.The function [It] - Help.Description for the function is filled up" time="0.0122" asserts="0" success="True" result="Success" executed="True" />
                  <test-case description="The parameter [Name] contains description" name="Module Pester functions help.The function [It] - Help.The parameter [Name] contains description" time="0.0187" asserts="0" success="True" result="Success" executed="True" />
                  <test-case description="The parameter [Test] contains description" name="Module Pester functions help.The function [It] - Help.The parameter [Test] contains description" time="0.0186" asserts="0" success="True" result="Success" executed="True" />
                  <test-case description="The parameter [TestCases] contains description" name="Module Pester functions help.The function [It] - Help.The parameter [TestCases] contains description" time="0.0184" asserts="0" success="True" result="Success" executed="True" />
                  <test-case description="The parameter [Pending] contains description" name="Module Pester functions help.The function [It] - Help.The parameter [Pending] contains description" time="0.0176" asserts="0" success="True" result="Success" executed="True" />
                  <test-case description="The parameter [Skip] contains description" name="Module Pester functions help.The function [It] - Help.The parameter [Skip] contains description" time="0.0177" asserts="0" success="True" result="Success" executed="True" />
                  <test-case description="Example - At least one example exist" name="Module Pester functions help.The function [It] - Help.Example - At least one example exist" time="0.0178" asserts="0" success="True" result="Success" executed="True" />
                  <test-case description="Example - remarks on [ EXAMPLE 1 ] are filled up" name="Module Pester functions help.The function [It] - Help.Example - remarks on [ EXAMPLE 1 ] are filled up" time="0.0183" asserts="0" success="True" result="Success" executed="True" />
                  <test-case description="Example - remarks on [ EXAMPLE 2 ] are filled up" name="Module Pester functions help.The function [It] - Help.Example - remarks on [ EXAMPLE 2 ] are filled up" time="0.0176" asserts="0" success="True" result="Success" executed="True" />
                </results>
              </test-suite>
              <test-suite type="TestFixture" name="The function [Mock] - Help" executed="True" result="Success" success="True" time="0.3605" asserts="0" description="The function [Mock] - Help">
                <results>
                  <test-case description="Synopsis for the function is filled up" name="Module Pester functions help.The function [Mock] - Help.Synopsis for the function is filled up" time="0.0908" asserts="0" success="True" result="Success" executed="True" />
                  <test-case description="Description for the function is filled up" name="Module Pester functions help.The function [Mock] - Help.Description for the function is filled up" time="0.0189" asserts="0" success="True" result="Success" executed="True" />
                  <test-case description="The parameter [CommandName] contains description" name="Module Pester functions help.The function [Mock] - Help.The parameter [CommandName] contains description" time="0.0197" asserts="0" success="True" result="Success" executed="True" />
                  <test-case description="The parameter [MockWith] contains description" name="Module Pester functions help.The function [Mock] - Help.The parameter [MockWith] contains description" time="0.0188" asserts="0" success="True" result="Success" executed="True" />
                  <test-case description="The parameter [Verifiable] contains description" name="Module Pester functions help.The function [Mock] - Help.The parameter [Verifiable] contains description" time="0.0188" asserts="0" success="True" result="Success" executed="True" />
                  <test-case description="The parameter [ParameterFilter] contains description" name="Module Pester functions help.The function [Mock] - Help.The parameter [ParameterFilter] contains description" time="0.0165" asserts="0" success="True" result="Success" executed="True" />
                  <test-case description="The parameter [ModuleName] contains description" name="Module Pester functions help.The function [Mock] - Help.The parameter [ModuleName] contains description" time="0.0167" asserts="0" success="True" result="Success" executed="True" />
                  <test-case description="Example - At least one example exist" name="Module Pester functions help.The function [Mock] - Help.Example - At least one example exist" time="0.0153" asserts="0" success="True" result="Success" executed="True" />
                  <test-case description="Example - remarks on [ EXAMPLE 1 ] are filled up" name="Module Pester functions help.The function [Mock] - Help.Example - remarks on [ EXAMPLE 1 ] are filled up" time="0.0159" asserts="0" success="True" result="Success" executed="True" />
                  <test-case description="Example - remarks on [ EXAMPLE 2 ] are filled up" name="Module Pester functions help.The function [Mock] - Help.Example - remarks on [ EXAMPLE 2 ] are filled up" time="0.0153" asserts="0" success="True" result="Success" executed="True" />
                  <test-case description="Example - remarks on [ EXAMPLE 3 ] are filled up" name="Module Pester functions help.The function [Mock] - Help.Example - remarks on [ EXAMPLE 3 ] are filled up" time="0.0166" asserts="0" success="True" result="Success" executed="True" />
                  <test-case description="Example - remarks on [ EXAMPLE 4 ] are filled up" name="Module Pester functions help.The function [Mock] - Help.Example - remarks on [ EXAMPLE 4 ] are filled up" time="0.0178" asserts="0" success="True" result="Success" executed="True" />
                  <test-case description="Example - remarks on [ EXAMPLE 5 ] are filled up" name="Module Pester functions help.The function [Mock] - Help.Example - remarks on [ EXAMPLE 5 ] are filled up" time="0.018" asserts="0" success="True" result="Success" executed="True" />
                  <test-case description="Example - remarks on [ EXAMPLE 6 ] are filled up" name="Module Pester functions help.The function [Mock] - Help.Example - remarks on [ EXAMPLE 6 ] are filled up" time="0.0157" asserts="0" success="True" result="Success" executed="True" />
                  <test-case description="Example - remarks on [ EXAMPLE 7 ] are filled up" name="Module Pester functions help.The function [Mock] - Help.Example - remarks on [ EXAMPLE 7 ] are filled up" time="0.0127" asserts="0" success="True" result="Success" executed="True" />
                  <test-case description="Example - remarks on [ EXAMPLE 8 ] are filled up" name="Module Pester functions help.The function [Mock] - Help.Example - remarks on [ EXAMPLE 8 ] are filled up" time="0.0126" asserts="0" success="True" result="Success" executed="True" />
                  <test-case description="Example - remarks on [ EXAMPLE 9 ] are filled up" name="Module Pester functions help.The function [Mock] - Help.Example - remarks on [ EXAMPLE 9 ] are filled up" time="0.0206" asserts="0" success="True" result="Success" executed="True" />
                </results>
              </test-suite>
              <test-suite type="TestFixture" name="The function [New-Fixture] - Help" executed="True" result="Success" success="True" time="0.2626" asserts="0" description="The function [New-Fixture] - Help">
                <results>
                  <test-case description="Synopsis for the function is filled up" name="Module Pester functions help.The function [New-Fixture] - Help.Synopsis for the function is filled up" time="0.1291" asserts="0" success="True" result="Success" executed="True" />
                  <test-case description="Description for the function is filled up" name="Module Pester functions help.The function [New-Fixture] - Help.Description for the function is filled up" time="0.0184" asserts="0" success="True" result="Success" executed="True" />
                  <test-case description="The parameter [Path] contains description" name="Module Pester functions help.The function [New-Fixture] - Help.The parameter [Path] contains description" time="0.0183" asserts="0" success="True" result="Success" executed="True" />
                  <test-case description="The parameter [Name] contains description" name="Module Pester functions help.The function [New-Fixture] - Help.The parameter [Name] contains description" time="0.0236" asserts="0" success="True" result="Success" executed="True" />
                  <test-case description="Example - At least one example exist" name="Module Pester functions help.The function [New-Fixture] - Help.Example - At least one example exist" time="0.0178" asserts="0" success="True" result="Success" executed="True" />
                  <test-case description="Example - remarks on [ EXAMPLE 1 ] are filled up" name="Module Pester functions help.The function [New-Fixture] - Help.Example - remarks on [ EXAMPLE 1 ] are filled up" time="0.0175" asserts="0" success="True" result="Success" executed="True" />
                  <test-case description="Example - remarks on [ EXAMPLE 2 ] are filled up" name="Module Pester functions help.The function [New-Fixture] - Help.Example - remarks on [ EXAMPLE 2 ] are filled up" time="0.0199" asserts="0" success="True" result="Success" executed="True" />
                  <test-case description="Example - remarks on [ EXAMPLE 3 ] are filled up" name="Module Pester functions help.The function [New-Fixture] - Help.Example - remarks on [ EXAMPLE 3 ] are filled up" time="0.018" asserts="0" success="True" result="Success" executed="True" />
                </results>
              </test-suite>
              <test-suite type="TestFixture" name="The function [New-MockObject] - Help" executed="True" result="Success" success="True" time="0.1898" asserts="0" description="The function [New-MockObject] - Help">
                <results>
                  <test-case description="Synopsis for the function is filled up" name="Module Pester functions help.The function [New-MockObject] - Help.Synopsis for the function is filled up" time="0.1277" asserts="0" success="True" result="Success" executed="True" />
                  <test-case description="Description for the function is filled up" name="Module Pester functions help.The function [New-MockObject] - Help.Description for the function is filled up" time="0.0167" asserts="0" success="True" result="Success" executed="True" />
                  <test-case description="The parameter [Type] contains description" name="Module Pester functions help.The function [New-MockObject] - Help.The parameter [Type] contains description" time="0.017" asserts="0" success="True" result="Success" executed="True" />
                  <test-case description="Example - At least one example exist" name="Module Pester functions help.The function [New-MockObject] - Help.Example - At least one example exist" time="0.0148" asserts="0" success="True" result="Success" executed="True" />
                  <test-case description="Example - remarks on [ EXAMPLE 1 ] are filled up" name="Module Pester functions help.The function [New-MockObject] - Help.Example - remarks on [ EXAMPLE 1 ] are filled up" time="0.0136" asserts="0" success="True" result="Success" executed="True" />
                </results>
              </test-suite>
              <test-suite type="TestFixture" name="The function [New-PesterOption] - Help" executed="True" result="Success" success="True" time="0.2104" asserts="0" description="The function [New-PesterOption] - Help">
                <results>
                  <test-case description="Synopsis for the function is filled up" name="Module Pester functions help.The function [New-PesterOption] - Help.Synopsis for the function is filled up" time="0.1253" asserts="0" success="True" result="Success" executed="True" />
                  <test-case description="Description for the function is filled up" name="Module Pester functions help.The function [New-PesterOption] - Help.Description for the function is filled up" time="0.0174" asserts="0" success="True" result="Success" executed="True" />
                  <test-case description="The parameter [IncludeVSCodeMarker] contains description" name="Module Pester functions help.The function [New-PesterOption] - Help.The parameter [IncludeVSCodeMarker] contains description" time="0.0171" asserts="0" success="True" result="Success" executed="True" />
                  <test-case description="The parameter [TestSuiteName] contains description" name="Module Pester functions help.The function [New-PesterOption] - Help.The parameter [TestSuiteName] contains description" time="0.0155" asserts="0" success="True" result="Success" executed="True" />
                  <test-case description="Example - At least one example exist" name="Module Pester functions help.The function [New-PesterOption] - Help.Example - At least one example exist" time="0.0177" asserts="0" success="True" result="Success" executed="True" />
                  <test-case description="Example - remarks on [ EXAMPLE 1 ] are filled up" name="Module Pester functions help.The function [New-PesterOption] - Help.Example - remarks on [ EXAMPLE 1 ] are filled up" time="0.0174" asserts="0" success="True" result="Success" executed="True" />
                </results>
              </test-suite>
              <test-suite type="TestFixture" name="The function [SafeGetCommand] - Help" executed="True" result="Success" success="True" time="0.0734" asserts="0" description="The function [SafeGetCommand] - Help">
                <results>
                  <test-case description="Synopsis for the function is filled up" name="Module Pester functions help.The function [SafeGetCommand] - Help.Synopsis for the function is filled up" time="0.0734" asserts="0" success="True" result="Success" executed="True" />
                </results>
              </test-suite>
              <test-suite type="TestFixture" name="The function [Set-DynamicParameterVariable] - Help" executed="True" result="Success" success="True" time="0.1276" asserts="0" description="The function [Set-DynamicParameterVariable] - Help">
                <results>
                  <test-case description="Synopsis for the function is filled up" name="Module Pester functions help.The function [Set-DynamicParameterVariable] - Help.Synopsis for the function is filled up" time="0.1276" asserts="0" success="True" result="Success" executed="True" />
                </results>
              </test-suite>
              <test-suite type="TestFixture" name="The function [Set-TestInconclusive] - Help" executed="True" result="Success" success="True" time="0.2149" asserts="0" description="The function [Set-TestInconclusive] - Help">
                <results>
                  <test-case description="Synopsis for the function is filled up" name="Module Pester functions help.The function [Set-TestInconclusive] - Help.Synopsis for the function is filled up" time="0.1633" asserts="0" success="True" result="Success" executed="True" />
                  <test-case description="Description for the function is filled up" name="Module Pester functions help.The function [Set-TestInconclusive] - Help.Description for the function is filled up" time="0.0116" asserts="0" success="True" result="Success" executed="True" />
                  <test-case description="The parameter [Message] contains description" name="Module Pester functions help.The function [Set-TestInconclusive] - Help.The parameter [Message] contains description" time="0.0124" asserts="0" success="True" result="Success" executed="True" />
                  <test-case description="Example - At least one example exist" name="Module Pester functions help.The function [Set-TestInconclusive] - Help.Example - At least one example exist" time="0.0124" asserts="0" success="True" result="Success" executed="True" />
                  <test-case description="Example - remarks on [ EXAMPLE 1 ] are filled up" name="Module Pester functions help.The function [Set-TestInconclusive] - Help.Example - remarks on [ EXAMPLE 1 ] are filled up" time="0.0152" asserts="0" success="True" result="Success" executed="True" />
                </results>
              </test-suite>
              <test-suite type="TestFixture" name="The function [Setup] - Help" executed="True" result="Success" success="True" time="0.0628" asserts="0" description="The function [Setup] - Help">
                <results>
                  <test-case description="Synopsis for the function is filled up" name="Module Pester functions help.The function [Setup] - Help.Synopsis for the function is filled up" time="0.0628" asserts="0" success="True" result="Success" executed="True" />
                </results>
              </test-suite>
              <test-suite type="TestFixture" name="The function [Should] - Help" executed="True" result="Success" success="True" time="0.0834" asserts="0" description="The function [Should] - Help">
                <results>
                  <test-case description="Synopsis for the function is filled up" name="Module Pester functions help.The function [Should] - Help.Synopsis for the function is filled up" time="0.0728" asserts="0" success="True" result="Success" executed="True" />
                  <test-case description="Description for the function is filled up" name="Module Pester functions help.The function [Should] - Help.Description for the function is filled up" time="0.0106" asserts="0" success="True" result="Success" executed="True" />
                </results>
              </test-suite>
            </results>
          </test-suite>
          <test-suite type="TestFixture" name="Contain-AnyStringLike" executed="True" result="Success" success="True" time="0.355" asserts="0" description="Contain-AnyStringLike">
            <results>
              <test-suite type="ParameterizedTest" name="Contain-AnyStringLike.Given a filter &lt;filter&gt; that does not match any items in collection &lt;collection&gt; it returns $false" executed="True" result="Success" success="True" time="0.2271" asserts="0" description="Given a filter &lt;filter&gt; that does not match any items in collection &lt;collection&gt; it returns $false">
                <results>
                  <test-case description="Given a filter Unit that does not match any items in collection Integration it returns $false" name="Contain-AnyStringLike.Given a filter Unit that does not match any items in collection Integration it returns $false" time="0.1437" asserts="0" success="True" result="Success" executed="True" />
                  <test-case description="Given a filter *Unit* that does not match any items in collection Integration it returns $false" name="Contain-AnyStringLike.Given a filter *Unit* that does not match any items in collection Integration it returns $false" time="0.0133" asserts="0" success="True" result="Success" executed="True" />
                  <test-case description="Given a filter @('*Unit*', 'IntegrationTest') that does not match any items in collection Integration it returns $false" name="Contain-AnyStringLike.Given a filter @('*Unit*', 'IntegrationTest') that does not match any items in collection Integration it returns $false" time="0.0156" asserts="0" success="True" result="Success" executed="True" />
                  <test-case description="Given a filter Unit that does not match any items in collection @('Low', 'Medium', 'High') it returns $false" name="Contain-AnyStringLike.Given a filter Unit that does not match any items in collection @('Low', 'Medium', 'High') it returns $false" time="0.0149" asserts="0" success="True" result="Success" executed="True" />
                  <test-case description="Given a filter *Unit* that does not match any items in collection @('Low', 'Medium', 'High') it returns $false" name="Contain-AnyStringLike.Given a filter *Unit* that does not match any items in collection @('Low', 'Medium', 'High') it returns $false" time="0.0396" asserts="0" success="True" result="Success" executed="True" />
                </results>
              </test-suite>
              <test-suite type="ParameterizedTest" name="Contain-AnyStringLike.Given a filter &lt;filter&gt; that matches one or more items in collection &lt;collection&gt; it returns $true" executed="True" result="Success" success="True" time="0.1279" asserts="0" description="Given a filter &lt;filter&gt; that matches one or more items in collection &lt;collection&gt; it returns $true">
                <results>
                  <test-case description="Given a filter Unit that matches one or more items in collection Unit it returns $true" name="Contain-AnyStringLike.Given a filter Unit that matches one or more items in collection Unit it returns $true" time="0.034" asserts="0" success="True" result="Success" executed="True" />
                  <test-case description="Given a filter *Unit* that matches one or more items in collection UnitTest it returns $true" name="Contain-AnyStringLike.Given a filter *Unit* that matches one or more items in collection UnitTest it returns $true" time="0.0158" asserts="0" success="True" result="Success" executed="True" />
                  <test-case description="Given a filter @('UnitTest', 'IntegrationTest') that matches one or more items in collection UnitTest it returns $true" name="Contain-AnyStringLike.Given a filter @('UnitTest', 'IntegrationTest') that matches one or more items in collection UnitTest it returns $true" time="0.0207" asserts="0" success="True" result="Success" executed="True" />
                  <test-case description="Given a filter Low that matches one or more items in collection @('Low', 'Medium', 'High') it returns $true" name="Contain-AnyStringLike.Given a filter Low that matches one or more items in collection @('Low', 'Medium', 'High') it returns $true" time="0.0174" asserts="0" success="True" result="Success" executed="True" />
                  <test-case description="Given a filter @('Low', 'Medium') that matches one or more items in collection @('Low', 'Medium', 'High') it returns $true" name="Contain-AnyStringLike.Given a filter @('Low', 'Medium') that matches one or more items in collection @('Low', 'Medium', 'High') it returns $true" time="0.0178" asserts="0" success="True" result="Success" executed="True" />
                  <test-case description="Given a filter l* that matches one or more items in collection @('Low', 'Medium', 'High') it returns $true" name="Contain-AnyStringLike.Given a filter l* that matches one or more items in collection @('Low', 'Medium', 'High') it returns $true" time="0.0222" asserts="0" success="True" result="Success" executed="True" />
                </results>
              </test-suite>
            </results>
          </test-suite>
          <test-suite type="TestFixture" name="Invoke-Pester happy path returns only test results" executed="True" result="Success" success="True" time="0.6715" asserts="0" description="Invoke-Pester happy path returns only test results">
            <results>
              <test-case description="Should swallow test output with -PassThru" name="Invoke-Pester happy path returns only test results.Should swallow test output with -PassThru" time="0.4121" asserts="0" success="True" result="Success" executed="True" />
              <test-case description="Should swallow test output without -PassThru" name="Invoke-Pester happy path returns only test results.Should swallow test output without -PassThru" time="0.2594" asserts="0" success="True" result="Success" executed="True" />
            </results>
          </test-suite>
          <test-suite type="TestFixture" name="Invoke-Pester swallows pipeline output from system-under-test" executed="True" result="Success" success="True" time="0.6861" asserts="0" description="Invoke-Pester swallows pipeline output from system-under-test">
            <results>
              <test-case description="Should swallow test output with -PassThru" name="Invoke-Pester swallows pipeline output from system-under-test.Should swallow test output with -PassThru" time="0.5229" asserts="0" success="True" result="Success" executed="True" />
              <test-case description="Should swallow test output without -PassThru" name="Invoke-Pester swallows pipeline output from system-under-test.Should swallow test output without -PassThru" time="0.1632" asserts="0" success="True" result="Success" executed="True" />
            </results>
          </test-suite>
          <test-suite type="TestFixture" name="Invoke-Pester swallows pipeline output from test script" executed="True" result="Success" success="True" time="0.6116" asserts="0" description="Invoke-Pester swallows pipeline output from test script">
            <results>
              <test-case description="Should swallow test output with -PassThru" name="Invoke-Pester swallows pipeline output from test script.Should swallow test output with -PassThru" time="0.3933" asserts="0" success="True" result="Success" executed="True" />
              <test-case description="Should swallow test output without -PassThru" name="Invoke-Pester swallows pipeline output from test script.Should swallow test output without -PassThru" time="0.2183" asserts="0" success="True" result="Success" executed="True" />
            </results>
          </test-suite>
        </results>
      </test-suite>
      <test-suite type="TestFixture" name="D:\_Studium\zSemester5\SA\GitRepo\SourceCode\SRI\FindEventLogs\GetAndCompareEvents.Tests.ps1" executed="True" result="Failure" success="False" time="3.9538" asserts="0" description="D:\_Studium\zSemester5\SA\GitRepo\SourceCode\SRI\FindEventLogs\GetAndCompareEvents.Tests.ps1">
        <results>
          <test-suite type="TestFixture" name="Get-EventLog -LogName System" executed="True" result="Success" success="True" time="3.817" asserts="0" description="Get-EventLog -LogName System">
            <results>
              <test-case description="Reads the System Logs" name="Get-EventLog -LogName System.Reads the System Logs" time="3.817" asserts="0" success="True" result="Success" executed="True" />
            </results>
          </test-suite>
          <test-suite type="TestFixture" name="GetAndExportEventLogs" executed="True" result="Success" success="True" time="0.0651" asserts="0" description="GetAndExportEventLogs">
            <results>
              <test-case description="Tests the function GetAndExportEventLogs" name="GetAndExportEventLogs.Tests the function GetAndExportEventLogs" time="0.0651" asserts="0" success="True" result="Success" executed="True" />
            </results>
          </test-suite>
          <test-suite type="TestFixture" name="Test File" executed="True" result="Failure" success="False" time="0.0717" asserts="0" description="Test File">
            <results>
              <test-case description="tests if the events file is availabale" name="Test File.tests if the events file is availabale" time="0.0717" asserts="0" success="False" result="Failure" executed="True">
                <failure>
                  <message>Expected path 'D:\_Studium\zSemester5\SA\GitRepo\SourceCode\myevents.csv' to exist, but it did not exist.</message>
                  <stack-trace>at &lt;ScriptBlock&gt;, D:\_Studium\zSemester5\SA\GitRepo\SourceCode\SRI\FindEventLogs\GetAndCompareEvents.Tests.ps1: line 20
20:     $exportFile | Should -Exist</stack-trace>
                </failure>
              </test-case>
            </results>
          </test-suite>
        </results>
      </test-suite>
      <test-suite type="TestFixture" name="D:\_Studium\zSemester5\SA\GitRepo\SourceCode\SRI\FindEventLogs\GetAndCompareEventsAsFunctions.Tests.ps1" executed="True" result="Failure" success="False" time="4.031" asserts="0" description="D:\_Studium\zSemester5\SA\GitRepo\SourceCode\SRI\FindEventLogs\GetAndCompareEventsAsFunctions.Tests.ps1">
        <results>
          <test-suite type="TestFixture" name="Get-EventLog -LogName System" executed="True" result="Success" success="True" time="3.7705" asserts="0" description="Get-EventLog -LogName System">
            <results>
              <test-case description="Reads the System Logs" name="Get-EventLog -LogName System.Reads the System Logs" time="3.7705" asserts="0" success="True" result="Success" executed="True" />
            </results>
          </test-suite>
          <test-suite type="TestFixture" name="ImportCompareExport" executed="True" result="Failure" success="False" time="0.1913" asserts="0" description="ImportCompareExport">
            <results>
              <test-case description="Tests the function ImportCompareExport" name="ImportCompareExport.Tests the function ImportCompareExport" time="0.1913" asserts="0" success="False" result="Failure" executed="True">
                <failure>
                  <message>The term 'ImportCompareExport' is not recognized as the name of a cmdlet, function, script file, or operable program. Check the spelling of the name, or if a path was included, verify that the path is correct and try again.</message>
                  <stack-trace>at &lt;ScriptBlock&gt;, D:\_Studium\zSemester5\SA\GitRepo\SourceCode\SRI\FindEventLogs\GetAndCompareEventsAsFunctions.Tests.ps1: line 22
22:     ImportCompareExport $exportFile $myEvents $xmlWriter $idsToCheck
</stack-trace>
                </failure>
              </test-case>
            </results>
          </test-suite>
          <test-suite type="TestFixture" name="Test File" executed="True" result="Failure" success="False" time="0.0693" asserts="0" description="Test File">
            <results>
              <test-case description="tests if the events file is availabale" name="Test File.tests if the events file is availabale" time="0.0693" asserts="0" success="False" result="Failure" executed="True">
                <failure>
                  <message>Expected path 'D:\_Studium\zSemester5\SA\GitRepo\SourceCode\myevents.csv' to exist, but it did not exist.</message>
                  <stack-trace>at &lt;ScriptBlock&gt;, D:\_Studium\zSemester5\SA\GitRepo\SourceCode\SRI\FindEventLogs\GetAndCompareEventsAsFunctions.Tests.ps1: line 30
30:     $exportFile | Should -Exist</stack-trace>
                </failure>
              </test-case>
            </results>
          </test-suite>
        </results>
      </test-suite>
      <test-suite type="TestFixture" name="D:\_Studium\zSemester5\SA\GitRepo\SourceCode\Trial\GetAndCompare\GetAndCompareEvents.Tests.ps1" executed="True" result="Failure" success="False" time="3.4745" asserts="0" description="D:\_Studium\zSemester5\SA\GitRepo\SourceCode\Trial\GetAndCompare\GetAndCompareEvents.Tests.ps1">
        <results>
          <test-suite type="TestFixture" name="Get-EventLog -LogName System" executed="True" result="Success" success="True" time="3.382" asserts="0" description="Get-EventLog -LogName System">
            <results>
              <test-case description="Reads the System Logs" name="Get-EventLog -LogName System.Reads the System Logs" time="3.382" asserts="0" success="True" result="Success" executed="True" />
            </results>
          </test-suite>
          <test-suite type="TestFixture" name="GetAndExportEventLogs" executed="True" result="Success" success="True" time="0.0397" asserts="0" description="GetAndExportEventLogs">
            <results>
              <test-case description="Tests the function GetAndExportEventLogs" name="GetAndExportEventLogs.Tests the function GetAndExportEventLogs" time="0.0397" asserts="0" success="True" result="Success" executed="True" />
            </results>
          </test-suite>
          <test-suite type="TestFixture" name="Test File" executed="True" result="Failure" success="False" time="0.0528" asserts="0" description="Test File">
            <results>
              <test-case description="tests if the events file is availabale" name="Test File.tests if the events file is availabale" time="0.0528" asserts="0" success="False" result="Failure" executed="True">
                <failure>
                  <message>Expected path 'D:\_Studium\zSemester5\SA\GitRepo\SourceCode\myevents.csv' to exist, but it did not exist.</message>
                  <stack-trace>at &lt;ScriptBlock&gt;, D:\_Studium\zSemester5\SA\GitRepo\SourceCode\Trial\GetAndCompare\GetAndCompareEvents.Tests.ps1: line 20
20:     $exportFile | Should -Exist</stack-trace>
                </failure>
              </test-case>
            </results>
          </test-suite>
        </results>
      </test-suite>
      <test-suite type="TestFixture" name="D:\_Studium\zSemester5\SA\GitRepo\SourceCode\Trial\GetAndCompare\GetAndCompareEventsAsFunctions.Tests.ps1" executed="True" result="Failure" success="False" time="0.1357" asserts="0" description="D:\_Studium\zSemester5\SA\GitRepo\SourceCode\Trial\GetAndCompare\GetAndCompareEventsAsFunctions.Tests.ps1">
        <results>
          <test-case description="Error occurred in test script 'D:\_Studium\zSemester5\SA\GitRepo\SourceCode\Trial\GetAndCompare\GetAndCompareEventsAsFunctions.Tests.ps1'" name="Error occurred in test script 'D:\_Studium\zSemester5\SA\GitRepo\SourceCode\Trial\GetAndCompare\GetAndCompareEventsAsFunctions.Tests.ps1'" time="0.1357" asserts="0" success="False" result="Failure" executed="True">
            <failure>
              <message>Exception calling ".ctor" with "2" argument(s): "The process cannot access the file 'C:\Windows\system32\resultOfEventLogs.xml' because it is being used by another process."</message>
              <stack-trace>at &lt;ScriptBlock&gt;, D:\_Studium\zSemester5\SA\GitRepo\SourceCode\Trial\GetAndCompare\GetAndCompareEventsAsFunctions.Tests.ps1: line 12</stack-trace>
            </failure>
          </test-case>
        </results>
      </test-suite>
    </results>
  </test-suite>
</test-results>